CRITICAL - 2023-10-13 03:32:34 --> You must set the database table to be used with your query.
in SYSTEMPATH\Database\BaseConnection.php on line 883.
 1 SYSTEMPATH\Model.php(635): CodeIgniter\Database\BaseConnection->table('')
 2 SYSTEMPATH\Model.php(230): CodeIgniter\Model->builder()
 3 SYSTEMPATH\BaseModel.php(624): CodeIgniter\Model->doFindAll(0, 0)
 4 APPPATH\Controllers\Medicamentos.php(17): CodeIgniter\BaseModel->findAll()
 5 SYSTEMPATH\CodeIgniter.php(919): App\Controllers\Medicamentos->mostrar()
 6 SYSTEMPATH\CodeIgniter.php(494): CodeIgniter\CodeIgniter->runController(Object(App\Controllers\Medicamentos))
 7 SYSTEMPATH\CodeIgniter.php(353): CodeIgniter\CodeIgniter->handleRequest(null, Object(Config\Cache), false)
 8 FCPATH\index.php(79): CodeIgniter\CodeIgniter->run()
 9 SYSTEMPATH\Commands\Server\rewrite.php(47): require_once('C:\\xampp\\htdocs\\Veterinaria\\public\\index.php')
CRITICAL - 2023-10-13 03:33:37 --> You must set the database table to be used with your query.
in SYSTEMPATH\Database\BaseConnection.php on line 883.
 1 SYSTEMPATH\Model.php(635): CodeIgniter\Database\BaseConnection->table('')
 2 SYSTEMPATH\Model.php(230): CodeIgniter\Model->builder()
 3 SYSTEMPATH\BaseModel.php(624): CodeIgniter\Model->doFindAll(0, 0)
 4 APPPATH\Controllers\Medicamentos.php(17): CodeIgniter\BaseModel->findAll()
 5 SYSTEMPATH\CodeIgniter.php(919): App\Controllers\Medicamentos->mostrar()
 6 SYSTEMPATH\CodeIgniter.php(494): CodeIgniter\CodeIgniter->runController(Object(App\Controllers\Medicamentos))
 7 SYSTEMPATH\CodeIgniter.php(353): CodeIgniter\CodeIgniter->handleRequest(null, Object(Config\Cache), false)
 8 FCPATH\index.php(79): CodeIgniter\CodeIgniter->run()
 9 SYSTEMPATH\Commands\Server\rewrite.php(47): require_once('C:\\xampp\\htdocs\\Veterinaria\\public\\index.php')
CRITICAL - 2023-10-13 03:33:38 --> You must set the database table to be used with your query.
in SYSTEMPATH\Database\BaseConnection.php on line 883.
 1 SYSTEMPATH\Model.php(635): CodeIgniter\Database\BaseConnection->table('')
 2 SYSTEMPATH\Model.php(230): CodeIgniter\Model->builder()
 3 SYSTEMPATH\BaseModel.php(624): CodeIgniter\Model->doFindAll(0, 0)
 4 APPPATH\Controllers\Medicamentos.php(17): CodeIgniter\BaseModel->findAll()
 5 SYSTEMPATH\CodeIgniter.php(919): App\Controllers\Medicamentos->mostrar()
 6 SYSTEMPATH\CodeIgniter.php(494): CodeIgniter\CodeIgniter->runController(Object(App\Controllers\Medicamentos))
 7 SYSTEMPATH\CodeIgniter.php(353): CodeIgniter\CodeIgniter->handleRequest(null, Object(Config\Cache), false)
 8 FCPATH\index.php(79): CodeIgniter\CodeIgniter->run()
 9 SYSTEMPATH\Commands\Server\rewrite.php(47): require_once('C:\\xampp\\htdocs\\Veterinaria\\public\\index.php')
CRITICAL - 2023-10-13 03:34:32 --> You must set the database table to be used with your query.
in SYSTEMPATH\Database\BaseConnection.php on line 883.
 1 SYSTEMPATH\Model.php(635): CodeIgniter\Database\BaseConnection->table('')
 2 SYSTEMPATH\Model.php(230): CodeIgniter\Model->builder()
 3 SYSTEMPATH\BaseModel.php(624): CodeIgniter\Model->doFindAll(0, 0)
 4 APPPATH\Controllers\Medicamentos.php(17): CodeIgniter\BaseModel->findAll()
 5 SYSTEMPATH\CodeIgniter.php(919): App\Controllers\Medicamentos->mostrar()
 6 SYSTEMPATH\CodeIgniter.php(494): CodeIgniter\CodeIgniter->runController(Object(App\Controllers\Medicamentos))
 7 SYSTEMPATH\CodeIgniter.php(353): CodeIgniter\CodeIgniter->handleRequest(null, Object(Config\Cache), false)
 8 FCPATH\index.php(79): CodeIgniter\CodeIgniter->run()
 9 SYSTEMPATH\Commands\Server\rewrite.php(47): require_once('C:\\xampp\\htdocs\\Veterinaria\\public\\index.php')
CRITICAL - 2023-10-13 03:34:32 --> You must set the database table to be used with your query.
in SYSTEMPATH\Database\BaseConnection.php on line 883.
 1 SYSTEMPATH\Model.php(635): CodeIgniter\Database\BaseConnection->table('')
 2 SYSTEMPATH\Model.php(230): CodeIgniter\Model->builder()
 3 SYSTEMPATH\BaseModel.php(624): CodeIgniter\Model->doFindAll(0, 0)
 4 APPPATH\Controllers\Medicamentos.php(17): CodeIgniter\BaseModel->findAll()
 5 SYSTEMPATH\CodeIgniter.php(919): App\Controllers\Medicamentos->mostrar()
 6 SYSTEMPATH\CodeIgniter.php(494): CodeIgniter\CodeIgniter->runController(Object(App\Controllers\Medicamentos))
 7 SYSTEMPATH\CodeIgniter.php(353): CodeIgniter\CodeIgniter->handleRequest(null, Object(Config\Cache), false)
 8 FCPATH\index.php(79): CodeIgniter\CodeIgniter->run()
 9 SYSTEMPATH\Commands\Server\rewrite.php(47): require_once('C:\\xampp\\htdocs\\Veterinaria\\public\\index.php')
CRITICAL - 2023-10-13 03:35:05 --> You must set the database table to be used with your query.
in SYSTEMPATH\Database\BaseConnection.php on line 883.
 1 SYSTEMPATH\Model.php(635): CodeIgniter\Database\BaseConnection->table('')
 2 SYSTEMPATH\Model.php(230): CodeIgniter\Model->builder()
 3 SYSTEMPATH\BaseModel.php(624): CodeIgniter\Model->doFindAll(0, 0)
 4 APPPATH\Controllers\Medicamentos.php(17): CodeIgniter\BaseModel->findAll()
 5 SYSTEMPATH\CodeIgniter.php(919): App\Controllers\Medicamentos->mostrar()
 6 SYSTEMPATH\CodeIgniter.php(494): CodeIgniter\CodeIgniter->runController(Object(App\Controllers\Medicamentos))
 7 SYSTEMPATH\CodeIgniter.php(353): CodeIgniter\CodeIgniter->handleRequest(null, Object(Config\Cache), false)
 8 FCPATH\index.php(79): CodeIgniter\CodeIgniter->run()
 9 SYSTEMPATH\Commands\Server\rewrite.php(47): require_once('C:\\xampp\\htdocs\\Veterinaria\\public\\index.php')
CRITICAL - 2023-10-13 03:35:06 --> You must set the database table to be used with your query.
in SYSTEMPATH\Database\BaseConnection.php on line 883.
 1 SYSTEMPATH\Model.php(635): CodeIgniter\Database\BaseConnection->table('')
 2 SYSTEMPATH\Model.php(230): CodeIgniter\Model->builder()
 3 SYSTEMPATH\BaseModel.php(624): CodeIgniter\Model->doFindAll(0, 0)
 4 APPPATH\Controllers\Medicamentos.php(17): CodeIgniter\BaseModel->findAll()
 5 SYSTEMPATH\CodeIgniter.php(919): App\Controllers\Medicamentos->mostrar()
 6 SYSTEMPATH\CodeIgniter.php(494): CodeIgniter\CodeIgniter->runController(Object(App\Controllers\Medicamentos))
 7 SYSTEMPATH\CodeIgniter.php(353): CodeIgniter\CodeIgniter->handleRequest(null, Object(Config\Cache), false)
 8 FCPATH\index.php(79): CodeIgniter\CodeIgniter->run()
 9 SYSTEMPATH\Commands\Server\rewrite.php(47): require_once('C:\\xampp\\htdocs\\Veterinaria\\public\\index.php')
CRITICAL - 2023-10-13 03:36:34 --> Undefined variable $data
in APPPATH\Controllers\Medicamentos.php on line 19.
 1 APPPATH\Controllers\Medicamentos.php(19): CodeIgniter\Debug\Exceptions->errorHandler(2, 'Undefined variable $data', 'C:\\xampp\\htdocs\\Veterinaria\\app\\Controllers\\Medicamentos.php', 19)
 2 SYSTEMPATH\CodeIgniter.php(919): App\Controllers\Medicamentos->mostrar()
 3 SYSTEMPATH\CodeIgniter.php(494): CodeIgniter\CodeIgniter->runController(Object(App\Controllers\Medicamentos))
 4 SYSTEMPATH\CodeIgniter.php(353): CodeIgniter\CodeIgniter->handleRequest(null, Object(Config\Cache), false)
 5 FCPATH\index.php(79): CodeIgniter\CodeIgniter->run()
 6 SYSTEMPATH\Commands\Server\rewrite.php(47): require_once('C:\\xampp\\htdocs\\Veterinaria\\public\\index.php')
CRITICAL - 2023-10-13 03:36:35 --> Undefined variable $data
in APPPATH\Controllers\Medicamentos.php on line 19.
 1 APPPATH\Controllers\Medicamentos.php(19): CodeIgniter\Debug\Exceptions->errorHandler(2, 'Undefined variable $data', 'C:\\xampp\\htdocs\\Veterinaria\\app\\Controllers\\Medicamentos.php', 19)
 2 SYSTEMPATH\CodeIgniter.php(919): App\Controllers\Medicamentos->mostrar()
 3 SYSTEMPATH\CodeIgniter.php(494): CodeIgniter\CodeIgniter->runController(Object(App\Controllers\Medicamentos))
 4 SYSTEMPATH\CodeIgniter.php(353): CodeIgniter\CodeIgniter->handleRequest(null, Object(Config\Cache), false)
 5 FCPATH\index.php(79): CodeIgniter\CodeIgniter->run()
 6 SYSTEMPATH\Commands\Server\rewrite.php(47): require_once('C:\\xampp\\htdocs\\Veterinaria\\public\\index.php')
CRITICAL - 2023-10-13 03:37:07 --> Undefined variable $medicamentos
in APPPATH\Views\medicamentos\mostrar.php on line 16.
 1 APPPATH\Views\medicamentos\mostrar.php(16): CodeIgniter\Debug\Exceptions->errorHandler(2, 'Undefined variable $medicamentos', 'C:\\xampp\\htdocs\\Veterinaria\\app\\Views\\medicamentos\\mostrar.php', 16)
 2 SYSTEMPATH\View\View.php(226): include('C:\\xampp\\htdocs\\Veterinaria\\app\\Views\\medicamentos\\mostrar.php')
 3 SYSTEMPATH\View\View.php(229): CodeIgniter\View\View->CodeIgniter\View\{closure}()
 4 SYSTEMPATH\Common.php(1188): CodeIgniter\View\View->render('medicamentos/mostrar', [], true)
 5 APPPATH\Controllers\Medicamentos.php(19): view('medicamentos/mostrar')
 6 SYSTEMPATH\CodeIgniter.php(919): App\Controllers\Medicamentos->mostrar()
 7 SYSTEMPATH\CodeIgniter.php(494): CodeIgniter\CodeIgniter->runController(Object(App\Controllers\Medicamentos))
 8 SYSTEMPATH\CodeIgniter.php(353): CodeIgniter\CodeIgniter->handleRequest(null, Object(Config\Cache), false)
 9 FCPATH\index.php(79): CodeIgniter\CodeIgniter->run()
10 SYSTEMPATH\Commands\Server\rewrite.php(47): require_once('C:\\xampp\\htdocs\\Veterinaria\\public\\index.php')
CRITICAL - 2023-10-13 03:37:08 --> Undefined variable $medicamentos
in APPPATH\Views\medicamentos\mostrar.php on line 16.
 1 APPPATH\Views\medicamentos\mostrar.php(16): CodeIgniter\Debug\Exceptions->errorHandler(2, 'Undefined variable $medicamentos', 'C:\\xampp\\htdocs\\Veterinaria\\app\\Views\\medicamentos\\mostrar.php', 16)
 2 SYSTEMPATH\View\View.php(226): include('C:\\xampp\\htdocs\\Veterinaria\\app\\Views\\medicamentos\\mostrar.php')
 3 SYSTEMPATH\View\View.php(229): CodeIgniter\View\View->CodeIgniter\View\{closure}()
 4 SYSTEMPATH\Common.php(1188): CodeIgniter\View\View->render('medicamentos/mostrar', [], true)
 5 APPPATH\Controllers\Medicamentos.php(19): view('medicamentos/mostrar')
 6 SYSTEMPATH\CodeIgniter.php(919): App\Controllers\Medicamentos->mostrar()
 7 SYSTEMPATH\CodeIgniter.php(494): CodeIgniter\CodeIgniter->runController(Object(App\Controllers\Medicamentos))
 8 SYSTEMPATH\CodeIgniter.php(353): CodeIgniter\CodeIgniter->handleRequest(null, Object(Config\Cache), false)
 9 FCPATH\index.php(79): CodeIgniter\CodeIgniter->run()
10 SYSTEMPATH\Commands\Server\rewrite.php(47): require_once('C:\\xampp\\htdocs\\Veterinaria\\public\\index.php')
CRITICAL - 2023-10-13 03:49:42 --> Undefined variable $accesorio
in APPPATH\Views\medicamentos\mostrar.php on line 37.
 1 APPPATH\Views\medicamentos\mostrar.php(37): CodeIgniter\Debug\Exceptions->errorHandler(2, 'Undefined variable $accesorio', 'C:\\xampp\\htdocs\\Veterinaria\\app\\Views\\medicamentos\\mostrar.php', 37)
 2 SYSTEMPATH\View\View.php(226): include('C:\\xampp\\htdocs\\Veterinaria\\app\\Views\\medicamentos\\mostrar.php')
 3 SYSTEMPATH\View\View.php(229): CodeIgniter\View\View->CodeIgniter\View\{closure}()
 4 SYSTEMPATH\Common.php(1188): CodeIgniter\View\View->render('medicamentos/mostrar', [], true)
 5 APPPATH\Controllers\Medicamentos.php(19): view('medicamentos/mostrar')
 6 SYSTEMPATH\CodeIgniter.php(919): App\Controllers\Medicamentos->mostrar()
 7 SYSTEMPATH\CodeIgniter.php(494): CodeIgniter\CodeIgniter->runController(Object(App\Controllers\Medicamentos))
 8 SYSTEMPATH\CodeIgniter.php(353): CodeIgniter\CodeIgniter->handleRequest(null, Object(Config\Cache), false)
 9 FCPATH\index.php(79): CodeIgniter\CodeIgniter->run()
10 SYSTEMPATH\Commands\Server\rewrite.php(47): require_once('C:\\xampp\\htdocs\\Veterinaria\\public\\index.php')
CRITICAL - 2023-10-13 03:49:43 --> Undefined variable $accesorio
in APPPATH\Views\medicamentos\mostrar.php on line 37.
 1 APPPATH\Views\medicamentos\mostrar.php(37): CodeIgniter\Debug\Exceptions->errorHandler(2, 'Undefined variable $accesorio', 'C:\\xampp\\htdocs\\Veterinaria\\app\\Views\\medicamentos\\mostrar.php', 37)
 2 SYSTEMPATH\View\View.php(226): include('C:\\xampp\\htdocs\\Veterinaria\\app\\Views\\medicamentos\\mostrar.php')
 3 SYSTEMPATH\View\View.php(229): CodeIgniter\View\View->CodeIgniter\View\{closure}()
 4 SYSTEMPATH\Common.php(1188): CodeIgniter\View\View->render('medicamentos/mostrar', [], true)
 5 APPPATH\Controllers\Medicamentos.php(19): view('medicamentos/mostrar')
 6 SYSTEMPATH\CodeIgniter.php(919): App\Controllers\Medicamentos->mostrar()
 7 SYSTEMPATH\CodeIgniter.php(494): CodeIgniter\CodeIgniter->runController(Object(App\Controllers\Medicamentos))
 8 SYSTEMPATH\CodeIgniter.php(353): CodeIgniter\CodeIgniter->handleRequest(null, Object(Config\Cache), false)
 9 FCPATH\index.php(79): CodeIgniter\CodeIgniter->run()
10 SYSTEMPATH\Commands\Server\rewrite.php(47): require_once('C:\\xampp\\htdocs\\Veterinaria\\public\\index.php')
CRITICAL - 2023-10-13 03:49:44 --> Undefined variable $accesorio
in APPPATH\Views\medicamentos\mostrar.php on line 37.
 1 APPPATH\Views\medicamentos\mostrar.php(37): CodeIgniter\Debug\Exceptions->errorHandler(2, 'Undefined variable $accesorio', 'C:\\xampp\\htdocs\\Veterinaria\\app\\Views\\medicamentos\\mostrar.php', 37)
 2 SYSTEMPATH\View\View.php(226): include('C:\\xampp\\htdocs\\Veterinaria\\app\\Views\\medicamentos\\mostrar.php')
 3 SYSTEMPATH\View\View.php(229): CodeIgniter\View\View->CodeIgniter\View\{closure}()
 4 SYSTEMPATH\Common.php(1188): CodeIgniter\View\View->render('medicamentos/mostrar', [], true)
 5 APPPATH\Controllers\Medicamentos.php(19): view('medicamentos/mostrar')
 6 SYSTEMPATH\CodeIgniter.php(919): App\Controllers\Medicamentos->mostrar()
 7 SYSTEMPATH\CodeIgniter.php(494): CodeIgniter\CodeIgniter->runController(Object(App\Controllers\Medicamentos))
 8 SYSTEMPATH\CodeIgniter.php(353): CodeIgniter\CodeIgniter->handleRequest(null, Object(Config\Cache), false)
 9 FCPATH\index.php(79): CodeIgniter\CodeIgniter->run()
10 SYSTEMPATH\Commands\Server\rewrite.php(47): require_once('C:\\xampp\\htdocs\\Veterinaria\\public\\index.php')
CRITICAL - 2023-10-13 03:49:44 --> Undefined variable $accesorio
in APPPATH\Views\medicamentos\mostrar.php on line 37.
 1 APPPATH\Views\medicamentos\mostrar.php(37): CodeIgniter\Debug\Exceptions->errorHandler(2, 'Undefined variable $accesorio', 'C:\\xampp\\htdocs\\Veterinaria\\app\\Views\\medicamentos\\mostrar.php', 37)
 2 SYSTEMPATH\View\View.php(226): include('C:\\xampp\\htdocs\\Veterinaria\\app\\Views\\medicamentos\\mostrar.php')
 3 SYSTEMPATH\View\View.php(229): CodeIgniter\View\View->CodeIgniter\View\{closure}()
 4 SYSTEMPATH\Common.php(1188): CodeIgniter\View\View->render('medicamentos/mostrar', [], true)
 5 APPPATH\Controllers\Medicamentos.php(19): view('medicamentos/mostrar')
 6 SYSTEMPATH\CodeIgniter.php(919): App\Controllers\Medicamentos->mostrar()
 7 SYSTEMPATH\CodeIgniter.php(494): CodeIgniter\CodeIgniter->runController(Object(App\Controllers\Medicamentos))
 8 SYSTEMPATH\CodeIgniter.php(353): CodeIgniter\CodeIgniter->handleRequest(null, Object(Config\Cache), false)
 9 FCPATH\index.php(79): CodeIgniter\CodeIgniter->run()
10 SYSTEMPATH\Commands\Server\rewrite.php(47): require_once('C:\\xampp\\htdocs\\Veterinaria\\public\\index.php')
CRITICAL - 2023-10-13 04:10:18 --> Invalid file: "home/inicio.php"
in SYSTEMPATH\Exceptions\FrameworkException.php on line 39.
 1 SYSTEMPATH\View\View.php(214): CodeIgniter\Exceptions\FrameworkException::forInvalidFile('home/inicio.php')
 2 SYSTEMPATH\Common.php(1188): CodeIgniter\View\View->render('home/inicio', [], true)
 3 APPPATH\Controllers\Inicio.php(11): view('home/inicio')
 4 SYSTEMPATH\CodeIgniter.php(919): App\Controllers\Inicio->index()
 5 SYSTEMPATH\CodeIgniter.php(494): CodeIgniter\CodeIgniter->runController(Object(App\Controllers\Inicio))
 6 SYSTEMPATH\CodeIgniter.php(353): CodeIgniter\CodeIgniter->handleRequest(null, Object(Config\Cache), false)
 7 FCPATH\index.php(79): CodeIgniter\CodeIgniter->run()
 8 SYSTEMPATH\Commands\Server\rewrite.php(47): require_once('C:\\xampp\\htdocs\\Veterinaria\\public\\index.php')
CRITICAL - 2023-10-13 04:11:01 --> Invalid file: "inicio/mostrar.php"
in SYSTEMPATH\Exceptions\FrameworkException.php on line 39.
 1 SYSTEMPATH\View\View.php(214): CodeIgniter\Exceptions\FrameworkException::forInvalidFile('inicio/mostrar.php')
 2 SYSTEMPATH\Common.php(1188): CodeIgniter\View\View->render('inicio/mostrar', [], true)
 3 APPPATH\Controllers\Inicio.php(11): view('inicio/mostrar')
 4 SYSTEMPATH\CodeIgniter.php(919): App\Controllers\Inicio->index()
 5 SYSTEMPATH\CodeIgniter.php(494): CodeIgniter\CodeIgniter->runController(Object(App\Controllers\Inicio))
 6 SYSTEMPATH\CodeIgniter.php(353): CodeIgniter\CodeIgniter->handleRequest(null, Object(Config\Cache), false)
 7 FCPATH\index.php(79): CodeIgniter\CodeIgniter->run()
 8 SYSTEMPATH\Commands\Server\rewrite.php(47): require_once('C:\\xampp\\htdocs\\Veterinaria\\public\\index.php')
CRITICAL - 2023-10-13 04:11:02 --> Invalid file: "inicio/mostrar.php"
in SYSTEMPATH\Exceptions\FrameworkException.php on line 39.
 1 SYSTEMPATH\View\View.php(214): CodeIgniter\Exceptions\FrameworkException::forInvalidFile('inicio/mostrar.php')
 2 SYSTEMPATH\Common.php(1188): CodeIgniter\View\View->render('inicio/mostrar', [], true)
 3 APPPATH\Controllers\Inicio.php(11): view('inicio/mostrar')
 4 SYSTEMPATH\CodeIgniter.php(919): App\Controllers\Inicio->index()
 5 SYSTEMPATH\CodeIgniter.php(494): CodeIgniter\CodeIgniter->runController(Object(App\Controllers\Inicio))
 6 SYSTEMPATH\CodeIgniter.php(353): CodeIgniter\CodeIgniter->handleRequest(null, Object(Config\Cache), false)
 7 FCPATH\index.php(79): CodeIgniter\CodeIgniter->run()
 8 SYSTEMPATH\Commands\Server\rewrite.php(47): require_once('C:\\xampp\\htdocs\\Veterinaria\\public\\index.php')
CRITICAL - 2023-10-13 04:12:08 --> Invalid file: "inicio/mostrar.php"
in SYSTEMPATH\Exceptions\FrameworkException.php on line 39.
 1 SYSTEMPATH\View\View.php(214): CodeIgniter\Exceptions\FrameworkException::forInvalidFile('inicio/mostrar.php')
 2 SYSTEMPATH\Common.php(1188): CodeIgniter\View\View->render('inicio/mostrar', [], true)
 3 APPPATH\Controllers\Inicio.php(11): view('inicio/mostrar')
 4 SYSTEMPATH\CodeIgniter.php(919): App\Controllers\Inicio->index()
 5 SYSTEMPATH\CodeIgniter.php(494): CodeIgniter\CodeIgniter->runController(Object(App\Controllers\Inicio))
 6 SYSTEMPATH\CodeIgniter.php(353): CodeIgniter\CodeIgniter->handleRequest(null, Object(Config\Cache), false)
 7 FCPATH\index.php(79): CodeIgniter\CodeIgniter->run()
 8 SYSTEMPATH\Commands\Server\rewrite.php(47): require_once('C:\\xampp\\htdocs\\Veterinaria\\public\\index.php')
CRITICAL - 2023-10-13 04:12:08 --> Invalid file: "inicio/mostrar.php"
in SYSTEMPATH\Exceptions\FrameworkException.php on line 39.
 1 SYSTEMPATH\View\View.php(214): CodeIgniter\Exceptions\FrameworkException::forInvalidFile('inicio/mostrar.php')
 2 SYSTEMPATH\Common.php(1188): CodeIgniter\View\View->render('inicio/mostrar', [], true)
 3 APPPATH\Controllers\Inicio.php(11): view('inicio/mostrar')
 4 SYSTEMPATH\CodeIgniter.php(919): App\Controllers\Inicio->index()
 5 SYSTEMPATH\CodeIgniter.php(494): CodeIgniter\CodeIgniter->runController(Object(App\Controllers\Inicio))
 6 SYSTEMPATH\CodeIgniter.php(353): CodeIgniter\CodeIgniter->handleRequest(null, Object(Config\Cache), false)
 7 FCPATH\index.php(79): CodeIgniter\CodeIgniter->run()
 8 SYSTEMPATH\Commands\Server\rewrite.php(47): require_once('C:\\xampp\\htdocs\\Veterinaria\\public\\index.php')
CRITICAL - 2023-10-13 04:12:09 --> Invalid file: "inicio/mostrar.php"
in SYSTEMPATH\Exceptions\FrameworkException.php on line 39.
 1 SYSTEMPATH\View\View.php(214): CodeIgniter\Exceptions\FrameworkException::forInvalidFile('inicio/mostrar.php')
 2 SYSTEMPATH\Common.php(1188): CodeIgniter\View\View->render('inicio/mostrar', [], true)
 3 APPPATH\Controllers\Inicio.php(11): view('inicio/mostrar')
 4 SYSTEMPATH\CodeIgniter.php(919): App\Controllers\Inicio->index()
 5 SYSTEMPATH\CodeIgniter.php(494): CodeIgniter\CodeIgniter->runController(Object(App\Controllers\Inicio))
 6 SYSTEMPATH\CodeIgniter.php(353): CodeIgniter\CodeIgniter->handleRequest(null, Object(Config\Cache), false)
 7 FCPATH\index.php(79): CodeIgniter\CodeIgniter->run()
 8 SYSTEMPATH\Commands\Server\rewrite.php(47): require_once('C:\\xampp\\htdocs\\Veterinaria\\public\\index.php')
CRITICAL - 2023-10-13 04:12:09 --> Invalid file: "inicio/mostrar.php"
in SYSTEMPATH\Exceptions\FrameworkException.php on line 39.
 1 SYSTEMPATH\View\View.php(214): CodeIgniter\Exceptions\FrameworkException::forInvalidFile('inicio/mostrar.php')
 2 SYSTEMPATH\Common.php(1188): CodeIgniter\View\View->render('inicio/mostrar', [], true)
 3 APPPATH\Controllers\Inicio.php(11): view('inicio/mostrar')
 4 SYSTEMPATH\CodeIgniter.php(919): App\Controllers\Inicio->index()
 5 SYSTEMPATH\CodeIgniter.php(494): CodeIgniter\CodeIgniter->runController(Object(App\Controllers\Inicio))
 6 SYSTEMPATH\CodeIgniter.php(353): CodeIgniter\CodeIgniter->handleRequest(null, Object(Config\Cache), false)
 7 FCPATH\index.php(79): CodeIgniter\CodeIgniter->run()
 8 SYSTEMPATH\Commands\Server\rewrite.php(47): require_once('C:\\xampp\\htdocs\\Veterinaria\\public\\index.php')
CRITICAL - 2023-10-13 04:12:09 --> Invalid file: "inicio/mostrar.php"
in SYSTEMPATH\Exceptions\FrameworkException.php on line 39.
 1 SYSTEMPATH\View\View.php(214): CodeIgniter\Exceptions\FrameworkException::forInvalidFile('inicio/mostrar.php')
 2 SYSTEMPATH\Common.php(1188): CodeIgniter\View\View->render('inicio/mostrar', [], true)
 3 APPPATH\Controllers\Inicio.php(11): view('inicio/mostrar')
 4 SYSTEMPATH\CodeIgniter.php(919): App\Controllers\Inicio->index()
 5 SYSTEMPATH\CodeIgniter.php(494): CodeIgniter\CodeIgniter->runController(Object(App\Controllers\Inicio))
 6 SYSTEMPATH\CodeIgniter.php(353): CodeIgniter\CodeIgniter->handleRequest(null, Object(Config\Cache), false)
 7 FCPATH\index.php(79): CodeIgniter\CodeIgniter->run()
 8 SYSTEMPATH\Commands\Server\rewrite.php(47): require_once('C:\\xampp\\htdocs\\Veterinaria\\public\\index.php')
CRITICAL - 2023-10-13 04:16:06 --> Invalid file: "inicio/mostrar.php"
in SYSTEMPATH\Exceptions\FrameworkException.php on line 39.
 1 SYSTEMPATH\View\View.php(214): CodeIgniter\Exceptions\FrameworkException::forInvalidFile('inicio/mostrar.php')
 2 SYSTEMPATH\Common.php(1188): CodeIgniter\View\View->render('inicio/mostrar', [], true)
 3 APPPATH\Controllers\Inicio.php(11): view('inicio/mostrar')
 4 SYSTEMPATH\CodeIgniter.php(919): App\Controllers\Inicio->index()
 5 SYSTEMPATH\CodeIgniter.php(494): CodeIgniter\CodeIgniter->runController(Object(App\Controllers\Inicio))
 6 SYSTEMPATH\CodeIgniter.php(353): CodeIgniter\CodeIgniter->handleRequest(null, Object(Config\Cache), false)
 7 FCPATH\index.php(79): CodeIgniter\CodeIgniter->run()
 8 SYSTEMPATH\Commands\Server\rewrite.php(47): require_once('C:\\xampp\\htdocs\\Veterinaria\\public\\index.php')
CRITICAL - 2023-10-13 04:18:05 --> Invalid file: "inicio/inicio.php"
in SYSTEMPATH\Exceptions\FrameworkException.php on line 39.
 1 SYSTEMPATH\View\View.php(214): CodeIgniter\Exceptions\FrameworkException::forInvalidFile('inicio/inicio.php')
 2 SYSTEMPATH\Common.php(1188): CodeIgniter\View\View->render('inicio/inicio', [], true)
 3 APPPATH\Controllers\Inicio.php(11): view('inicio/inicio')
 4 SYSTEMPATH\CodeIgniter.php(919): App\Controllers\Inicio->index()
 5 SYSTEMPATH\CodeIgniter.php(494): CodeIgniter\CodeIgniter->runController(Object(App\Controllers\Inicio))
 6 SYSTEMPATH\CodeIgniter.php(353): CodeIgniter\CodeIgniter->handleRequest(null, Object(Config\Cache), false)
 7 FCPATH\index.php(79): CodeIgniter\CodeIgniter->run()
 8 SYSTEMPATH\Commands\Server\rewrite.php(47): require_once('C:\\xampp\\htdocs\\Veterinaria\\public\\index.php')
CRITICAL - 2023-10-13 04:18:06 --> Invalid file: "inicio/inicio.php"
in SYSTEMPATH\Exceptions\FrameworkException.php on line 39.
 1 SYSTEMPATH\View\View.php(214): CodeIgniter\Exceptions\FrameworkException::forInvalidFile('inicio/inicio.php')
 2 SYSTEMPATH\Common.php(1188): CodeIgniter\View\View->render('inicio/inicio', [], true)
 3 APPPATH\Controllers\Inicio.php(11): view('inicio/inicio')
 4 SYSTEMPATH\CodeIgniter.php(919): App\Controllers\Inicio->index()
 5 SYSTEMPATH\CodeIgniter.php(494): CodeIgniter\CodeIgniter->runController(Object(App\Controllers\Inicio))
 6 SYSTEMPATH\CodeIgniter.php(353): CodeIgniter\CodeIgniter->handleRequest(null, Object(Config\Cache), false)
 7 FCPATH\index.php(79): CodeIgniter\CodeIgniter->run()
 8 SYSTEMPATH\Commands\Server\rewrite.php(47): require_once('C:\\xampp\\htdocs\\Veterinaria\\public\\index.php')
CRITICAL - 2023-10-13 04:19:32 --> Invalid file: "inicio/inicio.php"
in SYSTEMPATH\Exceptions\FrameworkException.php on line 39.
 1 SYSTEMPATH\View\View.php(214): CodeIgniter\Exceptions\FrameworkException::forInvalidFile('inicio/inicio.php')
 2 SYSTEMPATH\Common.php(1188): CodeIgniter\View\View->render('inicio/inicio', [], true)
 3 APPPATH\Controllers\Inicio.php(11): view('inicio/inicio')
 4 SYSTEMPATH\CodeIgniter.php(919): App\Controllers\Inicio->index()
 5 SYSTEMPATH\CodeIgniter.php(494): CodeIgniter\CodeIgniter->runController(Object(App\Controllers\Inicio))
 6 SYSTEMPATH\CodeIgniter.php(353): CodeIgniter\CodeIgniter->handleRequest(null, Object(Config\Cache), false)
 7 FCPATH\index.php(79): CodeIgniter\CodeIgniter->run()
 8 SYSTEMPATH\Commands\Server\rewrite.php(47): require_once('C:\\xampp\\htdocs\\Veterinaria\\public\\index.php')
CRITICAL - 2023-10-13 04:19:33 --> Invalid file: "inicio/inicio.php"
in SYSTEMPATH\Exceptions\FrameworkException.php on line 39.
 1 SYSTEMPATH\View\View.php(214): CodeIgniter\Exceptions\FrameworkException::forInvalidFile('inicio/inicio.php')
 2 SYSTEMPATH\Common.php(1188): CodeIgniter\View\View->render('inicio/inicio', [], true)
 3 APPPATH\Controllers\Inicio.php(11): view('inicio/inicio')
 4 SYSTEMPATH\CodeIgniter.php(919): App\Controllers\Inicio->index()
 5 SYSTEMPATH\CodeIgniter.php(494): CodeIgniter\CodeIgniter->runController(Object(App\Controllers\Inicio))
 6 SYSTEMPATH\CodeIgniter.php(353): CodeIgniter\CodeIgniter->handleRequest(null, Object(Config\Cache), false)
 7 FCPATH\index.php(79): CodeIgniter\CodeIgniter->run()
 8 SYSTEMPATH\Commands\Server\rewrite.php(47): require_once('C:\\xampp\\htdocs\\Veterinaria\\public\\index.php')
CRITICAL - 2023-10-13 04:20:20 --> Invalid file: "inicio/inicio.php"
in SYSTEMPATH\Exceptions\FrameworkException.php on line 39.
 1 SYSTEMPATH\View\View.php(214): CodeIgniter\Exceptions\FrameworkException::forInvalidFile('inicio/inicio.php')
 2 SYSTEMPATH\Common.php(1188): CodeIgniter\View\View->render('inicio/inicio', [], true)
 3 APPPATH\Controllers\Inicio.php(11): view('inicio/inicio')
 4 SYSTEMPATH\CodeIgniter.php(919): App\Controllers\Inicio->index()
 5 SYSTEMPATH\CodeIgniter.php(494): CodeIgniter\CodeIgniter->runController(Object(App\Controllers\Inicio))
 6 SYSTEMPATH\CodeIgniter.php(353): CodeIgniter\CodeIgniter->handleRequest(null, Object(Config\Cache), false)
 7 FCPATH\index.php(79): CodeIgniter\CodeIgniter->run()
 8 SYSTEMPATH\Commands\Server\rewrite.php(47): require_once('C:\\xampp\\htdocs\\Veterinaria\\public\\index.php')
CRITICAL - 2023-10-13 04:20:21 --> Invalid file: "inicio/inicio.php"
in SYSTEMPATH\Exceptions\FrameworkException.php on line 39.
 1 SYSTEMPATH\View\View.php(214): CodeIgniter\Exceptions\FrameworkException::forInvalidFile('inicio/inicio.php')
 2 SYSTEMPATH\Common.php(1188): CodeIgniter\View\View->render('inicio/inicio', [], true)
 3 APPPATH\Controllers\Inicio.php(11): view('inicio/inicio')
 4 SYSTEMPATH\CodeIgniter.php(919): App\Controllers\Inicio->index()
 5 SYSTEMPATH\CodeIgniter.php(494): CodeIgniter\CodeIgniter->runController(Object(App\Controllers\Inicio))
 6 SYSTEMPATH\CodeIgniter.php(353): CodeIgniter\CodeIgniter->handleRequest(null, Object(Config\Cache), false)
 7 FCPATH\index.php(79): CodeIgniter\CodeIgniter->run()
 8 SYSTEMPATH\Commands\Server\rewrite.php(47): require_once('C:\\xampp\\htdocs\\Veterinaria\\public\\index.php')
CRITICAL - 2023-10-13 04:20:52 --> Invalid file: "inicio/inicio.php"
in SYSTEMPATH\Exceptions\FrameworkException.php on line 39.
 1 SYSTEMPATH\View\View.php(214): CodeIgniter\Exceptions\FrameworkException::forInvalidFile('inicio/inicio.php')
 2 SYSTEMPATH\Common.php(1188): CodeIgniter\View\View->render('inicio/inicio', [], true)
 3 APPPATH\Controllers\Inicio.php(11): view('inicio/inicio')
 4 SYSTEMPATH\CodeIgniter.php(919): App\Controllers\Inicio->index()
 5 SYSTEMPATH\CodeIgniter.php(494): CodeIgniter\CodeIgniter->runController(Object(App\Controllers\Inicio))
 6 SYSTEMPATH\CodeIgniter.php(353): CodeIgniter\CodeIgniter->handleRequest(null, Object(Config\Cache), false)
 7 FCPATH\index.php(79): CodeIgniter\CodeIgniter->run()
 8 SYSTEMPATH\Commands\Server\rewrite.php(47): require_once('C:\\xampp\\htdocs\\Veterinaria\\public\\index.php')
CRITICAL - 2023-10-13 05:19:26 --> Invalid file: "medicamentos/agregar.php"
in SYSTEMPATH\Exceptions\FrameworkException.php on line 39.
 1 SYSTEMPATH\View\View.php(214): CodeIgniter\Exceptions\FrameworkException::forInvalidFile('medicamentos/agregar.php')
 2 SYSTEMPATH\Common.php(1188): CodeIgniter\View\View->render('medicamentos/agregar', [], true)
 3 APPPATH\Controllers\Medicamentos.php(28): view('medicamentos/agregar')
 4 SYSTEMPATH\CodeIgniter.php(919): App\Controllers\Medicamentos->agregar()
 5 SYSTEMPATH\CodeIgniter.php(494): CodeIgniter\CodeIgniter->runController(Object(App\Controllers\Medicamentos))
 6 SYSTEMPATH\CodeIgniter.php(353): CodeIgniter\CodeIgniter->handleRequest(null, Object(Config\Cache), false)
 7 FCPATH\index.php(79): CodeIgniter\CodeIgniter->run()
 8 SYSTEMPATH\Commands\Server\rewrite.php(47): require_once('C:\\xampp\\htdocs\\Veterinaria\\public\\index.php')
CRITICAL - 2023-10-13 05:19:41 --> Invalid file: "accesorios/agregar.php"
in SYSTEMPATH\Exceptions\FrameworkException.php on line 39.
 1 SYSTEMPATH\View\View.php(214): CodeIgniter\Exceptions\FrameworkException::forInvalidFile('accesorios/agregar.php')
 2 SYSTEMPATH\Common.php(1188): CodeIgniter\View\View->render('accesorios/agregar', [], true)
 3 APPPATH\Controllers\Accesorios.php(28): view('accesorios/agregar')
 4 SYSTEMPATH\CodeIgniter.php(919): App\Controllers\Accesorios->agregar()
 5 SYSTEMPATH\CodeIgniter.php(494): CodeIgniter\CodeIgniter->runController(Object(App\Controllers\Accesorios))
 6 SYSTEMPATH\CodeIgniter.php(353): CodeIgniter\CodeIgniter->handleRequest(null, Object(Config\Cache), false)
 7 FCPATH\index.php(79): CodeIgniter\CodeIgniter->run()
 8 SYSTEMPATH\Commands\Server\rewrite.php(47): require_once('C:\\xampp\\htdocs\\Veterinaria\\public\\index.php')
CRITICAL - 2023-10-13 05:24:08 --> Invalid file: "medicamentos/agregar.php"
in SYSTEMPATH\Exceptions\FrameworkException.php on line 39.
 1 SYSTEMPATH\View\View.php(214): CodeIgniter\Exceptions\FrameworkException::forInvalidFile('medicamentos/agregar.php')
 2 SYSTEMPATH\Common.php(1188): CodeIgniter\View\View->render('medicamentos/agregar', [], true)
 3 APPPATH\Controllers\Medicamentos.php(28): view('medicamentos/agregar')
 4 SYSTEMPATH\CodeIgniter.php(919): App\Controllers\Medicamentos->agregar()
 5 SYSTEMPATH\CodeIgniter.php(494): CodeIgniter\CodeIgniter->runController(Object(App\Controllers\Medicamentos))
 6 SYSTEMPATH\CodeIgniter.php(353): CodeIgniter\CodeIgniter->handleRequest(null, Object(Config\Cache), false)
 7 FCPATH\index.php(79): CodeIgniter\CodeIgniter->run()
 8 SYSTEMPATH\Commands\Server\rewrite.php(47): require_once('C:\\xampp\\htdocs\\Veterinaria\\public\\index.php')
CRITICAL - 2023-10-13 18:53:06 --> Invalid file: "medicamentos/agregar.php"
in SYSTEMPATH\Exceptions\FrameworkException.php on line 39.
 1 SYSTEMPATH\View\View.php(214): CodeIgniter\Exceptions\FrameworkException::forInvalidFile('medicamentos/agregar.php')
 2 SYSTEMPATH\Common.php(1188): CodeIgniter\View\View->render('medicamentos/agregar', [], true)
 3 APPPATH\Controllers\Medicamentos.php(28): view('medicamentos/agregar')
 4 SYSTEMPATH\CodeIgniter.php(919): App\Controllers\Medicamentos->agregar()
 5 SYSTEMPATH\CodeIgniter.php(494): CodeIgniter\CodeIgniter->runController(Object(App\Controllers\Medicamentos))
 6 SYSTEMPATH\CodeIgniter.php(353): CodeIgniter\CodeIgniter->handleRequest(null, Object(Config\Cache), false)
 7 FCPATH\index.php(79): CodeIgniter\CodeIgniter->run()
 8 SYSTEMPATH\Commands\Server\rewrite.php(47): require_once('C:\\xampp\\htdocs\\Veterinaria\\public\\index.php')
