INFO - 2023-12-08 01:42:08 --> Session: Class initialized using 'CodeIgniter\Session\Handlers\FileHandler' driver.
INFO - 2023-12-08 01:42:09 --> Session: Class initialized using 'CodeIgniter\Session\Handlers\FileHandler' driver.
INFO - 2023-12-08 01:42:42 --> Session: Class initialized using 'CodeIgniter\Session\Handlers\FileHandler' driver.
INFO - 2023-12-08 03:30:59 --> Session: Class initialized using 'CodeIgniter\Session\Handlers\FileHandler' driver.
INFO - 2023-12-08 03:41:15 --> Session: Class initialized using 'CodeIgniter\Session\Handlers\FileHandler' driver.
INFO - 2023-12-08 03:41:30 --> Session: Class initialized using 'CodeIgniter\Session\Handlers\FileHandler' driver.
INFO - 2023-12-08 03:42:38 --> Session: Class initialized using 'CodeIgniter\Session\Handlers\FileHandler' driver.
INFO - 2023-12-08 03:44:03 --> Session: Class initialized using 'CodeIgniter\Session\Handlers\FileHandler' driver.
INFO - 2023-12-08 03:45:54 --> Session: Class initialized using 'CodeIgniter\Session\Handlers\FileHandler' driver.
INFO - 2023-12-08 03:45:56 --> Session: Class initialized using 'CodeIgniter\Session\Handlers\FileHandler' driver.
INFO - 2023-12-08 03:46:00 --> Session: Class initialized using 'CodeIgniter\Session\Handlers\FileHandler' driver.
INFO - 2023-12-08 03:46:16 --> Session: Class initialized using 'CodeIgniter\Session\Handlers\FileHandler' driver.
INFO - 2023-12-08 03:46:40 --> Session: Class initialized using 'CodeIgniter\Session\Handlers\FileHandler' driver.
CRITICAL - 2023-12-08 03:47:41 --> Undefined property: App\Controllers\Consultas::$load
in APPPATH\Controllers\Consultas.php on line 30.
 1 APPPATH\Controllers\Consultas.php(30): CodeIgniter\Debug\Exceptions->errorHandler(2, 'Undefined property: App\\Controllers\\Consultas::$load', 'C:\\Users\\eliza\\OneDrive\\Documentos\\Veterinaria\\app\\Controllers\\Consultas.php', 30)
 2 SYSTEMPATH\CodeIgniter.php(919): App\Controllers\Consultas->confirmar('1')
 3 SYSTEMPATH\CodeIgniter.php(494): CodeIgniter\CodeIgniter->runController(Object(App\Controllers\Consultas))
 4 SYSTEMPATH\CodeIgniter.php(353): CodeIgniter\CodeIgniter->handleRequest(null, Object(Config\Cache), false)
 5 FCPATH\index.php(79): CodeIgniter\CodeIgniter->run()
 6 SYSTEMPATH\Commands\Server\rewrite.php(47): require_once('C:\\Users\\eliza\\OneDrive\\Documentos\\Veterinaria\\public\\index.php')
INFO - 2023-12-08 03:47:43 --> Session: Class initialized using 'CodeIgniter\Session\Handlers\FileHandler' driver.
INFO - 2023-12-08 03:47:45 --> Session: Class initialized using 'CodeIgniter\Session\Handlers\FileHandler' driver.
CRITICAL - 2023-12-08 03:47:47 --> Undefined property: App\Controllers\Consultas::$load
in APPPATH\Controllers\Consultas.php on line 30.
 1 APPPATH\Controllers\Consultas.php(30): CodeIgniter\Debug\Exceptions->errorHandler(2, 'Undefined property: App\\Controllers\\Consultas::$load', 'C:\\Users\\eliza\\OneDrive\\Documentos\\Veterinaria\\app\\Controllers\\Consultas.php', 30)
 2 SYSTEMPATH\CodeIgniter.php(919): App\Controllers\Consultas->confirmar('1')
 3 SYSTEMPATH\CodeIgniter.php(494): CodeIgniter\CodeIgniter->runController(Object(App\Controllers\Consultas))
 4 SYSTEMPATH\CodeIgniter.php(353): CodeIgniter\CodeIgniter->handleRequest(null, Object(Config\Cache), false)
 5 FCPATH\index.php(79): CodeIgniter\CodeIgniter->run()
 6 SYSTEMPATH\Commands\Server\rewrite.php(47): require_once('C:\\Users\\eliza\\OneDrive\\Documentos\\Veterinaria\\public\\index.php')
INFO - 2023-12-08 03:49:20 --> Session: Class initialized using 'CodeIgniter\Session\Handlers\FileHandler' driver.
INFO - 2023-12-08 03:49:21 --> Session: Class initialized using 'CodeIgniter\Session\Handlers\FileHandler' driver.
CRITICAL - 2023-12-08 03:49:23 --> Call to undefined method CodeIgniter\Database\MySQLi\Connection::where()
in APPPATH\Models\ConsultasModel.php on line 20.
 1 APPPATH\Controllers\Consultas.php(31): App\Models\ConsultasModel->confirmarCita('1')
 2 SYSTEMPATH\CodeIgniter.php(919): App\Controllers\Consultas->confirmar('1')
 3 SYSTEMPATH\CodeIgniter.php(494): CodeIgniter\CodeIgniter->runController(Object(App\Controllers\Consultas))
 4 SYSTEMPATH\CodeIgniter.php(353): CodeIgniter\CodeIgniter->handleRequest(null, Object(Config\Cache), false)
 5 FCPATH\index.php(79): CodeIgniter\CodeIgniter->run()
 6 SYSTEMPATH\Commands\Server\rewrite.php(47): require_once('C:\\Users\\eliza\\OneDrive\\Documentos\\Veterinaria\\public\\index.php')
CRITICAL - 2023-12-08 03:50:27 --> Call to undefined method CodeIgniter\Database\MySQLi\Connection::where()
in APPPATH\Models\ConsultasModel.php on line 20.
 1 APPPATH\Controllers\Consultas.php(31): App\Models\ConsultasModel->confirmarCita('1')
 2 SYSTEMPATH\CodeIgniter.php(919): App\Controllers\Consultas->confirmar('1')
 3 SYSTEMPATH\CodeIgniter.php(494): CodeIgniter\CodeIgniter->runController(Object(App\Controllers\Consultas))
 4 SYSTEMPATH\CodeIgniter.php(353): CodeIgniter\CodeIgniter->handleRequest(null, Object(Config\Cache), false)
 5 FCPATH\index.php(79): CodeIgniter\CodeIgniter->run()
 6 SYSTEMPATH\Commands\Server\rewrite.php(47): require_once('C:\\Users\\eliza\\OneDrive\\Documentos\\Veterinaria\\public\\index.php')
CRITICAL - 2023-12-08 03:50:28 --> Call to undefined method CodeIgniter\Database\MySQLi\Connection::where()
in APPPATH\Models\ConsultasModel.php on line 20.
 1 APPPATH\Controllers\Consultas.php(31): App\Models\ConsultasModel->confirmarCita('1')
 2 SYSTEMPATH\CodeIgniter.php(919): App\Controllers\Consultas->confirmar('1')
 3 SYSTEMPATH\CodeIgniter.php(494): CodeIgniter\CodeIgniter->runController(Object(App\Controllers\Consultas))
 4 SYSTEMPATH\CodeIgniter.php(353): CodeIgniter\CodeIgniter->handleRequest(null, Object(Config\Cache), false)
 5 FCPATH\index.php(79): CodeIgniter\CodeIgniter->run()
 6 SYSTEMPATH\Commands\Server\rewrite.php(47): require_once('C:\\Users\\eliza\\OneDrive\\Documentos\\Veterinaria\\public\\index.php')
CRITICAL - 2023-12-08 03:51:42 --> Call to undefined method CodeIgniter\Database\MySQLi\Connection::where()
in APPPATH\Models\ConsultasModel.php on line 20.
 1 APPPATH\Controllers\Consultas.php(31): App\Models\ConsultasModel->confirmarCita('1')
 2 SYSTEMPATH\CodeIgniter.php(919): App\Controllers\Consultas->confirmar('1')
 3 SYSTEMPATH\CodeIgniter.php(494): CodeIgniter\CodeIgniter->runController(Object(App\Controllers\Consultas))
 4 SYSTEMPATH\CodeIgniter.php(353): CodeIgniter\CodeIgniter->handleRequest(null, Object(Config\Cache), false)
 5 FCPATH\index.php(79): CodeIgniter\CodeIgniter->run()
 6 SYSTEMPATH\Commands\Server\rewrite.php(47): require_once('C:\\Users\\eliza\\OneDrive\\Documentos\\Veterinaria\\public\\index.php')
CRITICAL - 2023-12-08 03:51:55 --> Call to undefined method CodeIgniter\Database\MySQLi\Connection::where()
in APPPATH\Models\ConsultasModel.php on line 20.
 1 APPPATH\Controllers\Consultas.php(31): App\Models\ConsultasModel->confirmarCita('1')
 2 SYSTEMPATH\CodeIgniter.php(919): App\Controllers\Consultas->confirmar('1')
 3 SYSTEMPATH\CodeIgniter.php(494): CodeIgniter\CodeIgniter->runController(Object(App\Controllers\Consultas))
 4 SYSTEMPATH\CodeIgniter.php(353): CodeIgniter\CodeIgniter->handleRequest(null, Object(Config\Cache), false)
 5 FCPATH\index.php(79): CodeIgniter\CodeIgniter->run()
 6 SYSTEMPATH\Commands\Server\rewrite.php(47): require_once('C:\\Users\\eliza\\OneDrive\\Documentos\\Veterinaria\\public\\index.php')
INFO - 2023-12-08 03:51:58 --> Session: Class initialized using 'CodeIgniter\Session\Handlers\FileHandler' driver.
INFO - 2023-12-08 03:51:59 --> Session: Class initialized using 'CodeIgniter\Session\Handlers\FileHandler' driver.
CRITICAL - 2023-12-08 03:52:00 --> Call to undefined method CodeIgniter\Database\MySQLi\Connection::where()
in APPPATH\Models\ConsultasModel.php on line 20.
 1 APPPATH\Controllers\Consultas.php(31): App\Models\ConsultasModel->confirmarCita('1')
 2 SYSTEMPATH\CodeIgniter.php(919): App\Controllers\Consultas->confirmar('1')
 3 SYSTEMPATH\CodeIgniter.php(494): CodeIgniter\CodeIgniter->runController(Object(App\Controllers\Consultas))
 4 SYSTEMPATH\CodeIgniter.php(353): CodeIgniter\CodeIgniter->handleRequest(null, Object(Config\Cache), false)
 5 FCPATH\index.php(79): CodeIgniter\CodeIgniter->run()
 6 SYSTEMPATH\Commands\Server\rewrite.php(47): require_once('C:\\Users\\eliza\\OneDrive\\Documentos\\Veterinaria\\public\\index.php')
INFO - 2023-12-08 03:53:19 --> Session: Class initialized using 'CodeIgniter\Session\Handlers\FileHandler' driver.
INFO - 2023-12-08 03:53:20 --> Session: Class initialized using 'CodeIgniter\Session\Handlers\FileHandler' driver.
CRITICAL - 2023-12-08 03:53:21 --> Call to undefined method CodeIgniter\Database\MySQLi\Connection::set()
in APPPATH\Models\ConsultasModel.php on line 20.
 1 APPPATH\Controllers\Consultas.php(31): App\Models\ConsultasModel->confirmarCita('1')
 2 SYSTEMPATH\CodeIgniter.php(919): App\Controllers\Consultas->confirmar('1')
 3 SYSTEMPATH\CodeIgniter.php(494): CodeIgniter\CodeIgniter->runController(Object(App\Controllers\Consultas))
 4 SYSTEMPATH\CodeIgniter.php(353): CodeIgniter\CodeIgniter->handleRequest(null, Object(Config\Cache), false)
 5 FCPATH\index.php(79): CodeIgniter\CodeIgniter->run()
 6 SYSTEMPATH\Commands\Server\rewrite.php(47): require_once('C:\\Users\\eliza\\OneDrive\\Documentos\\Veterinaria\\public\\index.php')
CRITICAL - 2023-12-08 03:53:51 --> Call to undefined method CodeIgniter\Database\MySQLi\Connection::set()
in APPPATH\Models\ConsultasModel.php on line 20.
 1 APPPATH\Controllers\Consultas.php(32): App\Models\ConsultasModel->confirmarCita('1')
 2 SYSTEMPATH\CodeIgniter.php(919): App\Controllers\Consultas->confirmar('1')
 3 SYSTEMPATH\CodeIgniter.php(494): CodeIgniter\CodeIgniter->runController(Object(App\Controllers\Consultas))
 4 SYSTEMPATH\CodeIgniter.php(353): CodeIgniter\CodeIgniter->handleRequest(null, Object(Config\Cache), false)
 5 FCPATH\index.php(79): CodeIgniter\CodeIgniter->run()
 6 SYSTEMPATH\Commands\Server\rewrite.php(47): require_once('C:\\Users\\eliza\\OneDrive\\Documentos\\Veterinaria\\public\\index.php')
INFO - 2023-12-08 03:53:53 --> Session: Class initialized using 'CodeIgniter\Session\Handlers\FileHandler' driver.
INFO - 2023-12-08 03:53:54 --> Session: Class initialized using 'CodeIgniter\Session\Handlers\FileHandler' driver.
INFO - 2023-12-08 03:53:55 --> Session: Class initialized using 'CodeIgniter\Session\Handlers\FileHandler' driver.
CRITICAL - 2023-12-08 03:53:56 --> Call to undefined method CodeIgniter\Database\MySQLi\Connection::set()
in APPPATH\Models\ConsultasModel.php on line 20.
 1 APPPATH\Controllers\Consultas.php(32): App\Models\ConsultasModel->confirmarCita('1')
 2 SYSTEMPATH\CodeIgniter.php(919): App\Controllers\Consultas->confirmar('1')
 3 SYSTEMPATH\CodeIgniter.php(494): CodeIgniter\CodeIgniter->runController(Object(App\Controllers\Consultas))
 4 SYSTEMPATH\CodeIgniter.php(353): CodeIgniter\CodeIgniter->handleRequest(null, Object(Config\Cache), false)
 5 FCPATH\index.php(79): CodeIgniter\CodeIgniter->run()
 6 SYSTEMPATH\Commands\Server\rewrite.php(47): require_once('C:\\Users\\eliza\\OneDrive\\Documentos\\Veterinaria\\public\\index.php')
CRITICAL - 2023-12-08 03:55:34 --> Undefined property: App\Controllers\Consultas::$db
in APPPATH\Controllers\Consultas.php on line 31.
 1 APPPATH\Controllers\Consultas.php(31): CodeIgniter\Debug\Exceptions->errorHandler(2, 'Undefined property: App\\Controllers\\Consultas::$db', 'C:\\Users\\eliza\\OneDrive\\Documentos\\Veterinaria\\app\\Controllers\\Consultas.php', 31)
 2 SYSTEMPATH\CodeIgniter.php(919): App\Controllers\Consultas->confirmar('1')
 3 SYSTEMPATH\CodeIgniter.php(494): CodeIgniter\CodeIgniter->runController(Object(App\Controllers\Consultas))
 4 SYSTEMPATH\CodeIgniter.php(353): CodeIgniter\CodeIgniter->handleRequest(null, Object(Config\Cache), false)
 5 FCPATH\index.php(79): CodeIgniter\CodeIgniter->run()
 6 SYSTEMPATH\Commands\Server\rewrite.php(47): require_once('C:\\Users\\eliza\\OneDrive\\Documentos\\Veterinaria\\public\\index.php')
CRITICAL - 2023-12-08 03:55:35 --> Undefined property: App\Controllers\Consultas::$db
in APPPATH\Controllers\Consultas.php on line 31.
 1 APPPATH\Controllers\Consultas.php(31): CodeIgniter\Debug\Exceptions->errorHandler(2, 'Undefined property: App\\Controllers\\Consultas::$db', 'C:\\Users\\eliza\\OneDrive\\Documentos\\Veterinaria\\app\\Controllers\\Consultas.php', 31)
 2 SYSTEMPATH\CodeIgniter.php(919): App\Controllers\Consultas->confirmar('1')
 3 SYSTEMPATH\CodeIgniter.php(494): CodeIgniter\CodeIgniter->runController(Object(App\Controllers\Consultas))
 4 SYSTEMPATH\CodeIgniter.php(353): CodeIgniter\CodeIgniter->handleRequest(null, Object(Config\Cache), false)
 5 FCPATH\index.php(79): CodeIgniter\CodeIgniter->run()
 6 SYSTEMPATH\Commands\Server\rewrite.php(47): require_once('C:\\Users\\eliza\\OneDrive\\Documentos\\Veterinaria\\public\\index.php')
INFO - 2023-12-08 03:55:53 --> Session: Class initialized using 'CodeIgniter\Session\Handlers\FileHandler' driver.
INFO - 2023-12-08 03:55:55 --> Session: Class initialized using 'CodeIgniter\Session\Handlers\FileHandler' driver.
CRITICAL - 2023-12-08 03:55:56 --> Undefined property: App\Controllers\Consultas::$db
in APPPATH\Controllers\Consultas.php on line 31.
 1 APPPATH\Controllers\Consultas.php(31): CodeIgniter\Debug\Exceptions->errorHandler(2, 'Undefined property: App\\Controllers\\Consultas::$db', 'C:\\Users\\eliza\\OneDrive\\Documentos\\Veterinaria\\app\\Controllers\\Consultas.php', 31)
 2 SYSTEMPATH\CodeIgniter.php(919): App\Controllers\Consultas->confirmar('1')
 3 SYSTEMPATH\CodeIgniter.php(494): CodeIgniter\CodeIgniter->runController(Object(App\Controllers\Consultas))
 4 SYSTEMPATH\CodeIgniter.php(353): CodeIgniter\CodeIgniter->handleRequest(null, Object(Config\Cache), false)
 5 FCPATH\index.php(79): CodeIgniter\CodeIgniter->run()
 6 SYSTEMPATH\Commands\Server\rewrite.php(47): require_once('C:\\Users\\eliza\\OneDrive\\Documentos\\Veterinaria\\public\\index.php')
CRITICAL - 2023-12-08 03:56:49 --> Undefined variable $data
in APPPATH\Controllers\Consultas.php on line 33.
 1 APPPATH\Controllers\Consultas.php(33): CodeIgniter\Debug\Exceptions->errorHandler(2, 'Undefined variable $data', 'C:\\Users\\eliza\\OneDrive\\Documentos\\Veterinaria\\app\\Controllers\\Consultas.php', 33)
 2 SYSTEMPATH\CodeIgniter.php(919): App\Controllers\Consultas->confirmar('1')
 3 SYSTEMPATH\CodeIgniter.php(494): CodeIgniter\CodeIgniter->runController(Object(App\Controllers\Consultas))
 4 SYSTEMPATH\CodeIgniter.php(353): CodeIgniter\CodeIgniter->handleRequest(null, Object(Config\Cache), false)
 5 FCPATH\index.php(79): CodeIgniter\CodeIgniter->run()
 6 SYSTEMPATH\Commands\Server\rewrite.php(47): require_once('C:\\Users\\eliza\\OneDrive\\Documentos\\Veterinaria\\public\\index.php')
ERROR - 2023-12-08 03:57:47 --> mysqli_sql_exception: Unknown column 'estado' in 'field list' in C:\Users\eliza\OneDrive\Documentos\Veterinaria\system\Database\MySQLi\Connection.php:306
Stack trace:
#0 C:\Users\eliza\OneDrive\Documentos\Veterinaria\system\Database\MySQLi\Connection.php(306): mysqli->query('UPDATE `consult...', 0)
#1 C:\Users\eliza\OneDrive\Documentos\Veterinaria\system\Database\BaseConnection.php(692): CodeIgniter\Database\MySQLi\Connection->execute('UPDATE `consult...')
#2 C:\Users\eliza\OneDrive\Documentos\Veterinaria\system\Database\BaseConnection.php(606): CodeIgniter\Database\BaseConnection->simpleQuery('UPDATE `consult...')
#3 C:\Users\eliza\OneDrive\Documentos\Veterinaria\system\Database\BaseBuilder.php(2475): CodeIgniter\Database\BaseConnection->query('UPDATE `consult...', Array, false)
#4 C:\Users\eliza\OneDrive\Documentos\Veterinaria\app\Controllers\Consultas.php(40): CodeIgniter\Database\BaseBuilder->update()
#5 C:\Users\eliza\OneDrive\Documentos\Veterinaria\system\CodeIgniter.php(919): App\Controllers\Consultas->confirmar('1')
#6 C:\Users\eliza\OneDrive\Documentos\Veterinaria\system\CodeIgniter.php(494): CodeIgniter\CodeIgniter->runController(Object(App\Controllers\Consultas))
#7 C:\Users\eliza\OneDrive\Documentos\Veterinaria\system\CodeIgniter.php(353): CodeIgniter\CodeIgniter->handleRequest(NULL, Object(Config\Cache), false)
#8 C:\Users\eliza\OneDrive\Documentos\Veterinaria\public\index.php(79): CodeIgniter\CodeIgniter->run()
#9 C:\Users\eliza\OneDrive\Documentos\Veterinaria\system\Commands\Server\rewrite.php(47): require_once('C:\\Users\\eliza\\...')
#10 {main}
CRITICAL - 2023-12-08 03:57:47 --> Unknown column 'estado' in 'field list'
in SYSTEMPATH\Database\BaseConnection.php on line 646.
 1 SYSTEMPATH\Database\BaseBuilder.php(2475): CodeIgniter\Database\BaseConnection->query('UPDATE `consultas` SET `estado` = :estado:
WHERE `id` = :id:', [...], false)
 2 APPPATH\Controllers\Consultas.php(40): CodeIgniter\Database\BaseBuilder->update()
 3 SYSTEMPATH\CodeIgniter.php(919): App\Controllers\Consultas->confirmar('1')
 4 SYSTEMPATH\CodeIgniter.php(494): CodeIgniter\CodeIgniter->runController(Object(App\Controllers\Consultas))
 5 SYSTEMPATH\CodeIgniter.php(353): CodeIgniter\CodeIgniter->handleRequest(null, Object(Config\Cache), false)
 6 FCPATH\index.php(79): CodeIgniter\CodeIgniter->run()
 7 SYSTEMPATH\Commands\Server\rewrite.php(47): require_once('C:\\Users\\eliza\\OneDrive\\Documentos\\Veterinaria\\public\\index.php')
INFO - 2023-12-08 03:57:52 --> Session: Class initialized using 'CodeIgniter\Session\Handlers\FileHandler' driver.
INFO - 2023-12-08 03:57:53 --> Session: Class initialized using 'CodeIgniter\Session\Handlers\FileHandler' driver.
ERROR - 2023-12-08 03:57:55 --> mysqli_sql_exception: Unknown column 'estado' in 'field list' in C:\Users\eliza\OneDrive\Documentos\Veterinaria\system\Database\MySQLi\Connection.php:306
Stack trace:
#0 C:\Users\eliza\OneDrive\Documentos\Veterinaria\system\Database\MySQLi\Connection.php(306): mysqli->query('UPDATE `consult...', 0)
#1 C:\Users\eliza\OneDrive\Documentos\Veterinaria\system\Database\BaseConnection.php(692): CodeIgniter\Database\MySQLi\Connection->execute('UPDATE `consult...')
#2 C:\Users\eliza\OneDrive\Documentos\Veterinaria\system\Database\BaseConnection.php(606): CodeIgniter\Database\BaseConnection->simpleQuery('UPDATE `consult...')
#3 C:\Users\eliza\OneDrive\Documentos\Veterinaria\system\Database\BaseBuilder.php(2475): CodeIgniter\Database\BaseConnection->query('UPDATE `consult...', Array, false)
#4 C:\Users\eliza\OneDrive\Documentos\Veterinaria\app\Controllers\Consultas.php(40): CodeIgniter\Database\BaseBuilder->update()
#5 C:\Users\eliza\OneDrive\Documentos\Veterinaria\system\CodeIgniter.php(919): App\Controllers\Consultas->confirmar('1')
#6 C:\Users\eliza\OneDrive\Documentos\Veterinaria\system\CodeIgniter.php(494): CodeIgniter\CodeIgniter->runController(Object(App\Controllers\Consultas))
#7 C:\Users\eliza\OneDrive\Documentos\Veterinaria\system\CodeIgniter.php(353): CodeIgniter\CodeIgniter->handleRequest(NULL, Object(Config\Cache), false)
#8 C:\Users\eliza\OneDrive\Documentos\Veterinaria\public\index.php(79): CodeIgniter\CodeIgniter->run()
#9 C:\Users\eliza\OneDrive\Documentos\Veterinaria\system\Commands\Server\rewrite.php(47): require_once('C:\\Users\\eliza\\...')
#10 {main}
CRITICAL - 2023-12-08 03:57:55 --> Unknown column 'estado' in 'field list'
in SYSTEMPATH\Database\BaseConnection.php on line 646.
 1 SYSTEMPATH\Database\BaseBuilder.php(2475): CodeIgniter\Database\BaseConnection->query('UPDATE `consultas` SET `estado` = :estado:
WHERE `id` = :id:', [...], false)
 2 APPPATH\Controllers\Consultas.php(40): CodeIgniter\Database\BaseBuilder->update()
 3 SYSTEMPATH\CodeIgniter.php(919): App\Controllers\Consultas->confirmar('1')
 4 SYSTEMPATH\CodeIgniter.php(494): CodeIgniter\CodeIgniter->runController(Object(App\Controllers\Consultas))
 5 SYSTEMPATH\CodeIgniter.php(353): CodeIgniter\CodeIgniter->handleRequest(null, Object(Config\Cache), false)
 6 FCPATH\index.php(79): CodeIgniter\CodeIgniter->run()
 7 SYSTEMPATH\Commands\Server\rewrite.php(47): require_once('C:\\Users\\eliza\\OneDrive\\Documentos\\Veterinaria\\public\\index.php')
INFO - 2023-12-08 04:00:34 --> Session: Class initialized using 'CodeIgniter\Session\Handlers\FileHandler' driver.
INFO - 2023-12-08 04:00:35 --> Session: Class initialized using 'CodeIgniter\Session\Handlers\FileHandler' driver.
CRITICAL - 2023-12-08 04:00:36 --> Call to undefined method CodeIgniter\Database\MySQLi\Connection::set()
in APPPATH\Models\ConsultasModel.php on line 20.
 1 APPPATH\Controllers\Consultas.php(44): App\Models\ConsultasModel->confirmarCita('1')
 2 SYSTEMPATH\CodeIgniter.php(919): App\Controllers\Consultas->confirmar('1')
 3 SYSTEMPATH\CodeIgniter.php(494): CodeIgniter\CodeIgniter->runController(Object(App\Controllers\Consultas))
 4 SYSTEMPATH\CodeIgniter.php(353): CodeIgniter\CodeIgniter->handleRequest(null, Object(Config\Cache), false)
 5 FCPATH\index.php(79): CodeIgniter\CodeIgniter->run()
 6 SYSTEMPATH\Commands\Server\rewrite.php(47): require_once('C:\\Users\\eliza\\OneDrive\\Documentos\\Veterinaria\\public\\index.php')
INFO - 2023-12-08 04:01:42 --> Session: Class initialized using 'CodeIgniter\Session\Handlers\FileHandler' driver.
CRITICAL - 2023-12-08 04:01:42 --> CodeIgniter\Database\BaseResult::getResult(): Argument #1 ($type) must be of type string, null given, called in C:\Users\eliza\OneDrive\Documentos\Veterinaria\system\Model.php on line 238
in SYSTEMPATH\Database\BaseResult.php on line 104.
 1 SYSTEMPATH\Model.php(238): CodeIgniter\Database\BaseResult->getResult(null)
 2 SYSTEMPATH\BaseModel.php(624): CodeIgniter\Model->doFindAll(0, 0)
 3 APPPATH\Controllers\Consultas.php(21): CodeIgniter\BaseModel->findAll()
 4 SYSTEMPATH\CodeIgniter.php(919): App\Controllers\Consultas->mostrar()
 5 SYSTEMPATH\CodeIgniter.php(494): CodeIgniter\CodeIgniter->runController(Object(App\Controllers\Consultas))
 6 SYSTEMPATH\CodeIgniter.php(353): CodeIgniter\CodeIgniter->handleRequest(null, Object(Config\Cache), false)
 7 FCPATH\index.php(79): CodeIgniter\CodeIgniter->run()
 8 SYSTEMPATH\Commands\Server\rewrite.php(47): require_once('C:\\Users\\eliza\\OneDrive\\Documentos\\Veterinaria\\public\\index.php')
INFO - 2023-12-08 04:01:43 --> Session: Class initialized using 'CodeIgniter\Session\Handlers\FileHandler' driver.
CRITICAL - 2023-12-08 04:01:43 --> CodeIgniter\Database\BaseResult::getResult(): Argument #1 ($type) must be of type string, null given, called in C:\Users\eliza\OneDrive\Documentos\Veterinaria\system\Model.php on line 238
in SYSTEMPATH\Database\BaseResult.php on line 104.
 1 SYSTEMPATH\Model.php(238): CodeIgniter\Database\BaseResult->getResult(null)
 2 SYSTEMPATH\BaseModel.php(624): CodeIgniter\Model->doFindAll(0, 0)
 3 APPPATH\Controllers\Consultas.php(21): CodeIgniter\BaseModel->findAll()
 4 SYSTEMPATH\CodeIgniter.php(919): App\Controllers\Consultas->mostrar()
 5 SYSTEMPATH\CodeIgniter.php(494): CodeIgniter\CodeIgniter->runController(Object(App\Controllers\Consultas))
 6 SYSTEMPATH\CodeIgniter.php(353): CodeIgniter\CodeIgniter->handleRequest(null, Object(Config\Cache), false)
 7 FCPATH\index.php(79): CodeIgniter\CodeIgniter->run()
 8 SYSTEMPATH\Commands\Server\rewrite.php(47): require_once('C:\\Users\\eliza\\OneDrive\\Documentos\\Veterinaria\\public\\index.php')
INFO - 2023-12-08 04:01:47 --> Session: Class initialized using 'CodeIgniter\Session\Handlers\FileHandler' driver.
CRITICAL - 2023-12-08 04:01:47 --> CodeIgniter\Database\BaseResult::getResult(): Argument #1 ($type) must be of type string, null given, called in C:\Users\eliza\OneDrive\Documentos\Veterinaria\system\Model.php on line 238
in SYSTEMPATH\Database\BaseResult.php on line 104.
 1 SYSTEMPATH\Model.php(238): CodeIgniter\Database\BaseResult->getResult(null)
 2 SYSTEMPATH\BaseModel.php(624): CodeIgniter\Model->doFindAll(0, 0)
 3 APPPATH\Controllers\Consultas.php(21): CodeIgniter\BaseModel->findAll()
 4 SYSTEMPATH\CodeIgniter.php(919): App\Controllers\Consultas->mostrar()
 5 SYSTEMPATH\CodeIgniter.php(494): CodeIgniter\CodeIgniter->runController(Object(App\Controllers\Consultas))
 6 SYSTEMPATH\CodeIgniter.php(353): CodeIgniter\CodeIgniter->handleRequest(null, Object(Config\Cache), false)
 7 FCPATH\index.php(79): CodeIgniter\CodeIgniter->run()
 8 SYSTEMPATH\Commands\Server\rewrite.php(47): require_once('C:\\Users\\eliza\\OneDrive\\Documentos\\Veterinaria\\public\\index.php')
CRITICAL - 2023-12-08 04:01:49 --> CodeIgniter\Database\BaseResult::getFirstRow(): Argument #1 ($type) must be of type string, null given, called in C:\Users\eliza\OneDrive\Documentos\Veterinaria\system\Model.php on line 197
in SYSTEMPATH\Database\BaseResult.php on line 389.
 1 SYSTEMPATH\Model.php(197): CodeIgniter\Database\BaseResult->getFirstRow(null)
 2 SYSTEMPATH\BaseModel.php(563): CodeIgniter\Model->doFind(true, '1')
 3 APPPATH\Controllers\Consultas.php(101): CodeIgniter\BaseModel->find('1')
 4 SYSTEMPATH\CodeIgniter.php(919): App\Controllers\Consultas->editar('1')
 5 SYSTEMPATH\CodeIgniter.php(494): CodeIgniter\CodeIgniter->runController(Object(App\Controllers\Consultas))
 6 SYSTEMPATH\CodeIgniter.php(353): CodeIgniter\CodeIgniter->handleRequest(null, Object(Config\Cache), false)
 7 FCPATH\index.php(79): CodeIgniter\CodeIgniter->run()
 8 SYSTEMPATH\Commands\Server\rewrite.php(47): require_once('C:\\Users\\eliza\\OneDrive\\Documentos\\Veterinaria\\public\\index.php')
INFO - 2023-12-08 04:01:49 --> Session: Class initialized using 'CodeIgniter\Session\Handlers\FileHandler' driver.
CRITICAL - 2023-12-08 04:01:49 --> CodeIgniter\Database\BaseResult::getResult(): Argument #1 ($type) must be of type string, null given, called in C:\Users\eliza\OneDrive\Documentos\Veterinaria\system\Model.php on line 238
in SYSTEMPATH\Database\BaseResult.php on line 104.
 1 SYSTEMPATH\Model.php(238): CodeIgniter\Database\BaseResult->getResult(null)
 2 SYSTEMPATH\BaseModel.php(624): CodeIgniter\Model->doFindAll(0, 0)
 3 APPPATH\Controllers\Consultas.php(21): CodeIgniter\BaseModel->findAll()
 4 SYSTEMPATH\CodeIgniter.php(919): App\Controllers\Consultas->mostrar()
 5 SYSTEMPATH\CodeIgniter.php(494): CodeIgniter\CodeIgniter->runController(Object(App\Controllers\Consultas))
 6 SYSTEMPATH\CodeIgniter.php(353): CodeIgniter\CodeIgniter->handleRequest(null, Object(Config\Cache), false)
 7 FCPATH\index.php(79): CodeIgniter\CodeIgniter->run()
 8 SYSTEMPATH\Commands\Server\rewrite.php(47): require_once('C:\\Users\\eliza\\OneDrive\\Documentos\\Veterinaria\\public\\index.php')
INFO - 2023-12-08 04:01:52 --> Session: Class initialized using 'CodeIgniter\Session\Handlers\FileHandler' driver.
CRITICAL - 2023-12-08 04:01:52 --> CodeIgniter\Database\BaseResult::getResult(): Argument #1 ($type) must be of type string, null given, called in C:\Users\eliza\OneDrive\Documentos\Veterinaria\system\Model.php on line 238
in SYSTEMPATH\Database\BaseResult.php on line 104.
 1 SYSTEMPATH\Model.php(238): CodeIgniter\Database\BaseResult->getResult(null)
 2 SYSTEMPATH\BaseModel.php(624): CodeIgniter\Model->doFindAll(0, 0)
 3 APPPATH\Controllers\Consultas.php(21): CodeIgniter\BaseModel->findAll()
 4 SYSTEMPATH\CodeIgniter.php(919): App\Controllers\Consultas->mostrar()
 5 SYSTEMPATH\CodeIgniter.php(494): CodeIgniter\CodeIgniter->runController(Object(App\Controllers\Consultas))
 6 SYSTEMPATH\CodeIgniter.php(353): CodeIgniter\CodeIgniter->handleRequest(null, Object(Config\Cache), false)
 7 FCPATH\index.php(79): CodeIgniter\CodeIgniter->run()
 8 SYSTEMPATH\Commands\Server\rewrite.php(47): require_once('C:\\Users\\eliza\\OneDrive\\Documentos\\Veterinaria\\public\\index.php')
INFO - 2023-12-08 04:01:54 --> Session: Class initialized using 'CodeIgniter\Session\Handlers\FileHandler' driver.
CRITICAL - 2023-12-08 04:01:54 --> CodeIgniter\Database\BaseResult::getResult(): Argument #1 ($type) must be of type string, null given, called in C:\Users\eliza\OneDrive\Documentos\Veterinaria\system\Model.php on line 238
in SYSTEMPATH\Database\BaseResult.php on line 104.
 1 SYSTEMPATH\Model.php(238): CodeIgniter\Database\BaseResult->getResult(null)
 2 SYSTEMPATH\BaseModel.php(624): CodeIgniter\Model->doFindAll(0, 0)
 3 APPPATH\Controllers\Consultas.php(21): CodeIgniter\BaseModel->findAll()
 4 SYSTEMPATH\CodeIgniter.php(919): App\Controllers\Consultas->mostrar()
 5 SYSTEMPATH\CodeIgniter.php(494): CodeIgniter\CodeIgniter->runController(Object(App\Controllers\Consultas))
 6 SYSTEMPATH\CodeIgniter.php(353): CodeIgniter\CodeIgniter->handleRequest(null, Object(Config\Cache), false)
 7 FCPATH\index.php(79): CodeIgniter\CodeIgniter->run()
 8 SYSTEMPATH\Commands\Server\rewrite.php(47): require_once('C:\\Users\\eliza\\OneDrive\\Documentos\\Veterinaria\\public\\index.php')
INFO - 2023-12-08 04:01:55 --> Session: Class initialized using 'CodeIgniter\Session\Handlers\FileHandler' driver.
CRITICAL - 2023-12-08 04:01:55 --> CodeIgniter\Database\BaseResult::getResult(): Argument #1 ($type) must be of type string, null given, called in C:\Users\eliza\OneDrive\Documentos\Veterinaria\system\Model.php on line 238
in SYSTEMPATH\Database\BaseResult.php on line 104.
 1 SYSTEMPATH\Model.php(238): CodeIgniter\Database\BaseResult->getResult(null)
 2 SYSTEMPATH\BaseModel.php(624): CodeIgniter\Model->doFindAll(0, 0)
 3 APPPATH\Controllers\Consultas.php(21): CodeIgniter\BaseModel->findAll()
 4 SYSTEMPATH\CodeIgniter.php(919): App\Controllers\Consultas->mostrar()
 5 SYSTEMPATH\CodeIgniter.php(494): CodeIgniter\CodeIgniter->runController(Object(App\Controllers\Consultas))
 6 SYSTEMPATH\CodeIgniter.php(353): CodeIgniter\CodeIgniter->handleRequest(null, Object(Config\Cache), false)
 7 FCPATH\index.php(79): CodeIgniter\CodeIgniter->run()
 8 SYSTEMPATH\Commands\Server\rewrite.php(47): require_once('C:\\Users\\eliza\\OneDrive\\Documentos\\Veterinaria\\public\\index.php')
INFO - 2023-12-08 04:02:48 --> Session: Class initialized using 'CodeIgniter\Session\Handlers\FileHandler' driver.
INFO - 2023-12-08 04:02:49 --> Session: Class initialized using 'CodeIgniter\Session\Handlers\FileHandler' driver.
INFO - 2023-12-08 04:03:10 --> Session: Class initialized using 'CodeIgniter\Session\Handlers\FileHandler' driver.
INFO - 2023-12-08 04:07:30 --> Session: Class initialized using 'CodeIgniter\Session\Handlers\FileHandler' driver.
INFO - 2023-12-08 04:07:33 --> Session: Class initialized using 'CodeIgniter\Session\Handlers\FileHandler' driver.
INFO - 2023-12-08 04:07:48 --> Session: Class initialized using 'CodeIgniter\Session\Handlers\FileHandler' driver.
INFO - 2023-12-08 04:08:14 --> Session: Class initialized using 'CodeIgniter\Session\Handlers\FileHandler' driver.
INFO - 2023-12-08 04:11:37 --> Session: Class initialized using 'CodeIgniter\Session\Handlers\FileHandler' driver.
INFO - 2023-12-08 04:15:28 --> Session: Class initialized using 'CodeIgniter\Session\Handlers\FileHandler' driver.
INFO - 2023-12-08 04:15:38 --> Session: Class initialized using 'CodeIgniter\Session\Handlers\FileHandler' driver.
INFO - 2023-12-08 04:15:58 --> Session: Class initialized using 'CodeIgniter\Session\Handlers\FileHandler' driver.
INFO - 2023-12-08 04:17:58 --> Session: Class initialized using 'CodeIgniter\Session\Handlers\FileHandler' driver.
INFO - 2023-12-08 04:17:59 --> Session: Class initialized using 'CodeIgniter\Session\Handlers\FileHandler' driver.
INFO - 2023-12-08 04:18:05 --> Session: Class initialized using 'CodeIgniter\Session\Handlers\FileHandler' driver.
INFO - 2023-12-08 04:18:50 --> Session: Class initialized using 'CodeIgniter\Session\Handlers\FileHandler' driver.
INFO - 2023-12-08 04:20:09 --> Session: Class initialized using 'CodeIgniter\Session\Handlers\FileHandler' driver.
INFO - 2023-12-08 04:20:17 --> Session: Class initialized using 'CodeIgniter\Session\Handlers\FileHandler' driver.
INFO - 2023-12-08 04:22:25 --> Session: Class initialized using 'CodeIgniter\Session\Handlers\FileHandler' driver.
INFO - 2023-12-08 04:26:34 --> Session: Class initialized using 'CodeIgniter\Session\Handlers\FileHandler' driver.
INFO - 2023-12-08 04:26:41 --> Session: Class initialized using 'CodeIgniter\Session\Handlers\FileHandler' driver.
INFO - 2023-12-08 04:27:08 --> Session: Class initialized using 'CodeIgniter\Session\Handlers\FileHandler' driver.
INFO - 2023-12-08 04:27:38 --> Session: Class initialized using 'CodeIgniter\Session\Handlers\FileHandler' driver.
INFO - 2023-12-08 04:27:54 --> Session: Class initialized using 'CodeIgniter\Session\Handlers\FileHandler' driver.
INFO - 2023-12-08 04:28:02 --> Session: Class initialized using 'CodeIgniter\Session\Handlers\FileHandler' driver.
INFO - 2023-12-08 04:28:06 --> Session: Class initialized using 'CodeIgniter\Session\Handlers\FileHandler' driver.
INFO - 2023-12-08 04:32:44 --> Session: Class initialized using 'CodeIgniter\Session\Handlers\FileHandler' driver.
INFO - 2023-12-08 04:32:58 --> Session: Class initialized using 'CodeIgniter\Session\Handlers\FileHandler' driver.
INFO - 2023-12-08 04:33:09 --> Session: Class initialized using 'CodeIgniter\Session\Handlers\FileHandler' driver.
INFO - 2023-12-08 04:34:10 --> Session: Class initialized using 'CodeIgniter\Session\Handlers\FileHandler' driver.
INFO - 2023-12-08 04:34:35 --> Session: Class initialized using 'CodeIgniter\Session\Handlers\FileHandler' driver.
INFO - 2023-12-08 04:35:50 --> Session: Class initialized using 'CodeIgniter\Session\Handlers\FileHandler' driver.
INFO - 2023-12-08 04:35:58 --> Session: Class initialized using 'CodeIgniter\Session\Handlers\FileHandler' driver.
INFO - 2023-12-08 04:36:57 --> Session: Class initialized using 'CodeIgniter\Session\Handlers\FileHandler' driver.
INFO - 2023-12-08 04:37:25 --> Session: Class initialized using 'CodeIgniter\Session\Handlers\FileHandler' driver.
INFO - 2023-12-08 04:37:38 --> Session: Class initialized using 'CodeIgniter\Session\Handlers\FileHandler' driver.
INFO - 2023-12-08 04:40:04 --> Session: Class initialized using 'CodeIgniter\Session\Handlers\FileHandler' driver.
INFO - 2023-12-08 04:40:49 --> Session: Class initialized using 'CodeIgniter\Session\Handlers\FileHandler' driver.
CRITICAL - 2023-12-08 04:42:28 --> Undefined variable $consultas
in APPPATH\Views\medicamentos\mostrar.php on line 96.
 1 APPPATH\Views\medicamentos\mostrar.php(96): CodeIgniter\Debug\Exceptions->errorHandler(2, 'Undefined variable $consultas', 'C:\\Users\\eliza\\OneDrive\\Documentos\\Veterinaria\\app\\Views\\medicamentos\\mostrar.php', 96)
 2 SYSTEMPATH\View\View.php(226): include('C:\\Users\\eliza\\OneDrive\\Documentos\\Veterinaria\\app\\Views\\medicamentos\\mostrar.php')
 3 SYSTEMPATH\View\View.php(229): CodeIgniter\View\View->CodeIgniter\View\{closure}()
 4 SYSTEMPATH\Common.php(1188): CodeIgniter\View\View->render('medicamentos/mostrar', [], true)
 5 APPPATH\Controllers\Medicamentos.php(22): view('medicamentos/mostrar', [...])
 6 SYSTEMPATH\CodeIgniter.php(919): App\Controllers\Medicamentos->mostrar()
 7 SYSTEMPATH\CodeIgniter.php(494): CodeIgniter\CodeIgniter->runController(Object(App\Controllers\Medicamentos))
 8 SYSTEMPATH\CodeIgniter.php(353): CodeIgniter\CodeIgniter->handleRequest(null, Object(Config\Cache), false)
 9 FCPATH\index.php(79): CodeIgniter\CodeIgniter->run()
10 SYSTEMPATH\Commands\Server\rewrite.php(47): require_once('C:\\Users\\eliza\\OneDrive\\Documentos\\Veterinaria\\public\\index.php')
CRITICAL - 2023-12-08 04:42:33 --> Undefined variable $consultas
in APPPATH\Views\medicamentos\mostrar.php on line 96.
 1 APPPATH\Views\medicamentos\mostrar.php(96): CodeIgniter\Debug\Exceptions->errorHandler(2, 'Undefined variable $consultas', 'C:\\Users\\eliza\\OneDrive\\Documentos\\Veterinaria\\app\\Views\\medicamentos\\mostrar.php', 96)
 2 SYSTEMPATH\View\View.php(226): include('C:\\Users\\eliza\\OneDrive\\Documentos\\Veterinaria\\app\\Views\\medicamentos\\mostrar.php')
 3 SYSTEMPATH\View\View.php(229): CodeIgniter\View\View->CodeIgniter\View\{closure}()
 4 SYSTEMPATH\Common.php(1188): CodeIgniter\View\View->render('medicamentos/mostrar', [], true)
 5 APPPATH\Controllers\Medicamentos.php(22): view('medicamentos/mostrar', [...])
 6 SYSTEMPATH\CodeIgniter.php(919): App\Controllers\Medicamentos->mostrar()
 7 SYSTEMPATH\CodeIgniter.php(494): CodeIgniter\CodeIgniter->runController(Object(App\Controllers\Medicamentos))
 8 SYSTEMPATH\CodeIgniter.php(353): CodeIgniter\CodeIgniter->handleRequest(null, Object(Config\Cache), false)
 9 FCPATH\index.php(79): CodeIgniter\CodeIgniter->run()
10 SYSTEMPATH\Commands\Server\rewrite.php(47): require_once('C:\\Users\\eliza\\OneDrive\\Documentos\\Veterinaria\\public\\index.php')
INFO - 2023-12-08 04:44:44 --> Session: Class initialized using 'CodeIgniter\Session\Handlers\FileHandler' driver.
INFO - 2023-12-08 04:46:22 --> Session: Class initialized using 'CodeIgniter\Session\Handlers\FileHandler' driver.
INFO - 2023-12-08 04:46:22 --> Session: Class initialized using 'CodeIgniter\Session\Handlers\FileHandler' driver.
INFO - 2023-12-08 04:48:35 --> Session: Class initialized using 'CodeIgniter\Session\Handlers\FileHandler' driver.
INFO - 2023-12-08 04:53:05 --> Session: Class initialized using 'CodeIgniter\Session\Handlers\FileHandler' driver.
INFO - 2023-12-08 04:54:12 --> Session: Class initialized using 'CodeIgniter\Session\Handlers\FileHandler' driver.
INFO - 2023-12-08 04:54:13 --> Session: Class initialized using 'CodeIgniter\Session\Handlers\FileHandler' driver.
INFO - 2023-12-08 04:54:27 --> Session: Class initialized using 'CodeIgniter\Session\Handlers\FileHandler' driver.
INFO - 2023-12-08 04:54:28 --> Session: Class initialized using 'CodeIgniter\Session\Handlers\FileHandler' driver.
INFO - 2023-12-08 04:55:40 --> Session: Class initialized using 'CodeIgniter\Session\Handlers\FileHandler' driver.
INFO - 2023-12-08 04:55:41 --> Session: Class initialized using 'CodeIgniter\Session\Handlers\FileHandler' driver.
INFO - 2023-12-08 04:56:42 --> Session: Class initialized using 'CodeIgniter\Session\Handlers\FileHandler' driver.
INFO - 2023-12-08 04:56:43 --> Session: Class initialized using 'CodeIgniter\Session\Handlers\FileHandler' driver.
INFO - 2023-12-08 04:58:17 --> Session: Class initialized using 'CodeIgniter\Session\Handlers\FileHandler' driver.
INFO - 2023-12-08 04:59:40 --> Session: Class initialized using 'CodeIgniter\Session\Handlers\FileHandler' driver.
INFO - 2023-12-08 05:00:11 --> Session: Class initialized using 'CodeIgniter\Session\Handlers\FileHandler' driver.
INFO - 2023-12-08 05:01:01 --> Session: Class initialized using 'CodeIgniter\Session\Handlers\FileHandler' driver.
INFO - 2023-12-08 05:02:13 --> Session: Class initialized using 'CodeIgniter\Session\Handlers\FileHandler' driver.
INFO - 2023-12-08 05:02:28 --> Session: Class initialized using 'CodeIgniter\Session\Handlers\FileHandler' driver.
INFO - 2023-12-08 05:03:17 --> Session: Class initialized using 'CodeIgniter\Session\Handlers\FileHandler' driver.
INFO - 2023-12-08 05:03:47 --> Session: Class initialized using 'CodeIgniter\Session\Handlers\FileHandler' driver.
INFO - 2023-12-08 05:04:22 --> Session: Class initialized using 'CodeIgniter\Session\Handlers\FileHandler' driver.
INFO - 2023-12-08 05:04:32 --> Session: Class initialized using 'CodeIgniter\Session\Handlers\FileHandler' driver.
INFO - 2023-12-08 05:05:32 --> Session: Class initialized using 'CodeIgniter\Session\Handlers\FileHandler' driver.
INFO - 2023-12-08 05:05:41 --> Session: Class initialized using 'CodeIgniter\Session\Handlers\FileHandler' driver.
INFO - 2023-12-08 05:06:27 --> Session: Class initialized using 'CodeIgniter\Session\Handlers\FileHandler' driver.
INFO - 2023-12-08 05:07:12 --> Session: Class initialized using 'CodeIgniter\Session\Handlers\FileHandler' driver.
INFO - 2023-12-08 05:08:36 --> Session: Class initialized using 'CodeIgniter\Session\Handlers\FileHandler' driver.
INFO - 2023-12-08 05:09:07 --> Session: Class initialized using 'CodeIgniter\Session\Handlers\FileHandler' driver.
INFO - 2023-12-08 05:09:35 --> Session: Class initialized using 'CodeIgniter\Session\Handlers\FileHandler' driver.
INFO - 2023-12-08 05:11:16 --> Session: Class initialized using 'CodeIgniter\Session\Handlers\FileHandler' driver.
INFO - 2023-12-08 05:12:14 --> Session: Class initialized using 'CodeIgniter\Session\Handlers\FileHandler' driver.
INFO - 2023-12-08 05:14:17 --> Session: Class initialized using 'CodeIgniter\Session\Handlers\FileHandler' driver.
INFO - 2023-12-08 05:15:12 --> Session: Class initialized using 'CodeIgniter\Session\Handlers\FileHandler' driver.
INFO - 2023-12-08 05:15:38 --> Session: Class initialized using 'CodeIgniter\Session\Handlers\FileHandler' driver.
INFO - 2023-12-08 05:17:07 --> Session: Class initialized using 'CodeIgniter\Session\Handlers\FileHandler' driver.
INFO - 2023-12-08 05:17:53 --> Session: Class initialized using 'CodeIgniter\Session\Handlers\FileHandler' driver.
INFO - 2023-12-08 05:19:00 --> Session: Class initialized using 'CodeIgniter\Session\Handlers\FileHandler' driver.
INFO - 2023-12-08 05:20:06 --> Session: Class initialized using 'CodeIgniter\Session\Handlers\FileHandler' driver.
INFO - 2023-12-08 05:22:30 --> Session: Class initialized using 'CodeIgniter\Session\Handlers\FileHandler' driver.
INFO - 2023-12-08 05:22:48 --> Session: Class initialized using 'CodeIgniter\Session\Handlers\FileHandler' driver.
INFO - 2023-12-08 05:23:15 --> Session: Class initialized using 'CodeIgniter\Session\Handlers\FileHandler' driver.
INFO - 2023-12-08 05:24:16 --> Session: Class initialized using 'CodeIgniter\Session\Handlers\FileHandler' driver.
INFO - 2023-12-08 05:25:06 --> Session: Class initialized using 'CodeIgniter\Session\Handlers\FileHandler' driver.
INFO - 2023-12-08 05:25:33 --> Session: Class initialized using 'CodeIgniter\Session\Handlers\FileHandler' driver.
INFO - 2023-12-08 05:26:05 --> Session: Class initialized using 'CodeIgniter\Session\Handlers\FileHandler' driver.
INFO - 2023-12-08 05:27:18 --> Session: Class initialized using 'CodeIgniter\Session\Handlers\FileHandler' driver.
INFO - 2023-12-08 05:28:07 --> Session: Class initialized using 'CodeIgniter\Session\Handlers\FileHandler' driver.
INFO - 2023-12-08 05:28:26 --> Session: Class initialized using 'CodeIgniter\Session\Handlers\FileHandler' driver.
INFO - 2023-12-08 05:29:14 --> Session: Class initialized using 'CodeIgniter\Session\Handlers\FileHandler' driver.
INFO - 2023-12-08 05:31:12 --> Session: Class initialized using 'CodeIgniter\Session\Handlers\FileHandler' driver.
INFO - 2023-12-08 05:31:53 --> Session: Class initialized using 'CodeIgniter\Session\Handlers\FileHandler' driver.
INFO - 2023-12-08 05:32:13 --> Session: Class initialized using 'CodeIgniter\Session\Handlers\FileHandler' driver.
INFO - 2023-12-08 05:32:46 --> Session: Class initialized using 'CodeIgniter\Session\Handlers\FileHandler' driver.
INFO - 2023-12-08 05:33:10 --> Session: Class initialized using 'CodeIgniter\Session\Handlers\FileHandler' driver.
INFO - 2023-12-08 05:34:01 --> Session: Class initialized using 'CodeIgniter\Session\Handlers\FileHandler' driver.
INFO - 2023-12-08 05:34:30 --> Session: Class initialized using 'CodeIgniter\Session\Handlers\FileHandler' driver.
INFO - 2023-12-08 05:34:57 --> Session: Class initialized using 'CodeIgniter\Session\Handlers\FileHandler' driver.
INFO - 2023-12-08 05:36:28 --> Session: Class initialized using 'CodeIgniter\Session\Handlers\FileHandler' driver.
INFO - 2023-12-08 05:36:38 --> Session: Class initialized using 'CodeIgniter\Session\Handlers\FileHandler' driver.
INFO - 2023-12-08 05:36:54 --> Session: Class initialized using 'CodeIgniter\Session\Handlers\FileHandler' driver.
INFO - 2023-12-08 05:37:03 --> Session: Class initialized using 'CodeIgniter\Session\Handlers\FileHandler' driver.
INFO - 2023-12-08 05:37:14 --> Session: Class initialized using 'CodeIgniter\Session\Handlers\FileHandler' driver.
INFO - 2023-12-08 05:37:23 --> Session: Class initialized using 'CodeIgniter\Session\Handlers\FileHandler' driver.
INFO - 2023-12-08 05:37:30 --> Session: Class initialized using 'CodeIgniter\Session\Handlers\FileHandler' driver.
INFO - 2023-12-08 05:37:47 --> Session: Class initialized using 'CodeIgniter\Session\Handlers\FileHandler' driver.
INFO - 2023-12-08 05:38:04 --> Session: Class initialized using 'CodeIgniter\Session\Handlers\FileHandler' driver.
INFO - 2023-12-08 05:38:17 --> Session: Class initialized using 'CodeIgniter\Session\Handlers\FileHandler' driver.
INFO - 2023-12-08 05:38:44 --> Session: Class initialized using 'CodeIgniter\Session\Handlers\FileHandler' driver.
INFO - 2023-12-08 05:40:13 --> Session: Class initialized using 'CodeIgniter\Session\Handlers\FileHandler' driver.
INFO - 2023-12-08 05:41:25 --> Session: Class initialized using 'CodeIgniter\Session\Handlers\FileHandler' driver.
INFO - 2023-12-08 05:50:32 --> Session: Class initialized using 'CodeIgniter\Session\Handlers\FileHandler' driver.
INFO - 2023-12-08 05:54:45 --> Session: Class initialized using 'CodeIgniter\Session\Handlers\FileHandler' driver.
INFO - 2023-12-08 05:57:46 --> Session: Class initialized using 'CodeIgniter\Session\Handlers\FileHandler' driver.
INFO - 2023-12-08 05:58:30 --> Session: Class initialized using 'CodeIgniter\Session\Handlers\FileHandler' driver.
INFO - 2023-12-08 06:03:13 --> Session: Class initialized using 'CodeIgniter\Session\Handlers\FileHandler' driver.
INFO - 2023-12-08 06:06:20 --> Session: Class initialized using 'CodeIgniter\Session\Handlers\FileHandler' driver.
INFO - 2023-12-08 06:06:31 --> Session: Class initialized using 'CodeIgniter\Session\Handlers\FileHandler' driver.
INFO - 2023-12-08 06:06:37 --> Session: Class initialized using 'CodeIgniter\Session\Handlers\FileHandler' driver.
INFO - 2023-12-08 06:08:47 --> Session: Class initialized using 'CodeIgniter\Session\Handlers\FileHandler' driver.
CRITICAL - 2023-12-08 06:08:47 --> Undefined variable $veterinarios
in APPPATH\Views\consultas\mostrar.php on line 146.
 1 APPPATH\Views\consultas\mostrar.php(146): CodeIgniter\Debug\Exceptions->errorHandler(2, 'Undefined variable $veterinarios', 'C:\\Users\\eliza\\OneDrive\\Documentos\\Veterinaria\\app\\Views\\consultas\\mostrar.php', 146)
 2 SYSTEMPATH\View\View.php(226): include('C:\\Users\\eliza\\OneDrive\\Documentos\\Veterinaria\\app\\Views\\consultas\\mostrar.php')
 3 SYSTEMPATH\View\View.php(229): CodeIgniter\View\View->CodeIgniter\View\{closure}()
 4 SYSTEMPATH\Common.php(1188): CodeIgniter\View\View->render('consultas/mostrar', [], true)
 5 APPPATH\Controllers\Consultas.php(26): view('consultas/mostrar', [...])
 6 SYSTEMPATH\CodeIgniter.php(919): App\Controllers\Consultas->mostrar()
 7 SYSTEMPATH\CodeIgniter.php(494): CodeIgniter\CodeIgniter->runController(Object(App\Controllers\Consultas))
 8 SYSTEMPATH\CodeIgniter.php(353): CodeIgniter\CodeIgniter->handleRequest(null, Object(Config\Cache), false)
 9 FCPATH\index.php(79): CodeIgniter\CodeIgniter->run()
10 SYSTEMPATH\Commands\Server\rewrite.php(47): require_once('C:\\Users\\eliza\\OneDrive\\Documentos\\Veterinaria\\public\\index.php')
INFO - 2023-12-08 06:08:49 --> Session: Class initialized using 'CodeIgniter\Session\Handlers\FileHandler' driver.
CRITICAL - 2023-12-08 06:08:49 --> Undefined variable $veterinarios
in APPPATH\Views\consultas\mostrar.php on line 146.
 1 APPPATH\Views\consultas\mostrar.php(146): CodeIgniter\Debug\Exceptions->errorHandler(2, 'Undefined variable $veterinarios', 'C:\\Users\\eliza\\OneDrive\\Documentos\\Veterinaria\\app\\Views\\consultas\\mostrar.php', 146)
 2 SYSTEMPATH\View\View.php(226): include('C:\\Users\\eliza\\OneDrive\\Documentos\\Veterinaria\\app\\Views\\consultas\\mostrar.php')
 3 SYSTEMPATH\View\View.php(229): CodeIgniter\View\View->CodeIgniter\View\{closure}()
 4 SYSTEMPATH\Common.php(1188): CodeIgniter\View\View->render('consultas/mostrar', [], true)
 5 APPPATH\Controllers\Consultas.php(26): view('consultas/mostrar', [...])
 6 SYSTEMPATH\CodeIgniter.php(919): App\Controllers\Consultas->mostrar()
 7 SYSTEMPATH\CodeIgniter.php(494): CodeIgniter\CodeIgniter->runController(Object(App\Controllers\Consultas))
 8 SYSTEMPATH\CodeIgniter.php(353): CodeIgniter\CodeIgniter->handleRequest(null, Object(Config\Cache), false)
 9 FCPATH\index.php(79): CodeIgniter\CodeIgniter->run()
10 SYSTEMPATH\Commands\Server\rewrite.php(47): require_once('C:\\Users\\eliza\\OneDrive\\Documentos\\Veterinaria\\public\\index.php')
INFO - 2023-12-08 06:09:50 --> Session: Class initialized using 'CodeIgniter\Session\Handlers\FileHandler' driver.
INFO - 2023-12-08 06:09:54 --> Session: Class initialized using 'CodeIgniter\Session\Handlers\FileHandler' driver.
INFO - 2023-12-08 07:45:02 --> Session: Class initialized using 'CodeIgniter\Session\Handlers\FileHandler' driver.
INFO - 2023-12-08 07:49:52 --> Session: Class initialized using 'CodeIgniter\Session\Handlers\FileHandler' driver.
INFO - 2023-12-08 07:49:52 --> Session: Class initialized using 'CodeIgniter\Session\Handlers\FileHandler' driver.
INFO - 2023-12-08 07:52:47 --> Session: Class initialized using 'CodeIgniter\Session\Handlers\FileHandler' driver.
INFO - 2023-12-08 07:52:54 --> Session: Class initialized using 'CodeIgniter\Session\Handlers\FileHandler' driver.
INFO - 2023-12-08 07:54:47 --> Session: Class initialized using 'CodeIgniter\Session\Handlers\FileHandler' driver.
INFO - 2023-12-08 08:11:32 --> Session: Class initialized using 'CodeIgniter\Session\Handlers\FileHandler' driver.
INFO - 2023-12-08 08:15:50 --> Session: Class initialized using 'CodeIgniter\Session\Handlers\FileHandler' driver.
INFO - 2023-12-08 08:28:05 --> Session: Class initialized using 'CodeIgniter\Session\Handlers\FileHandler' driver.
INFO - 2023-12-08 08:42:16 --> Session: Class initialized using 'CodeIgniter\Session\Handlers\FileHandler' driver.
INFO - 2023-12-08 08:43:34 --> Session: Class initialized using 'CodeIgniter\Session\Handlers\FileHandler' driver.
INFO - 2023-12-08 08:49:52 --> Session: Class initialized using 'CodeIgniter\Session\Handlers\FileHandler' driver.
INFO - 2023-12-08 09:02:12 --> Session: Class initialized using 'CodeIgniter\Session\Handlers\FileHandler' driver.
INFO - 2023-12-08 09:03:10 --> Session: Class initialized using 'CodeIgniter\Session\Handlers\FileHandler' driver.
INFO - 2023-12-08 09:07:22 --> Session: Class initialized using 'CodeIgniter\Session\Handlers\FileHandler' driver.
INFO - 2023-12-08 09:07:43 --> Session: Class initialized using 'CodeIgniter\Session\Handlers\FileHandler' driver.
INFO - 2023-12-08 09:07:43 --> Session: Class initialized using 'CodeIgniter\Session\Handlers\FileHandler' driver.
CRITICAL - 2023-12-08 09:44:13 --> Undefined variable $totalVentas
in APPPATH\Views\ventas\buscar.php on line 143.
 1 APPPATH\Views\ventas\buscar.php(143): CodeIgniter\Debug\Exceptions->errorHandler(2, 'Undefined variable $totalVentas', 'C:\\Users\\eliza\\OneDrive\\Documentos\\Veterinaria\\app\\Views\\ventas\\buscar.php', 143)
 2 SYSTEMPATH\View\View.php(226): include('C:\\Users\\eliza\\OneDrive\\Documentos\\Veterinaria\\app\\Views\\ventas\\buscar.php')
 3 SYSTEMPATH\View\View.php(229): CodeIgniter\View\View->CodeIgniter\View\{closure}()
 4 SYSTEMPATH\Common.php(1188): CodeIgniter\View\View->render('ventas/buscar', [], true)
 5 APPPATH\Controllers\Ventas.php(98): view('ventas/buscar', [...])
 6 SYSTEMPATH\CodeIgniter.php(919): App\Controllers\Ventas->buscar()
 7 SYSTEMPATH\CodeIgniter.php(494): CodeIgniter\CodeIgniter->runController(Object(App\Controllers\Ventas))
 8 SYSTEMPATH\CodeIgniter.php(353): CodeIgniter\CodeIgniter->handleRequest(null, Object(Config\Cache), false)
 9 FCPATH\index.php(79): CodeIgniter\CodeIgniter->run()
10 SYSTEMPATH\Commands\Server\rewrite.php(47): require_once('C:\\Users\\eliza\\OneDrive\\Documentos\\Veterinaria\\public\\index.php')
CRITICAL - 2023-12-08 09:45:44 --> Undefined variable $historialMedico1
in APPPATH\Views\historialMedico\buscar.php on line 107.
 1 APPPATH\Views\historialMedico\buscar.php(107): CodeIgniter\Debug\Exceptions->errorHandler(2, 'Undefined variable $historialMedico1', 'C:\\Users\\eliza\\OneDrive\\Documentos\\Veterinaria\\app\\Views\\historialMedico\\buscar.php', 107)
 2 SYSTEMPATH\View\View.php(226): include('C:\\Users\\eliza\\OneDrive\\Documentos\\Veterinaria\\app\\Views\\historialMedico\\buscar.php')
 3 SYSTEMPATH\View\View.php(229): CodeIgniter\View\View->CodeIgniter\View\{closure}()
 4 SYSTEMPATH\Common.php(1188): CodeIgniter\View\View->render('historialMedico/buscar', [], true)
 5 APPPATH\Controllers\HistorialMedico.php(130): view('historialMedico/buscar', [...])
 6 SYSTEMPATH\CodeIgniter.php(919): App\Controllers\HistorialMedico->buscar()
 7 SYSTEMPATH\CodeIgniter.php(494): CodeIgniter\CodeIgniter->runController(Object(App\Controllers\HistorialMedico))
 8 SYSTEMPATH\CodeIgniter.php(353): CodeIgniter\CodeIgniter->handleRequest(null, Object(Config\Cache), false)
 9 FCPATH\index.php(79): CodeIgniter\CodeIgniter->run()
10 SYSTEMPATH\Commands\Server\rewrite.php(47): require_once('C:\\Users\\eliza\\OneDrive\\Documentos\\Veterinaria\\public\\index.php')
INFO - 2023-12-08 09:47:18 --> Session: Class initialized using 'CodeIgniter\Session\Handlers\FileHandler' driver.
INFO - 2023-12-08 09:54:34 --> Session: Class initialized using 'CodeIgniter\Session\Handlers\FileHandler' driver.
INFO - 2023-12-08 09:56:51 --> Session: Class initialized using 'CodeIgniter\Session\Handlers\FileHandler' driver.
INFO - 2023-12-08 09:56:54 --> Session: Class initialized using 'CodeIgniter\Session\Handlers\FileHandler' driver.
INFO - 2023-12-08 09:59:18 --> Session: Class initialized using 'CodeIgniter\Session\Handlers\FileHandler' driver.
INFO - 2023-12-08 10:02:24 --> Session: Class initialized using 'CodeIgniter\Session\Handlers\FileHandler' driver.
INFO - 2023-12-08 10:02:41 --> Session: Class initialized using 'CodeIgniter\Session\Handlers\FileHandler' driver.
INFO - 2023-12-08 10:03:45 --> Session: Class initialized using 'CodeIgniter\Session\Handlers\FileHandler' driver.
INFO - 2023-12-08 10:05:38 --> Session: Class initialized using 'CodeIgniter\Session\Handlers\FileHandler' driver.
INFO - 2023-12-08 10:05:50 --> Session: Class initialized using 'CodeIgniter\Session\Handlers\FileHandler' driver.
INFO - 2023-12-08 10:07:29 --> Session: Class initialized using 'CodeIgniter\Session\Handlers\FileHandler' driver.
INFO - 2023-12-08 10:07:33 --> Session: Class initialized using 'CodeIgniter\Session\Handlers\FileHandler' driver.
INFO - 2023-12-08 10:07:35 --> Session: Class initialized using 'CodeIgniter\Session\Handlers\FileHandler' driver.
CRITICAL - 2023-12-08 10:08:56 --> Undefined variable $cliente
in APPPATH\Views\cliente\buscar.php on line 114.
 1 APPPATH\Views\cliente\buscar.php(114): CodeIgniter\Debug\Exceptions->errorHandler(2, 'Undefined variable $cliente', 'C:\\Users\\eliza\\OneDrive\\Documentos\\Veterinaria\\app\\Views\\cliente\\buscar.php', 114)
 2 SYSTEMPATH\View\View.php(226): include('C:\\Users\\eliza\\OneDrive\\Documentos\\Veterinaria\\app\\Views\\cliente\\buscar.php')
 3 SYSTEMPATH\View\View.php(229): CodeIgniter\View\View->CodeIgniter\View\{closure}()
 4 SYSTEMPATH\Common.php(1188): CodeIgniter\View\View->render('cliente/buscar', [], true)
 5 APPPATH\Controllers\Cliente.php(79): view('cliente/buscar', [...])
 6 SYSTEMPATH\CodeIgniter.php(919): App\Controllers\cliente->buscar()
 7 SYSTEMPATH\CodeIgniter.php(494): CodeIgniter\CodeIgniter->runController(Object(App\Controllers\cliente))
 8 SYSTEMPATH\CodeIgniter.php(353): CodeIgniter\CodeIgniter->handleRequest(null, Object(Config\Cache), false)
 9 FCPATH\index.php(79): CodeIgniter\CodeIgniter->run()
10 SYSTEMPATH\Commands\Server\rewrite.php(47): require_once('C:\\Users\\eliza\\OneDrive\\Documentos\\Veterinaria\\public\\index.php')
CRITICAL - 2023-12-08 10:12:42 --> Undefined variable $medicamentosUsuario
in APPPATH\Views\medicamentosUsuario\buscar.php on line 172.
 1 APPPATH\Views\medicamentosUsuario\buscar.php(172): CodeIgniter\Debug\Exceptions->errorHandler(2, 'Undefined variable $medicamentosUsuario', 'C:\\Users\\eliza\\OneDrive\\Documentos\\Veterinaria\\app\\Views\\medicamentosUsuario\\buscar.php', 172)
 2 SYSTEMPATH\View\View.php(226): include('C:\\Users\\eliza\\OneDrive\\Documentos\\Veterinaria\\app\\Views\\medicamentosUsuario\\buscar.php')
 3 SYSTEMPATH\View\View.php(229): CodeIgniter\View\View->CodeIgniter\View\{closure}()
 4 SYSTEMPATH\Common.php(1188): CodeIgniter\View\View->render('medicamentosUsuario/buscar', [], true)
 5 APPPATH\Controllers\MedicamentosUsuarios.php(49): view('medicamentosUsuario/buscar', [...])
 6 SYSTEMPATH\CodeIgniter.php(919): App\Controllers\MedicamentosUsuarios->buscar()
 7 SYSTEMPATH\CodeIgniter.php(494): CodeIgniter\CodeIgniter->runController(Object(App\Controllers\MedicamentosUsuarios))
 8 SYSTEMPATH\CodeIgniter.php(353): CodeIgniter\CodeIgniter->handleRequest(null, Object(Config\Cache), false)
 9 FCPATH\index.php(79): CodeIgniter\CodeIgniter->run()
10 SYSTEMPATH\Commands\Server\rewrite.php(47): require_once('C:\\Users\\eliza\\OneDrive\\Documentos\\Veterinaria\\public\\index.php')
CRITICAL - 2023-12-08 10:12:44 --> Undefined variable $medicamentosUsuario
in APPPATH\Views\medicamentosUsuario\buscar.php on line 172.
 1 APPPATH\Views\medicamentosUsuario\buscar.php(172): CodeIgniter\Debug\Exceptions->errorHandler(2, 'Undefined variable $medicamentosUsuario', 'C:\\Users\\eliza\\OneDrive\\Documentos\\Veterinaria\\app\\Views\\medicamentosUsuario\\buscar.php', 172)
 2 SYSTEMPATH\View\View.php(226): include('C:\\Users\\eliza\\OneDrive\\Documentos\\Veterinaria\\app\\Views\\medicamentosUsuario\\buscar.php')
 3 SYSTEMPATH\View\View.php(229): CodeIgniter\View\View->CodeIgniter\View\{closure}()
 4 SYSTEMPATH\Common.php(1188): CodeIgniter\View\View->render('medicamentosUsuario/buscar', [], true)
 5 APPPATH\Controllers\MedicamentosUsuarios.php(49): view('medicamentosUsuario/buscar', [...])
 6 SYSTEMPATH\CodeIgniter.php(919): App\Controllers\MedicamentosUsuarios->buscar()
 7 SYSTEMPATH\CodeIgniter.php(494): CodeIgniter\CodeIgniter->runController(Object(App\Controllers\MedicamentosUsuarios))
 8 SYSTEMPATH\CodeIgniter.php(353): CodeIgniter\CodeIgniter->handleRequest(null, Object(Config\Cache), false)
 9 FCPATH\index.php(79): CodeIgniter\CodeIgniter->run()
10 SYSTEMPATH\Commands\Server\rewrite.php(47): require_once('C:\\Users\\eliza\\OneDrive\\Documentos\\Veterinaria\\public\\index.php')
