CRITICAL - 2023-11-08 01:00:27 --> Call to a member function find() on null
in APPPATH\Controllers\Consultas.php on line 72.
 1 SYSTEMPATH\CodeIgniter.php(919): App\Controllers\Consultas->editar('1')
 2 SYSTEMPATH\CodeIgniter.php(494): CodeIgniter\CodeIgniter->runController(Object(App\Controllers\Consultas))
 3 SYSTEMPATH\CodeIgniter.php(353): CodeIgniter\CodeIgniter->handleRequest(null, Object(Config\Cache), false)
 4 FCPATH\index.php(79): CodeIgniter\CodeIgniter->run()
 5 SYSTEMPATH\Commands\Server\rewrite.php(47): require_once('C:\\Users\\eliza\\OneDrive\\Documentos\\Veterinaria\\public\\index.php')
CRITICAL - 2023-11-08 15:21:04 --> Call to a member function delete() on null
in APPPATH\Controllers\Consultas.php on line 66.
 1 SYSTEMPATH\CodeIgniter.php(919): App\Controllers\Consultas->delete('1')
 2 SYSTEMPATH\CodeIgniter.php(494): CodeIgniter\CodeIgniter->runController(Object(App\Controllers\Consultas))
 3 SYSTEMPATH\CodeIgniter.php(353): CodeIgniter\CodeIgniter->handleRequest(null, Object(Config\Cache), false)
 4 FCPATH\index.php(79): CodeIgniter\CodeIgniter->run()
 5 SYSTEMPATH\Commands\Server\rewrite.php(47): require_once('C:\\Users\\eliza\\OneDrive\\Documentos\\Veterinaria\\public\\index.php')
CRITICAL - 2023-11-08 15:21:49 --> Call to a member function findAll() on null
in APPPATH\Controllers\Accesorios.php on line 30.
 1 SYSTEMPATH\CodeIgniter.php(919): App\Controllers\Accesorios->agregar()
 2 SYSTEMPATH\CodeIgniter.php(494): CodeIgniter\CodeIgniter->runController(Object(App\Controllers\Accesorios))
 3 SYSTEMPATH\CodeIgniter.php(353): CodeIgniter\CodeIgniter->handleRequest(null, Object(Config\Cache), false)
 4 FCPATH\index.php(79): CodeIgniter\CodeIgniter->run()
 5 SYSTEMPATH\Commands\Server\rewrite.php(47): require_once('C:\\Users\\eliza\\OneDrive\\Documentos\\Veterinaria\\public\\index.php')
CRITICAL - 2023-11-08 15:24:33 --> Unmatched '}'
in APPPATH\Views\historialMedico\mostrar.php on line 45.
 1 SYSTEMPATH\View\View.php(229): CodeIgniter\View\View->CodeIgniter\View\{closure}()
 2 SYSTEMPATH\Common.php(1188): CodeIgniter\View\View->render('historialMedico/mostrar', [], true)
 3 APPPATH\Controllers\HistorialMedico.php(34): view('historialMedico/mostrar', [...])
 4 SYSTEMPATH\CodeIgniter.php(919): App\Controllers\HistorialMedico->mostrar('1')
 5 SYSTEMPATH\CodeIgniter.php(494): CodeIgniter\CodeIgniter->runController(Object(App\Controllers\HistorialMedico))
 6 SYSTEMPATH\CodeIgniter.php(353): CodeIgniter\CodeIgniter->handleRequest(null, Object(Config\Cache), false)
 7 FCPATH\index.php(79): CodeIgniter\CodeIgniter->run()
 8 SYSTEMPATH\Commands\Server\rewrite.php(47): require_once('C:\\Users\\eliza\\OneDrive\\Documentos\\Veterinaria\\public\\index.php')
