CRITICAL - 2023-11-16 03:06:55 --> Undefined variable $usuario
in APPPATH\Views\home\home.php on line 73.
 1 APPPATH\Views\home\home.php(73): CodeIgniter\Debug\Exceptions->errorHandler(2, 'Undefined variable $usuario', 'C:\\Users\\eliza\\OneDrive\\Documentos\\Veterinaria\\app\\Views\\home\\home.php', 73)
 2 SYSTEMPATH\View\View.php(226): include('C:\\Users\\eliza\\OneDrive\\Documentos\\Veterinaria\\app\\Views\\home\\home.php')
 3 SYSTEMPATH\View\View.php(229): CodeIgniter\View\View->CodeIgniter\View\{closure}()
 4 SYSTEMPATH\Common.php(1188): CodeIgniter\View\View->render('home/home', [], true)
 5 APPPATH\Controllers\Home.php(12): view('home/home', [...])
 6 SYSTEMPATH\CodeIgniter.php(919): App\Controllers\Home->index()
 7 SYSTEMPATH\CodeIgniter.php(494): CodeIgniter\CodeIgniter->runController(Object(App\Controllers\Home))
 8 SYSTEMPATH\CodeIgniter.php(353): CodeIgniter\CodeIgniter->handleRequest(null, Object(Config\Cache), false)
 9 FCPATH\index.php(79): CodeIgniter\CodeIgniter->run()
10 SYSTEMPATH\Commands\Server\rewrite.php(47): require_once('C:\\Users\\eliza\\OneDrive\\Documentos\\Veterinaria\\public\\index.php')
CRITICAL - 2023-11-16 03:06:56 --> Undefined variable $usuario
in APPPATH\Views\home\home.php on line 73.
 1 APPPATH\Views\home\home.php(73): CodeIgniter\Debug\Exceptions->errorHandler(2, 'Undefined variable $usuario', 'C:\\Users\\eliza\\OneDrive\\Documentos\\Veterinaria\\app\\Views\\home\\home.php', 73)
 2 SYSTEMPATH\View\View.php(226): include('C:\\Users\\eliza\\OneDrive\\Documentos\\Veterinaria\\app\\Views\\home\\home.php')
 3 SYSTEMPATH\View\View.php(229): CodeIgniter\View\View->CodeIgniter\View\{closure}()
 4 SYSTEMPATH\Common.php(1188): CodeIgniter\View\View->render('home/home', [], true)
 5 APPPATH\Controllers\Home.php(12): view('home/home', [...])
 6 SYSTEMPATH\CodeIgniter.php(919): App\Controllers\Home->index()
 7 SYSTEMPATH\CodeIgniter.php(494): CodeIgniter\CodeIgniter->runController(Object(App\Controllers\Home))
 8 SYSTEMPATH\CodeIgniter.php(353): CodeIgniter\CodeIgniter->handleRequest(null, Object(Config\Cache), false)
 9 FCPATH\index.php(79): CodeIgniter\CodeIgniter->run()
10 SYSTEMPATH\Commands\Server\rewrite.php(47): require_once('C:\\Users\\eliza\\OneDrive\\Documentos\\Veterinaria\\public\\index.php')
CRITICAL - 2023-11-16 03:07:34 --> Attempt to read property "nombre" on array
in APPPATH\Views\home\home.php on line 75.
 1 APPPATH\Views\home\home.php(75): CodeIgniter\Debug\Exceptions->errorHandler(2, 'Attempt to read property "nombre" on array', 'C:\\Users\\eliza\\OneDrive\\Documentos\\Veterinaria\\app\\Views\\home\\home.php', 75)
 2 SYSTEMPATH\View\View.php(226): include('C:\\Users\\eliza\\OneDrive\\Documentos\\Veterinaria\\app\\Views\\home\\home.php')
 3 SYSTEMPATH\View\View.php(229): CodeIgniter\View\View->CodeIgniter\View\{closure}()
 4 SYSTEMPATH\Common.php(1188): CodeIgniter\View\View->render('home/home', [], true)
 5 APPPATH\Controllers\Home.php(12): view('home/home', [...])
 6 SYSTEMPATH\CodeIgniter.php(919): App\Controllers\Home->index()
 7 SYSTEMPATH\CodeIgniter.php(494): CodeIgniter\CodeIgniter->runController(Object(App\Controllers\Home))
 8 SYSTEMPATH\CodeIgniter.php(353): CodeIgniter\CodeIgniter->handleRequest(null, Object(Config\Cache), false)
 9 FCPATH\index.php(79): CodeIgniter\CodeIgniter->run()
10 SYSTEMPATH\Commands\Server\rewrite.php(47): require_once('C:\\Users\\eliza\\OneDrive\\Documentos\\Veterinaria\\public\\index.php')
CRITICAL - 2023-11-16 03:07:36 --> Attempt to read property "nombre" on array
in APPPATH\Views\home\home.php on line 75.
 1 APPPATH\Views\home\home.php(75): CodeIgniter\Debug\Exceptions->errorHandler(2, 'Attempt to read property "nombre" on array', 'C:\\Users\\eliza\\OneDrive\\Documentos\\Veterinaria\\app\\Views\\home\\home.php', 75)
 2 SYSTEMPATH\View\View.php(226): include('C:\\Users\\eliza\\OneDrive\\Documentos\\Veterinaria\\app\\Views\\home\\home.php')
 3 SYSTEMPATH\View\View.php(229): CodeIgniter\View\View->CodeIgniter\View\{closure}()
 4 SYSTEMPATH\Common.php(1188): CodeIgniter\View\View->render('home/home', [], true)
 5 APPPATH\Controllers\Home.php(12): view('home/home', [...])
 6 SYSTEMPATH\CodeIgniter.php(919): App\Controllers\Home->index()
 7 SYSTEMPATH\CodeIgniter.php(494): CodeIgniter\CodeIgniter->runController(Object(App\Controllers\Home))
 8 SYSTEMPATH\CodeIgniter.php(353): CodeIgniter\CodeIgniter->handleRequest(null, Object(Config\Cache), false)
 9 FCPATH\index.php(79): CodeIgniter\CodeIgniter->run()
10 SYSTEMPATH\Commands\Server\rewrite.php(47): require_once('C:\\Users\\eliza\\OneDrive\\Documentos\\Veterinaria\\public\\index.php')
CRITICAL - 2023-11-16 03:07:50 --> Attempt to read property "nombre" on array
in APPPATH\Views\home\home.php on line 75.
 1 APPPATH\Views\home\home.php(75): CodeIgniter\Debug\Exceptions->errorHandler(2, 'Attempt to read property "nombre" on array', 'C:\\Users\\eliza\\OneDrive\\Documentos\\Veterinaria\\app\\Views\\home\\home.php', 75)
 2 SYSTEMPATH\View\View.php(226): include('C:\\Users\\eliza\\OneDrive\\Documentos\\Veterinaria\\app\\Views\\home\\home.php')
 3 SYSTEMPATH\View\View.php(229): CodeIgniter\View\View->CodeIgniter\View\{closure}()
 4 SYSTEMPATH\Common.php(1188): CodeIgniter\View\View->render('home/home', [], true)
 5 APPPATH\Controllers\Home.php(12): view('home/home', [...])
 6 SYSTEMPATH\CodeIgniter.php(919): App\Controllers\Home->index()
 7 SYSTEMPATH\CodeIgniter.php(494): CodeIgniter\CodeIgniter->runController(Object(App\Controllers\Home))
 8 SYSTEMPATH\CodeIgniter.php(353): CodeIgniter\CodeIgniter->handleRequest(null, Object(Config\Cache), false)
 9 FCPATH\index.php(79): CodeIgniter\CodeIgniter->run()
10 SYSTEMPATH\Commands\Server\rewrite.php(47): require_once('C:\\Users\\eliza\\OneDrive\\Documentos\\Veterinaria\\public\\index.php')
CRITICAL - 2023-11-16 03:08:18 --> Attempt to read property "nombre" on array
in APPPATH\Views\home\home.php on line 75.
 1 APPPATH\Views\home\home.php(75): CodeIgniter\Debug\Exceptions->errorHandler(2, 'Attempt to read property "nombre" on array', 'C:\\Users\\eliza\\OneDrive\\Documentos\\Veterinaria\\app\\Views\\home\\home.php', 75)
 2 SYSTEMPATH\View\View.php(226): include('C:\\Users\\eliza\\OneDrive\\Documentos\\Veterinaria\\app\\Views\\home\\home.php')
 3 SYSTEMPATH\View\View.php(229): CodeIgniter\View\View->CodeIgniter\View\{closure}()
 4 SYSTEMPATH\Common.php(1188): CodeIgniter\View\View->render('home/home', [], true)
 5 APPPATH\Controllers\Home.php(12): view('home/home', [...])
 6 SYSTEMPATH\CodeIgniter.php(919): App\Controllers\Home->index()
 7 SYSTEMPATH\CodeIgniter.php(494): CodeIgniter\CodeIgniter->runController(Object(App\Controllers\Home))
 8 SYSTEMPATH\CodeIgniter.php(353): CodeIgniter\CodeIgniter->handleRequest(null, Object(Config\Cache), false)
 9 FCPATH\index.php(79): CodeIgniter\CodeIgniter->run()
10 SYSTEMPATH\Commands\Server\rewrite.php(47): require_once('C:\\Users\\eliza\\OneDrive\\Documentos\\Veterinaria\\public\\index.php')
CRITICAL - 2023-11-16 03:08:44 --> Attempt to read property "nombre" on array
in APPPATH\Views\home\home.php on line 75.
 1 APPPATH\Views\home\home.php(75): CodeIgniter\Debug\Exceptions->errorHandler(2, 'Attempt to read property "nombre" on array', 'C:\\Users\\eliza\\OneDrive\\Documentos\\Veterinaria\\app\\Views\\home\\home.php', 75)
 2 SYSTEMPATH\View\View.php(226): include('C:\\Users\\eliza\\OneDrive\\Documentos\\Veterinaria\\app\\Views\\home\\home.php')
 3 SYSTEMPATH\View\View.php(229): CodeIgniter\View\View->CodeIgniter\View\{closure}()
 4 SYSTEMPATH\Common.php(1188): CodeIgniter\View\View->render('home/home', [], true)
 5 APPPATH\Controllers\Home.php(12): view('home/home', [...])
 6 SYSTEMPATH\CodeIgniter.php(919): App\Controllers\Home->index()
 7 SYSTEMPATH\CodeIgniter.php(494): CodeIgniter\CodeIgniter->runController(Object(App\Controllers\Home))
 8 SYSTEMPATH\CodeIgniter.php(353): CodeIgniter\CodeIgniter->handleRequest(null, Object(Config\Cache), false)
 9 FCPATH\index.php(79): CodeIgniter\CodeIgniter->run()
10 SYSTEMPATH\Commands\Server\rewrite.php(47): require_once('C:\\Users\\eliza\\OneDrive\\Documentos\\Veterinaria\\public\\index.php')
CRITICAL - 2023-11-16 03:35:16 --> Undefined variable $data
in APPPATH\Controllers\Home.php on line 10.
 1 APPPATH\Controllers\Home.php(10): CodeIgniter\Debug\Exceptions->errorHandler(2, 'Undefined variable $data', 'C:\\Users\\eliza\\OneDrive\\Documentos\\Veterinaria\\app\\Controllers\\Home.php', 10)
 2 SYSTEMPATH\CodeIgniter.php(919): App\Controllers\Home->index()
 3 SYSTEMPATH\CodeIgniter.php(494): CodeIgniter\CodeIgniter->runController(Object(App\Controllers\Home))
 4 SYSTEMPATH\CodeIgniter.php(353): CodeIgniter\CodeIgniter->handleRequest(null, Object(Config\Cache), false)
 5 FCPATH\index.php(79): CodeIgniter\CodeIgniter->run()
 6 SYSTEMPATH\Commands\Server\rewrite.php(47): require_once('C:\\Users\\eliza\\OneDrive\\Documentos\\Veterinaria\\public\\index.php')
CRITICAL - 2023-11-16 04:27:06 --> Undefined variable $consulta
in APPPATH\Views\medicamentos\editar.php on line 8.
 1 APPPATH\Views\medicamentos\editar.php(8): CodeIgniter\Debug\Exceptions->errorHandler(2, 'Undefined variable $consulta', 'C:\\Users\\eliza\\OneDrive\\Documentos\\Veterinaria\\app\\Views\\medicamentos\\editar.php', 8)
 2 SYSTEMPATH\View\View.php(226): include('C:\\Users\\eliza\\OneDrive\\Documentos\\Veterinaria\\app\\Views\\medicamentos\\editar.php')
 3 SYSTEMPATH\View\View.php(229): CodeIgniter\View\View->CodeIgniter\View\{closure}()
 4 SYSTEMPATH\Common.php(1188): CodeIgniter\View\View->render('medicamentos/editar', [], true)
 5 APPPATH\Controllers\Medicamentos.php(80): view('medicamentos/editar', [...])
 6 SYSTEMPATH\CodeIgniter.php(919): App\Controllers\Medicamentos->editar('1')
 7 SYSTEMPATH\CodeIgniter.php(494): CodeIgniter\CodeIgniter->runController(Object(App\Controllers\Medicamentos))
 8 SYSTEMPATH\CodeIgniter.php(353): CodeIgniter\CodeIgniter->handleRequest(null, Object(Config\Cache), false)
 9 FCPATH\index.php(79): CodeIgniter\CodeIgniter->run()
10 SYSTEMPATH\Commands\Server\rewrite.php(47): require_once('C:\\Users\\eliza\\OneDrive\\Documentos\\Veterinaria\\public\\index.php')
CRITICAL - 2023-11-16 04:31:19 --> Undefined variable $consulta
in APPPATH\Views\medicamentos\editar.php on line 8.
 1 APPPATH\Views\medicamentos\editar.php(8): CodeIgniter\Debug\Exceptions->errorHandler(2, 'Undefined variable $consulta', 'C:\\Users\\eliza\\OneDrive\\Documentos\\Veterinaria\\app\\Views\\medicamentos\\editar.php', 8)
 2 SYSTEMPATH\View\View.php(226): include('C:\\Users\\eliza\\OneDrive\\Documentos\\Veterinaria\\app\\Views\\medicamentos\\editar.php')
 3 SYSTEMPATH\View\View.php(229): CodeIgniter\View\View->CodeIgniter\View\{closure}()
 4 SYSTEMPATH\Common.php(1188): CodeIgniter\View\View->render('medicamentos/editar', [], true)
 5 APPPATH\Controllers\Medicamentos.php(80): view('medicamentos/editar', [...])
 6 SYSTEMPATH\CodeIgniter.php(919): App\Controllers\Medicamentos->editar('1')
 7 SYSTEMPATH\CodeIgniter.php(494): CodeIgniter\CodeIgniter->runController(Object(App\Controllers\Medicamentos))
 8 SYSTEMPATH\CodeIgniter.php(353): CodeIgniter\CodeIgniter->handleRequest(null, Object(Config\Cache), false)
 9 FCPATH\index.php(79): CodeIgniter\CodeIgniter->run()
10 SYSTEMPATH\Commands\Server\rewrite.php(47): require_once('C:\\Users\\eliza\\OneDrive\\Documentos\\Veterinaria\\public\\index.php')
CRITICAL - 2023-11-16 17:07:55 --> Call to a member function findAll() on null
in APPPATH\Controllers\Medicamentos.php on line 117.
 1 SYSTEMPATH\CodeIgniter.php(919): App\Controllers\Medicamentos->buscar()
 2 SYSTEMPATH\CodeIgniter.php(494): CodeIgniter\CodeIgniter->runController(Object(App\Controllers\Medicamentos))
 3 SYSTEMPATH\CodeIgniter.php(353): CodeIgniter\CodeIgniter->handleRequest(null, Object(Config\Cache), false)
 4 FCPATH\index.php(79): CodeIgniter\CodeIgniter->run()
 5 SYSTEMPATH\Commands\Server\rewrite.php(47): require_once('C:\\Users\\eliza\\OneDrive\\Documentos\\Veterinaria\\public\\index.php')
CRITICAL - 2023-11-16 18:01:41 --> Undefined variable $consultas
in APPPATH\Views\medicamentos\buscar.php on line 45.
 1 APPPATH\Views\medicamentos\buscar.php(45): CodeIgniter\Debug\Exceptions->errorHandler(2, 'Undefined variable $consultas', 'C:\\Users\\eliza\\OneDrive\\Documentos\\Veterinaria\\app\\Views\\medicamentos\\buscar.php', 45)
 2 SYSTEMPATH\View\View.php(226): include('C:\\Users\\eliza\\OneDrive\\Documentos\\Veterinaria\\app\\Views\\medicamentos\\buscar.php')
 3 SYSTEMPATH\View\View.php(229): CodeIgniter\View\View->CodeIgniter\View\{closure}()
 4 SYSTEMPATH\Common.php(1188): CodeIgniter\View\View->render('medicamentos/buscar', [], true)
 5 APPPATH\Controllers\Medicamentos.php(125): view('medicamentos/buscar', [...])
 6 SYSTEMPATH\CodeIgniter.php(919): App\Controllers\Medicamentos->buscar()
 7 SYSTEMPATH\CodeIgniter.php(494): CodeIgniter\CodeIgniter->runController(Object(App\Controllers\Medicamentos))
 8 SYSTEMPATH\CodeIgniter.php(353): CodeIgniter\CodeIgniter->handleRequest(null, Object(Config\Cache), false)
 9 FCPATH\index.php(79): CodeIgniter\CodeIgniter->run()
10 SYSTEMPATH\Commands\Server\rewrite.php(47): require_once('C:\\Users\\eliza\\OneDrive\\Documentos\\Veterinaria\\public\\index.php')
CRITICAL - 2023-11-16 18:02:38 --> Undefined variable $consultas
in APPPATH\Views\medicamentos\buscar.php on line 45.
 1 APPPATH\Views\medicamentos\buscar.php(45): CodeIgniter\Debug\Exceptions->errorHandler(2, 'Undefined variable $consultas', 'C:\\Users\\eliza\\OneDrive\\Documentos\\Veterinaria\\app\\Views\\medicamentos\\buscar.php', 45)
 2 SYSTEMPATH\View\View.php(226): include('C:\\Users\\eliza\\OneDrive\\Documentos\\Veterinaria\\app\\Views\\medicamentos\\buscar.php')
 3 SYSTEMPATH\View\View.php(229): CodeIgniter\View\View->CodeIgniter\View\{closure}()
 4 SYSTEMPATH\Common.php(1188): CodeIgniter\View\View->render('medicamentos/buscar', [], true)
 5 APPPATH\Controllers\Medicamentos.php(125): view('medicamentos/buscar', [...])
 6 SYSTEMPATH\CodeIgniter.php(919): App\Controllers\Medicamentos->buscar()
 7 SYSTEMPATH\CodeIgniter.php(494): CodeIgniter\CodeIgniter->runController(Object(App\Controllers\Medicamentos))
 8 SYSTEMPATH\CodeIgniter.php(353): CodeIgniter\CodeIgniter->handleRequest(null, Object(Config\Cache), false)
 9 FCPATH\index.php(79): CodeIgniter\CodeIgniter->run()
10 SYSTEMPATH\Commands\Server\rewrite.php(47): require_once('C:\\Users\\eliza\\OneDrive\\Documentos\\Veterinaria\\public\\index.php')
CRITICAL - 2023-11-16 18:02:39 --> Undefined variable $consultas
in APPPATH\Views\medicamentos\buscar.php on line 45.
 1 APPPATH\Views\medicamentos\buscar.php(45): CodeIgniter\Debug\Exceptions->errorHandler(2, 'Undefined variable $consultas', 'C:\\Users\\eliza\\OneDrive\\Documentos\\Veterinaria\\app\\Views\\medicamentos\\buscar.php', 45)
 2 SYSTEMPATH\View\View.php(226): include('C:\\Users\\eliza\\OneDrive\\Documentos\\Veterinaria\\app\\Views\\medicamentos\\buscar.php')
 3 SYSTEMPATH\View\View.php(229): CodeIgniter\View\View->CodeIgniter\View\{closure}()
 4 SYSTEMPATH\Common.php(1188): CodeIgniter\View\View->render('medicamentos/buscar', [], true)
 5 APPPATH\Controllers\Medicamentos.php(125): view('medicamentos/buscar', [...])
 6 SYSTEMPATH\CodeIgniter.php(919): App\Controllers\Medicamentos->buscar()
 7 SYSTEMPATH\CodeIgniter.php(494): CodeIgniter\CodeIgniter->runController(Object(App\Controllers\Medicamentos))
 8 SYSTEMPATH\CodeIgniter.php(353): CodeIgniter\CodeIgniter->handleRequest(null, Object(Config\Cache), false)
 9 FCPATH\index.php(79): CodeIgniter\CodeIgniter->run()
10 SYSTEMPATH\Commands\Server\rewrite.php(47): require_once('C:\\Users\\eliza\\OneDrive\\Documentos\\Veterinaria\\public\\index.php')
CRITICAL - 2023-11-16 18:02:45 --> Undefined variable $consultas
in APPPATH\Views\medicamentos\buscar.php on line 45.
 1 APPPATH\Views\medicamentos\buscar.php(45): CodeIgniter\Debug\Exceptions->errorHandler(2, 'Undefined variable $consultas', 'C:\\Users\\eliza\\OneDrive\\Documentos\\Veterinaria\\app\\Views\\medicamentos\\buscar.php', 45)
 2 SYSTEMPATH\View\View.php(226): include('C:\\Users\\eliza\\OneDrive\\Documentos\\Veterinaria\\app\\Views\\medicamentos\\buscar.php')
 3 SYSTEMPATH\View\View.php(229): CodeIgniter\View\View->CodeIgniter\View\{closure}()
 4 SYSTEMPATH\Common.php(1188): CodeIgniter\View\View->render('medicamentos/buscar', [], true)
 5 APPPATH\Controllers\Medicamentos.php(125): view('medicamentos/buscar', [...])
 6 SYSTEMPATH\CodeIgniter.php(919): App\Controllers\Medicamentos->buscar()
 7 SYSTEMPATH\CodeIgniter.php(494): CodeIgniter\CodeIgniter->runController(Object(App\Controllers\Medicamentos))
 8 SYSTEMPATH\CodeIgniter.php(353): CodeIgniter\CodeIgniter->handleRequest(null, Object(Config\Cache), false)
 9 FCPATH\index.php(79): CodeIgniter\CodeIgniter->run()
10 SYSTEMPATH\Commands\Server\rewrite.php(47): require_once('C:\\Users\\eliza\\OneDrive\\Documentos\\Veterinaria\\public\\index.php')
CRITICAL - 2023-11-16 18:26:22 --> Undefined property: stdClass::$idVterinario
in APPPATH\Views\consultas\mostrar.php on line 25.
 1 APPPATH\Views\consultas\mostrar.php(25): CodeIgniter\Debug\Exceptions->errorHandler(2, 'Undefined property: stdClass::$idVterinario', 'C:\\Users\\eliza\\OneDrive\\Documentos\\Veterinaria\\app\\Views\\consultas\\mostrar.php', 25)
 2 SYSTEMPATH\View\View.php(226): include('C:\\Users\\eliza\\OneDrive\\Documentos\\Veterinaria\\app\\Views\\consultas\\mostrar.php')
 3 SYSTEMPATH\View\View.php(229): CodeIgniter\View\View->CodeIgniter\View\{closure}()
 4 SYSTEMPATH\Common.php(1188): CodeIgniter\View\View->render('consultas/mostrar', [], true)
 5 APPPATH\Controllers\Consultas.php(21): view('consultas/mostrar', [...])
 6 SYSTEMPATH\CodeIgniter.php(919): App\Controllers\Consultas->mostrar()
 7 SYSTEMPATH\CodeIgniter.php(494): CodeIgniter\CodeIgniter->runController(Object(App\Controllers\Consultas))
 8 SYSTEMPATH\CodeIgniter.php(353): CodeIgniter\CodeIgniter->handleRequest(null, Object(Config\Cache), false)
 9 FCPATH\index.php(79): CodeIgniter\CodeIgniter->run()
10 SYSTEMPATH\Commands\Server\rewrite.php(47): require_once('C:\\Users\\eliza\\OneDrive\\Documentos\\Veterinaria\\public\\index.php')
CRITICAL - 2023-11-16 18:26:59 --> Undefined variable $veterinariosModel
in APPPATH\Controllers\Consultas.php on line 30.
 1 APPPATH\Controllers\Consultas.php(30): CodeIgniter\Debug\Exceptions->errorHandler(2, 'Undefined variable $veterinariosModel', 'C:\\Users\\eliza\\OneDrive\\Documentos\\Veterinaria\\app\\Controllers\\Consultas.php', 30)
 2 SYSTEMPATH\CodeIgniter.php(919): App\Controllers\Consultas->agregar()
 3 SYSTEMPATH\CodeIgniter.php(494): CodeIgniter\CodeIgniter->runController(Object(App\Controllers\Consultas))
 4 SYSTEMPATH\CodeIgniter.php(353): CodeIgniter\CodeIgniter->handleRequest(null, Object(Config\Cache), false)
 5 FCPATH\index.php(79): CodeIgniter\CodeIgniter->run()
 6 SYSTEMPATH\Commands\Server\rewrite.php(47): require_once('C:\\Users\\eliza\\OneDrive\\Documentos\\Veterinaria\\public\\index.php')
