CRITICAL - 2023-11-27 00:01:02 --> Undefined array key "veterinario"
in APPPATH\Controllers\Consultas.php on line 62.
 1 APPPATH\Controllers\Consultas.php(62): CodeIgniter\Debug\Exceptions->errorHandler(2, 'Undefined array key "veterinario"', 'C:\\Users\\eliza\\OneDrive\\Documentos\\Veterinaria\\app\\Controllers\\Consultas.php', 62)
 2 SYSTEMPATH\CodeIgniter.php(919): App\Controllers\Consultas->insert()
 3 SYSTEMPATH\CodeIgniter.php(494): CodeIgniter\CodeIgniter->runController(Object(App\Controllers\Consultas))
 4 SYSTEMPATH\CodeIgniter.php(353): CodeIgniter\CodeIgniter->handleRequest(null, Object(Config\Cache), false)
 5 FCPATH\index.php(79): CodeIgniter\CodeIgniter->run()
 6 SYSTEMPATH\Commands\Server\rewrite.php(47): require_once('C:\\Users\\eliza\\OneDrive\\Documentos\\Veterinaria\\public\\index.php')
CRITICAL - 2023-11-27 00:01:08 --> Undefined array key "veterinario"
in APPPATH\Controllers\Consultas.php on line 62.
 1 APPPATH\Controllers\Consultas.php(62): CodeIgniter\Debug\Exceptions->errorHandler(2, 'Undefined array key "veterinario"', 'C:\\Users\\eliza\\OneDrive\\Documentos\\Veterinaria\\app\\Controllers\\Consultas.php', 62)
 2 SYSTEMPATH\CodeIgniter.php(919): App\Controllers\Consultas->insert()
 3 SYSTEMPATH\CodeIgniter.php(494): CodeIgniter\CodeIgniter->runController(Object(App\Controllers\Consultas))
 4 SYSTEMPATH\CodeIgniter.php(353): CodeIgniter\CodeIgniter->handleRequest(null, Object(Config\Cache), false)
 5 FCPATH\index.php(79): CodeIgniter\CodeIgniter->run()
 6 SYSTEMPATH\Commands\Server\rewrite.php(47): require_once('C:\\Users\\eliza\\OneDrive\\Documentos\\Veterinaria\\public\\index.php')
CRITICAL - 2023-11-27 00:02:31 --> Undefined array key "veterinario"
in APPPATH\Controllers\Consultas.php on line 62.
 1 APPPATH\Controllers\Consultas.php(62): CodeIgniter\Debug\Exceptions->errorHandler(2, 'Undefined array key "veterinario"', 'C:\\Users\\eliza\\OneDrive\\Documentos\\Veterinaria\\app\\Controllers\\Consultas.php', 62)
 2 SYSTEMPATH\CodeIgniter.php(919): App\Controllers\Consultas->insert()
 3 SYSTEMPATH\CodeIgniter.php(494): CodeIgniter\CodeIgniter->runController(Object(App\Controllers\Consultas))
 4 SYSTEMPATH\CodeIgniter.php(353): CodeIgniter\CodeIgniter->handleRequest(null, Object(Config\Cache), false)
 5 FCPATH\index.php(79): CodeIgniter\CodeIgniter->run()
 6 SYSTEMPATH\Commands\Server\rewrite.php(47): require_once('C:\\Users\\eliza\\OneDrive\\Documentos\\Veterinaria\\public\\index.php')
CRITICAL - 2023-11-27 00:05:18 --> Undefined array key "veterinario"
in APPPATH\Controllers\Consultas.php on line 62.
 1 APPPATH\Controllers\Consultas.php(62): CodeIgniter\Debug\Exceptions->errorHandler(2, 'Undefined array key "veterinario"', 'C:\\Users\\eliza\\OneDrive\\Documentos\\Veterinaria\\app\\Controllers\\Consultas.php', 62)
 2 SYSTEMPATH\CodeIgniter.php(919): App\Controllers\Consultas->insert()
 3 SYSTEMPATH\CodeIgniter.php(494): CodeIgniter\CodeIgniter->runController(Object(App\Controllers\Consultas))
 4 SYSTEMPATH\CodeIgniter.php(353): CodeIgniter\CodeIgniter->handleRequest(null, Object(Config\Cache), false)
 5 FCPATH\index.php(79): CodeIgniter\CodeIgniter->run()
 6 SYSTEMPATH\Commands\Server\rewrite.php(47): require_once('C:\\Users\\eliza\\OneDrive\\Documentos\\Veterinaria\\public\\index.php')
CRITICAL - 2023-11-27 00:26:49 --> Call to a member function findAll() on null
in APPPATH\Controllers\HistorialMedico.php on line 42.
 1 SYSTEMPATH\CodeIgniter.php(919): App\Controllers\HistorialMedico->agregar()
 2 SYSTEMPATH\CodeIgniter.php(494): CodeIgniter\CodeIgniter->runController(Object(App\Controllers\HistorialMedico))
 3 SYSTEMPATH\CodeIgniter.php(353): CodeIgniter\CodeIgniter->handleRequest(null, Object(Config\Cache), false)
 4 FCPATH\index.php(79): CodeIgniter\CodeIgniter->run()
 5 SYSTEMPATH\Commands\Server\rewrite.php(47): require_once('C:\\Users\\eliza\\OneDrive\\Documentos\\Veterinaria\\public\\index.php')
CRITICAL - 2023-11-27 00:36:12 --> Call to a member function findAll() on null
in APPPATH\Controllers\Veterinarios.php on line 30.
 1 SYSTEMPATH\CodeIgniter.php(919): App\Controllers\Veterinarios->agregar()
 2 SYSTEMPATH\CodeIgniter.php(494): CodeIgniter\CodeIgniter->runController(Object(App\Controllers\Veterinarios))
 3 SYSTEMPATH\CodeIgniter.php(353): CodeIgniter\CodeIgniter->handleRequest(null, Object(Config\Cache), false)
 4 FCPATH\index.php(79): CodeIgniter\CodeIgniter->run()
 5 SYSTEMPATH\Commands\Server\rewrite.php(47): require_once('C:\\Users\\eliza\\OneDrive\\Documentos\\Veterinaria\\public\\index.php')
CRITICAL - 2023-11-27 01:54:46 --> Undefined variable $dietaModel
in APPPATH\Controllers\Veterinarios.php on line 30.
 1 APPPATH\Controllers\Veterinarios.php(30): CodeIgniter\Debug\Exceptions->errorHandler(2, 'Undefined variable $dietaModel', 'C:\\Users\\eliza\\OneDrive\\Documentos\\Veterinaria\\app\\Controllers\\Veterinarios.php', 30)
 2 SYSTEMPATH\CodeIgniter.php(919): App\Controllers\Veterinarios->agregar()
 3 SYSTEMPATH\CodeIgniter.php(494): CodeIgniter\CodeIgniter->runController(Object(App\Controllers\Veterinarios))
 4 SYSTEMPATH\CodeIgniter.php(353): CodeIgniter\CodeIgniter->handleRequest(null, Object(Config\Cache), false)
 5 FCPATH\index.php(79): CodeIgniter\CodeIgniter->run()
 6 SYSTEMPATH\Commands\Server\rewrite.php(47): require_once('C:\\Users\\eliza\\OneDrive\\Documentos\\Veterinaria\\public\\index.php')
CRITICAL - 2023-11-27 03:37:07 --> Invalid file: "veterinarios/buscar.php"
in SYSTEMPATH\Exceptions\FrameworkException.php on line 39.
 1 SYSTEMPATH\View\View.php(214): CodeIgniter\Exceptions\FrameworkException::forInvalidFile('veterinarios/buscar.php')
 2 SYSTEMPATH\Common.php(1188): CodeIgniter\View\View->render('veterinarios/buscar', [], true)
 3 APPPATH\Controllers\Veterinarios.php(130): view('veterinarios/buscar', [...])
 4 SYSTEMPATH\CodeIgniter.php(919): App\Controllers\Veterinarios->buscar()
 5 SYSTEMPATH\CodeIgniter.php(494): CodeIgniter\CodeIgniter->runController(Object(App\Controllers\Veterinarios))
 6 SYSTEMPATH\CodeIgniter.php(353): CodeIgniter\CodeIgniter->handleRequest(null, Object(Config\Cache), false)
 7 FCPATH\index.php(79): CodeIgniter\CodeIgniter->run()
 8 SYSTEMPATH\Commands\Server\rewrite.php(47): require_once('C:\\Users\\eliza\\OneDrive\\Documentos\\Veterinaria\\public\\index.php')
CRITICAL - 2023-11-27 03:38:24 --> Call to a member function find() on null
in APPPATH\Controllers\Veterinarios.php on line 76.
 1 SYSTEMPATH\CodeIgniter.php(919): App\Controllers\Veterinarios->editar('1')
 2 SYSTEMPATH\CodeIgniter.php(494): CodeIgniter\CodeIgniter->runController(Object(App\Controllers\Veterinarios))
 3 SYSTEMPATH\CodeIgniter.php(353): CodeIgniter\CodeIgniter->handleRequest(null, Object(Config\Cache), false)
 4 FCPATH\index.php(79): CodeIgniter\CodeIgniter->run()
 5 SYSTEMPATH\Commands\Server\rewrite.php(47): require_once('C:\\Users\\eliza\\OneDrive\\Documentos\\Veterinaria\\public\\index.php')
CRITICAL - 2023-11-27 03:47:10 --> Call to a member function find() on null
in APPPATH\Controllers\Veterinarios.php on line 76.
 1 SYSTEMPATH\CodeIgniter.php(919): App\Controllers\Veterinarios->editar('1')
 2 SYSTEMPATH\CodeIgniter.php(494): CodeIgniter\CodeIgniter->runController(Object(App\Controllers\Veterinarios))
 3 SYSTEMPATH\CodeIgniter.php(353): CodeIgniter\CodeIgniter->handleRequest(null, Object(Config\Cache), false)
 4 FCPATH\index.php(79): CodeIgniter\CodeIgniter->run()
 5 SYSTEMPATH\Commands\Server\rewrite.php(47): require_once('C:\\Users\\eliza\\OneDrive\\Documentos\\Veterinaria\\public\\index.php')
CRITICAL - 2023-11-27 03:47:13 --> Call to a member function find() on null
in APPPATH\Controllers\Veterinarios.php on line 76.
 1 SYSTEMPATH\CodeIgniter.php(919): App\Controllers\Veterinarios->editar('1')
 2 SYSTEMPATH\CodeIgniter.php(494): CodeIgniter\CodeIgniter->runController(Object(App\Controllers\Veterinarios))
 3 SYSTEMPATH\CodeIgniter.php(353): CodeIgniter\CodeIgniter->handleRequest(null, Object(Config\Cache), false)
 4 FCPATH\index.php(79): CodeIgniter\CodeIgniter->run()
 5 SYSTEMPATH\Commands\Server\rewrite.php(47): require_once('C:\\Users\\eliza\\OneDrive\\Documentos\\Veterinaria\\public\\index.php')
CRITICAL - 2023-11-27 03:47:19 --> Call to a member function find() on null
in APPPATH\Controllers\Veterinarios.php on line 76.
 1 SYSTEMPATH\CodeIgniter.php(919): App\Controllers\Veterinarios->editar('1')
 2 SYSTEMPATH\CodeIgniter.php(494): CodeIgniter\CodeIgniter->runController(Object(App\Controllers\Veterinarios))
 3 SYSTEMPATH\CodeIgniter.php(353): CodeIgniter\CodeIgniter->handleRequest(null, Object(Config\Cache), false)
 4 FCPATH\index.php(79): CodeIgniter\CodeIgniter->run()
 5 SYSTEMPATH\Commands\Server\rewrite.php(47): require_once('C:\\Users\\eliza\\OneDrive\\Documentos\\Veterinaria\\public\\index.php')
CRITICAL - 2023-11-27 03:47:48 --> Undefined variable $consulta
in APPPATH\Views\veterinarios\editar.php on line 25.
 1 APPPATH\Views\veterinarios\editar.php(25): CodeIgniter\Debug\Exceptions->errorHandler(2, 'Undefined variable $consulta', 'C:\\Users\\eliza\\OneDrive\\Documentos\\Veterinaria\\app\\Views\\veterinarios\\editar.php', 25)
 2 SYSTEMPATH\View\View.php(226): include('C:\\Users\\eliza\\OneDrive\\Documentos\\Veterinaria\\app\\Views\\veterinarios\\editar.php')
 3 SYSTEMPATH\View\View.php(229): CodeIgniter\View\View->CodeIgniter\View\{closure}()
 4 SYSTEMPATH\Common.php(1188): CodeIgniter\View\View->render('veterinarios/editar', [], true)
 5 APPPATH\Controllers\Veterinarios.php(81): view('veterinarios/editar', [...])
 6 SYSTEMPATH\CodeIgniter.php(919): App\Controllers\Veterinarios->editar('1')
 7 SYSTEMPATH\CodeIgniter.php(494): CodeIgniter\CodeIgniter->runController(Object(App\Controllers\Veterinarios))
 8 SYSTEMPATH\CodeIgniter.php(353): CodeIgniter\CodeIgniter->handleRequest(null, Object(Config\Cache), false)
 9 FCPATH\index.php(79): CodeIgniter\CodeIgniter->run()
10 SYSTEMPATH\Commands\Server\rewrite.php(47): require_once('C:\\Users\\eliza\\OneDrive\\Documentos\\Veterinaria\\public\\index.php')
CRITICAL - 2023-11-27 03:49:56 --> Undefined array key "idDieta"
in APPPATH\Controllers\Veterinarios.php on line 98.
 1 APPPATH\Controllers\Veterinarios.php(98): CodeIgniter\Debug\Exceptions->errorHandler(2, 'Undefined array key "idDieta"', 'C:\\Users\\eliza\\OneDrive\\Documentos\\Veterinaria\\app\\Controllers\\Veterinarios.php', 98)
 2 SYSTEMPATH\CodeIgniter.php(919): App\Controllers\Veterinarios->update()
 3 SYSTEMPATH\CodeIgniter.php(494): CodeIgniter\CodeIgniter->runController(Object(App\Controllers\Veterinarios))
 4 SYSTEMPATH\CodeIgniter.php(353): CodeIgniter\CodeIgniter->handleRequest(null, Object(Config\Cache), false)
 5 FCPATH\index.php(79): CodeIgniter\CodeIgniter->run()
 6 SYSTEMPATH\Commands\Server\rewrite.php(47): require_once('C:\\Users\\eliza\\OneDrive\\Documentos\\Veterinaria\\public\\index.php')
CRITICAL - 2023-11-27 03:50:22 --> Undefined array key "idVeterinarios"
in APPPATH\Controllers\Veterinarios.php on line 98.
 1 APPPATH\Controllers\Veterinarios.php(98): CodeIgniter\Debug\Exceptions->errorHandler(2, 'Undefined array key "idVeterinarios"', 'C:\\Users\\eliza\\OneDrive\\Documentos\\Veterinaria\\app\\Controllers\\Veterinarios.php', 98)
 2 SYSTEMPATH\CodeIgniter.php(919): App\Controllers\Veterinarios->update()
 3 SYSTEMPATH\CodeIgniter.php(494): CodeIgniter\CodeIgniter->runController(Object(App\Controllers\Veterinarios))
 4 SYSTEMPATH\CodeIgniter.php(353): CodeIgniter\CodeIgniter->handleRequest(null, Object(Config\Cache), false)
 5 FCPATH\index.php(79): CodeIgniter\CodeIgniter->run()
 6 SYSTEMPATH\Commands\Server\rewrite.php(47): require_once('C:\\Users\\eliza\\OneDrive\\Documentos\\Veterinaria\\public\\index.php')
CRITICAL - 2023-11-27 03:50:38 --> Undefined variable $consultas
in APPPATH\Views\veterinarios\buscar.php on line 45.
 1 APPPATH\Views\veterinarios\buscar.php(45): CodeIgniter\Debug\Exceptions->errorHandler(2, 'Undefined variable $consultas', 'C:\\Users\\eliza\\OneDrive\\Documentos\\Veterinaria\\app\\Views\\veterinarios\\buscar.php', 45)
 2 SYSTEMPATH\View\View.php(226): include('C:\\Users\\eliza\\OneDrive\\Documentos\\Veterinaria\\app\\Views\\veterinarios\\buscar.php')
 3 SYSTEMPATH\View\View.php(229): CodeIgniter\View\View->CodeIgniter\View\{closure}()
 4 SYSTEMPATH\Common.php(1188): CodeIgniter\View\View->render('veterinarios/buscar', [], true)
 5 APPPATH\Controllers\Veterinarios.php(130): view('veterinarios/buscar', [...])
 6 SYSTEMPATH\CodeIgniter.php(919): App\Controllers\Veterinarios->buscar()
 7 SYSTEMPATH\CodeIgniter.php(494): CodeIgniter\CodeIgniter->runController(Object(App\Controllers\Veterinarios))
 8 SYSTEMPATH\CodeIgniter.php(353): CodeIgniter\CodeIgniter->handleRequest(null, Object(Config\Cache), false)
 9 FCPATH\index.php(79): CodeIgniter\CodeIgniter->run()
10 SYSTEMPATH\Commands\Server\rewrite.php(47): require_once('C:\\Users\\eliza\\OneDrive\\Documentos\\Veterinaria\\public\\index.php')
CRITICAL - 2023-11-27 03:52:14 --> Undefined variable $consultas
in APPPATH\Views\veterinarios\buscar.php on line 45.
 1 APPPATH\Views\veterinarios\buscar.php(45): CodeIgniter\Debug\Exceptions->errorHandler(2, 'Undefined variable $consultas', 'C:\\Users\\eliza\\OneDrive\\Documentos\\Veterinaria\\app\\Views\\veterinarios\\buscar.php', 45)
 2 SYSTEMPATH\View\View.php(226): include('C:\\Users\\eliza\\OneDrive\\Documentos\\Veterinaria\\app\\Views\\veterinarios\\buscar.php')
 3 SYSTEMPATH\View\View.php(229): CodeIgniter\View\View->CodeIgniter\View\{closure}()
 4 SYSTEMPATH\Common.php(1188): CodeIgniter\View\View->render('veterinarios/buscar', [], true)
 5 APPPATH\Controllers\Veterinarios.php(130): view('veterinarios/buscar', [...])
 6 SYSTEMPATH\CodeIgniter.php(919): App\Controllers\Veterinarios->buscar()
 7 SYSTEMPATH\CodeIgniter.php(494): CodeIgniter\CodeIgniter->runController(Object(App\Controllers\Veterinarios))
 8 SYSTEMPATH\CodeIgniter.php(353): CodeIgniter\CodeIgniter->handleRequest(null, Object(Config\Cache), false)
 9 FCPATH\index.php(79): CodeIgniter\CodeIgniter->run()
10 SYSTEMPATH\Commands\Server\rewrite.php(47): require_once('C:\\Users\\eliza\\OneDrive\\Documentos\\Veterinaria\\public\\index.php')
CRITICAL - 2023-11-27 04:16:50 --> Invalid file: "accesorios/agregar.php"
in SYSTEMPATH\Exceptions\FrameworkException.php on line 39.
 1 SYSTEMPATH\View\View.php(214): CodeIgniter\Exceptions\FrameworkException::forInvalidFile('accesorios/agregar.php')
 2 SYSTEMPATH\Common.php(1188): CodeIgniter\View\View->render('accesorios/agregar', [...], true)
 3 APPPATH\Controllers\Accesorios.php(48): view('accesorios/agregar', [...], [...])
 4 SYSTEMPATH\CodeIgniter.php(919): App\Controllers\Accesorios->agregar()
 5 SYSTEMPATH\CodeIgniter.php(494): CodeIgniter\CodeIgniter->runController(Object(App\Controllers\Accesorios))
 6 SYSTEMPATH\CodeIgniter.php(353): CodeIgniter\CodeIgniter->handleRequest(null, Object(Config\Cache), false)
 7 FCPATH\index.php(79): CodeIgniter\CodeIgniter->run()
 8 SYSTEMPATH\Commands\Server\rewrite.php(47): require_once('C:\\Users\\eliza\\OneDrive\\Documentos\\Veterinaria\\public\\index.php')
CRITICAL - 2023-11-27 04:43:52 --> Invalid file: "accesorios/editar.php"
in SYSTEMPATH\Exceptions\FrameworkException.php on line 39.
 1 SYSTEMPATH\View\View.php(214): CodeIgniter\Exceptions\FrameworkException::forInvalidFile('accesorios/editar.php')
 2 SYSTEMPATH\Common.php(1188): CodeIgniter\View\View->render('accesorios/editar', [], true)
 3 APPPATH\Controllers\Accesorios.php(81): view('accesorios/editar', [...])
 4 SYSTEMPATH\CodeIgniter.php(919): App\Controllers\Accesorios->editar('1')
 5 SYSTEMPATH\CodeIgniter.php(494): CodeIgniter\CodeIgniter->runController(Object(App\Controllers\Accesorios))
 6 SYSTEMPATH\CodeIgniter.php(353): CodeIgniter\CodeIgniter->handleRequest(null, Object(Config\Cache), false)
 7 FCPATH\index.php(79): CodeIgniter\CodeIgniter->run()
 8 SYSTEMPATH\Commands\Server\rewrite.php(47): require_once('C:\\Users\\eliza\\OneDrive\\Documentos\\Veterinaria\\public\\index.php')
CRITICAL - 2023-11-27 20:00:53 --> Undefined variable $consulta
in APPPATH\Views\accesorios\editar.php on line 11.
 1 APPPATH\Views\accesorios\editar.php(11): CodeIgniter\Debug\Exceptions->errorHandler(2, 'Undefined variable $consulta', 'C:\\Users\\eliza\\OneDrive\\Documentos\\Veterinaria\\app\\Views\\accesorios\\editar.php', 11)
 2 SYSTEMPATH\View\View.php(226): include('C:\\Users\\eliza\\OneDrive\\Documentos\\Veterinaria\\app\\Views\\accesorios\\editar.php')
 3 SYSTEMPATH\View\View.php(229): CodeIgniter\View\View->CodeIgniter\View\{closure}()
 4 SYSTEMPATH\Common.php(1188): CodeIgniter\View\View->render('accesorios/editar', [], true)
 5 APPPATH\Controllers\Accesorios.php(81): view('accesorios/editar', [...])
 6 SYSTEMPATH\CodeIgniter.php(919): App\Controllers\Accesorios->editar('1')
 7 SYSTEMPATH\CodeIgniter.php(494): CodeIgniter\CodeIgniter->runController(Object(App\Controllers\Accesorios))
 8 SYSTEMPATH\CodeIgniter.php(353): CodeIgniter\CodeIgniter->handleRequest(null, Object(Config\Cache), false)
 9 FCPATH\index.php(79): CodeIgniter\CodeIgniter->run()
10 SYSTEMPATH\Commands\Server\rewrite.php(47): require_once('C:\\Users\\eliza\\OneDrive\\Documentos\\Veterinaria\\public\\index.php')
CRITICAL - 2023-11-27 20:09:13 --> Invalid file: "accesorios/buscar.php"
in SYSTEMPATH\Exceptions\FrameworkException.php on line 39.
 1 SYSTEMPATH\View\View.php(214): CodeIgniter\Exceptions\FrameworkException::forInvalidFile('accesorios/buscar.php')
 2 SYSTEMPATH\Common.php(1188): CodeIgniter\View\View->render('accesorios/buscar', [], true)
 3 APPPATH\Controllers\Accesorios.php(128): view('accesorios/buscar', [...])
 4 SYSTEMPATH\CodeIgniter.php(919): App\Controllers\Accesorios->buscar()
 5 SYSTEMPATH\CodeIgniter.php(494): CodeIgniter\CodeIgniter->runController(Object(App\Controllers\Accesorios))
 6 SYSTEMPATH\CodeIgniter.php(353): CodeIgniter\CodeIgniter->handleRequest(null, Object(Config\Cache), false)
 7 FCPATH\index.php(79): CodeIgniter\CodeIgniter->run()
 8 SYSTEMPATH\Commands\Server\rewrite.php(47): require_once('C:\\Users\\eliza\\OneDrive\\Documentos\\Veterinaria\\public\\index.php')
