CRITICAL - 2023-11-06 00:52:36 --> Undefined variable $medicamentos
in APPPATH\Views\medicamentos\mostrar.php on line 15.
 1 APPPATH\Views\medicamentos\mostrar.php(15): CodeIgniter\Debug\Exceptions->errorHandler(2, 'Undefined variable $medicamentos', 'C:\\Users\\eliza\\OneDrive\\Documentos\\Veterinaria\\app\\Views\\medicamentos\\mostrar.php', 15)
 2 SYSTEMPATH\View\View.php(226): include('C:\\Users\\eliza\\OneDrive\\Documentos\\Veterinaria\\app\\Views\\medicamentos\\mostrar.php')
 3 SYSTEMPATH\View\View.php(229): CodeIgniter\View\View->CodeIgniter\View\{closure}()
 4 SYSTEMPATH\Common.php(1188): CodeIgniter\View\View->render('medicamentos/mostrar', [], true)
 5 APPPATH\Controllers\Medicamentos.php(22): view('medicamentos/mostrar')
 6 SYSTEMPATH\CodeIgniter.php(919): App\Controllers\Medicamentos->mostrar()
 7 SYSTEMPATH\CodeIgniter.php(494): CodeIgniter\CodeIgniter->runController(Object(App\Controllers\Medicamentos))
 8 SYSTEMPATH\CodeIgniter.php(353): CodeIgniter\CodeIgniter->handleRequest(null, Object(Config\Cache), false)
 9 FCPATH\index.php(79): CodeIgniter\CodeIgniter->run()
10 SYSTEMPATH\Commands\Server\rewrite.php(47): require_once('C:\\Users\\eliza\\OneDrive\\Documentos\\Veterinaria\\public\\index.php')
CRITICAL - 2023-11-06 00:53:56 --> Undefined variable $medicamentos
in APPPATH\Views\medicamentos\mostrar.php on line 15.
 1 APPPATH\Views\medicamentos\mostrar.php(15): CodeIgniter\Debug\Exceptions->errorHandler(2, 'Undefined variable $medicamentos', 'C:\\Users\\eliza\\OneDrive\\Documentos\\Veterinaria\\app\\Views\\medicamentos\\mostrar.php', 15)
 2 SYSTEMPATH\View\View.php(226): include('C:\\Users\\eliza\\OneDrive\\Documentos\\Veterinaria\\app\\Views\\medicamentos\\mostrar.php')
 3 SYSTEMPATH\View\View.php(229): CodeIgniter\View\View->CodeIgniter\View\{closure}()
 4 SYSTEMPATH\Common.php(1188): CodeIgniter\View\View->render('medicamentos/mostrar', [], true)
 5 APPPATH\Controllers\Medicamentos.php(22): view('medicamentos/mostrar')
 6 SYSTEMPATH\CodeIgniter.php(919): App\Controllers\Medicamentos->mostrar()
 7 SYSTEMPATH\CodeIgniter.php(494): CodeIgniter\CodeIgniter->runController(Object(App\Controllers\Medicamentos))
 8 SYSTEMPATH\CodeIgniter.php(353): CodeIgniter\CodeIgniter->handleRequest(null, Object(Config\Cache), false)
 9 FCPATH\index.php(79): CodeIgniter\CodeIgniter->run()
10 SYSTEMPATH\Commands\Server\rewrite.php(47): require_once('C:\\Users\\eliza\\OneDrive\\Documentos\\Veterinaria\\public\\index.php')
CRITICAL - 2023-11-06 00:53:57 --> Undefined variable $medicamentos
in APPPATH\Views\medicamentos\mostrar.php on line 15.
 1 APPPATH\Views\medicamentos\mostrar.php(15): CodeIgniter\Debug\Exceptions->errorHandler(2, 'Undefined variable $medicamentos', 'C:\\Users\\eliza\\OneDrive\\Documentos\\Veterinaria\\app\\Views\\medicamentos\\mostrar.php', 15)
 2 SYSTEMPATH\View\View.php(226): include('C:\\Users\\eliza\\OneDrive\\Documentos\\Veterinaria\\app\\Views\\medicamentos\\mostrar.php')
 3 SYSTEMPATH\View\View.php(229): CodeIgniter\View\View->CodeIgniter\View\{closure}()
 4 SYSTEMPATH\Common.php(1188): CodeIgniter\View\View->render('medicamentos/mostrar', [], true)
 5 APPPATH\Controllers\Medicamentos.php(22): view('medicamentos/mostrar')
 6 SYSTEMPATH\CodeIgniter.php(919): App\Controllers\Medicamentos->mostrar()
 7 SYSTEMPATH\CodeIgniter.php(494): CodeIgniter\CodeIgniter->runController(Object(App\Controllers\Medicamentos))
 8 SYSTEMPATH\CodeIgniter.php(353): CodeIgniter\CodeIgniter->handleRequest(null, Object(Config\Cache), false)
 9 FCPATH\index.php(79): CodeIgniter\CodeIgniter->run()
10 SYSTEMPATH\Commands\Server\rewrite.php(47): require_once('C:\\Users\\eliza\\OneDrive\\Documentos\\Veterinaria\\public\\index.php')
CRITICAL - 2023-11-06 00:55:21 --> Undefined variable $medicamentos
in APPPATH\Views\medicamentos\mostrar.php on line 15.
 1 APPPATH\Views\medicamentos\mostrar.php(15): CodeIgniter\Debug\Exceptions->errorHandler(2, 'Undefined variable $medicamentos', 'C:\\Users\\eliza\\OneDrive\\Documentos\\Veterinaria\\app\\Views\\medicamentos\\mostrar.php', 15)
 2 SYSTEMPATH\View\View.php(226): include('C:\\Users\\eliza\\OneDrive\\Documentos\\Veterinaria\\app\\Views\\medicamentos\\mostrar.php')
 3 SYSTEMPATH\View\View.php(229): CodeIgniter\View\View->CodeIgniter\View\{closure}()
 4 SYSTEMPATH\Common.php(1188): CodeIgniter\View\View->render('medicamentos/mostrar', [], true)
 5 APPPATH\Controllers\Medicamentos.php(22): view('medicamentos/mostrar')
 6 SYSTEMPATH\CodeIgniter.php(919): App\Controllers\Medicamentos->mostrar()
 7 SYSTEMPATH\CodeIgniter.php(494): CodeIgniter\CodeIgniter->runController(Object(App\Controllers\Medicamentos))
 8 SYSTEMPATH\CodeIgniter.php(353): CodeIgniter\CodeIgniter->handleRequest(null, Object(Config\Cache), false)
 9 FCPATH\index.php(79): CodeIgniter\CodeIgniter->run()
10 SYSTEMPATH\Commands\Server\rewrite.php(47): require_once('C:\\Users\\eliza\\OneDrive\\Documentos\\Veterinaria\\public\\index.php')
CRITICAL - 2023-11-06 00:55:21 --> Undefined variable $medicamentos
in APPPATH\Views\medicamentos\mostrar.php on line 15.
 1 APPPATH\Views\medicamentos\mostrar.php(15): CodeIgniter\Debug\Exceptions->errorHandler(2, 'Undefined variable $medicamentos', 'C:\\Users\\eliza\\OneDrive\\Documentos\\Veterinaria\\app\\Views\\medicamentos\\mostrar.php', 15)
 2 SYSTEMPATH\View\View.php(226): include('C:\\Users\\eliza\\OneDrive\\Documentos\\Veterinaria\\app\\Views\\medicamentos\\mostrar.php')
 3 SYSTEMPATH\View\View.php(229): CodeIgniter\View\View->CodeIgniter\View\{closure}()
 4 SYSTEMPATH\Common.php(1188): CodeIgniter\View\View->render('medicamentos/mostrar', [], true)
 5 APPPATH\Controllers\Medicamentos.php(22): view('medicamentos/mostrar')
 6 SYSTEMPATH\CodeIgniter.php(919): App\Controllers\Medicamentos->mostrar()
 7 SYSTEMPATH\CodeIgniter.php(494): CodeIgniter\CodeIgniter->runController(Object(App\Controllers\Medicamentos))
 8 SYSTEMPATH\CodeIgniter.php(353): CodeIgniter\CodeIgniter->handleRequest(null, Object(Config\Cache), false)
 9 FCPATH\index.php(79): CodeIgniter\CodeIgniter->run()
10 SYSTEMPATH\Commands\Server\rewrite.php(47): require_once('C:\\Users\\eliza\\OneDrive\\Documentos\\Veterinaria\\public\\index.php')
CRITICAL - 2023-11-06 00:55:22 --> Undefined variable $medicamentos
in APPPATH\Views\medicamentos\mostrar.php on line 15.
 1 APPPATH\Views\medicamentos\mostrar.php(15): CodeIgniter\Debug\Exceptions->errorHandler(2, 'Undefined variable $medicamentos', 'C:\\Users\\eliza\\OneDrive\\Documentos\\Veterinaria\\app\\Views\\medicamentos\\mostrar.php', 15)
 2 SYSTEMPATH\View\View.php(226): include('C:\\Users\\eliza\\OneDrive\\Documentos\\Veterinaria\\app\\Views\\medicamentos\\mostrar.php')
 3 SYSTEMPATH\View\View.php(229): CodeIgniter\View\View->CodeIgniter\View\{closure}()
 4 SYSTEMPATH\Common.php(1188): CodeIgniter\View\View->render('medicamentos/mostrar', [], true)
 5 APPPATH\Controllers\Medicamentos.php(22): view('medicamentos/mostrar')
 6 SYSTEMPATH\CodeIgniter.php(919): App\Controllers\Medicamentos->mostrar()
 7 SYSTEMPATH\CodeIgniter.php(494): CodeIgniter\CodeIgniter->runController(Object(App\Controllers\Medicamentos))
 8 SYSTEMPATH\CodeIgniter.php(353): CodeIgniter\CodeIgniter->handleRequest(null, Object(Config\Cache), false)
 9 FCPATH\index.php(79): CodeIgniter\CodeIgniter->run()
10 SYSTEMPATH\Commands\Server\rewrite.php(47): require_once('C:\\Users\\eliza\\OneDrive\\Documentos\\Veterinaria\\public\\index.php')
CRITICAL - 2023-11-06 00:56:27 --> Undefined variable $medicamentos
in APPPATH\Views\medicamentos\mostrar.php on line 15.
 1 APPPATH\Views\medicamentos\mostrar.php(15): CodeIgniter\Debug\Exceptions->errorHandler(2, 'Undefined variable $medicamentos', 'C:\\Users\\eliza\\OneDrive\\Documentos\\Veterinaria\\app\\Views\\medicamentos\\mostrar.php', 15)
 2 SYSTEMPATH\View\View.php(226): include('C:\\Users\\eliza\\OneDrive\\Documentos\\Veterinaria\\app\\Views\\medicamentos\\mostrar.php')
 3 SYSTEMPATH\View\View.php(229): CodeIgniter\View\View->CodeIgniter\View\{closure}()
 4 SYSTEMPATH\Common.php(1188): CodeIgniter\View\View->render('medicamentos/mostrar', [], true)
 5 APPPATH\Controllers\Medicamentos.php(22): view('medicamentos/mostrar')
 6 SYSTEMPATH\CodeIgniter.php(919): App\Controllers\Medicamentos->mostrar()
 7 SYSTEMPATH\CodeIgniter.php(494): CodeIgniter\CodeIgniter->runController(Object(App\Controllers\Medicamentos))
 8 SYSTEMPATH\CodeIgniter.php(353): CodeIgniter\CodeIgniter->handleRequest(null, Object(Config\Cache), false)
 9 FCPATH\index.php(79): CodeIgniter\CodeIgniter->run()
10 SYSTEMPATH\Commands\Server\rewrite.php(47): require_once('C:\\Users\\eliza\\OneDrive\\Documentos\\Veterinaria\\public\\index.php')
CRITICAL - 2023-11-06 00:56:28 --> Undefined variable $medicamentos
in APPPATH\Views\medicamentos\mostrar.php on line 15.
 1 APPPATH\Views\medicamentos\mostrar.php(15): CodeIgniter\Debug\Exceptions->errorHandler(2, 'Undefined variable $medicamentos', 'C:\\Users\\eliza\\OneDrive\\Documentos\\Veterinaria\\app\\Views\\medicamentos\\mostrar.php', 15)
 2 SYSTEMPATH\View\View.php(226): include('C:\\Users\\eliza\\OneDrive\\Documentos\\Veterinaria\\app\\Views\\medicamentos\\mostrar.php')
 3 SYSTEMPATH\View\View.php(229): CodeIgniter\View\View->CodeIgniter\View\{closure}()
 4 SYSTEMPATH\Common.php(1188): CodeIgniter\View\View->render('medicamentos/mostrar', [], true)
 5 APPPATH\Controllers\Medicamentos.php(22): view('medicamentos/mostrar')
 6 SYSTEMPATH\CodeIgniter.php(919): App\Controllers\Medicamentos->mostrar()
 7 SYSTEMPATH\CodeIgniter.php(494): CodeIgniter\CodeIgniter->runController(Object(App\Controllers\Medicamentos))
 8 SYSTEMPATH\CodeIgniter.php(353): CodeIgniter\CodeIgniter->handleRequest(null, Object(Config\Cache), false)
 9 FCPATH\index.php(79): CodeIgniter\CodeIgniter->run()
10 SYSTEMPATH\Commands\Server\rewrite.php(47): require_once('C:\\Users\\eliza\\OneDrive\\Documentos\\Veterinaria\\public\\index.php')
CRITICAL - 2023-11-06 00:56:28 --> Undefined variable $medicamentos
in APPPATH\Views\medicamentos\mostrar.php on line 15.
 1 APPPATH\Views\medicamentos\mostrar.php(15): CodeIgniter\Debug\Exceptions->errorHandler(2, 'Undefined variable $medicamentos', 'C:\\Users\\eliza\\OneDrive\\Documentos\\Veterinaria\\app\\Views\\medicamentos\\mostrar.php', 15)
 2 SYSTEMPATH\View\View.php(226): include('C:\\Users\\eliza\\OneDrive\\Documentos\\Veterinaria\\app\\Views\\medicamentos\\mostrar.php')
 3 SYSTEMPATH\View\View.php(229): CodeIgniter\View\View->CodeIgniter\View\{closure}()
 4 SYSTEMPATH\Common.php(1188): CodeIgniter\View\View->render('medicamentos/mostrar', [], true)
 5 APPPATH\Controllers\Medicamentos.php(22): view('medicamentos/mostrar')
 6 SYSTEMPATH\CodeIgniter.php(919): App\Controllers\Medicamentos->mostrar()
 7 SYSTEMPATH\CodeIgniter.php(494): CodeIgniter\CodeIgniter->runController(Object(App\Controllers\Medicamentos))
 8 SYSTEMPATH\CodeIgniter.php(353): CodeIgniter\CodeIgniter->handleRequest(null, Object(Config\Cache), false)
 9 FCPATH\index.php(79): CodeIgniter\CodeIgniter->run()
10 SYSTEMPATH\Commands\Server\rewrite.php(47): require_once('C:\\Users\\eliza\\OneDrive\\Documentos\\Veterinaria\\public\\index.php')
CRITICAL - 2023-11-06 01:06:31 --> Undefined property: stdClass::$horario
in APPPATH\Views\veterinarios\mostrar.php on line 23.
 1 APPPATH\Views\veterinarios\mostrar.php(23): CodeIgniter\Debug\Exceptions->errorHandler(2, 'Undefined property: stdClass::$horario', 'C:\\Users\\eliza\\OneDrive\\Documentos\\Veterinaria\\app\\Views\\veterinarios\\mostrar.php', 23)
 2 SYSTEMPATH\View\View.php(226): include('C:\\Users\\eliza\\OneDrive\\Documentos\\Veterinaria\\app\\Views\\veterinarios\\mostrar.php')
 3 SYSTEMPATH\View\View.php(229): CodeIgniter\View\View->CodeIgniter\View\{closure}()
 4 SYSTEMPATH\Common.php(1188): CodeIgniter\View\View->render('veterinarios/mostrar', [], true)
 5 APPPATH\Controllers\Veterinarios.php(22): view('veterinarios/mostrar', [...])
 6 SYSTEMPATH\CodeIgniter.php(919): App\Controllers\Veterinarios->mostrar()
 7 SYSTEMPATH\CodeIgniter.php(494): CodeIgniter\CodeIgniter->runController(Object(App\Controllers\Veterinarios))
 8 SYSTEMPATH\CodeIgniter.php(353): CodeIgniter\CodeIgniter->handleRequest(null, Object(Config\Cache), false)
 9 FCPATH\index.php(79): CodeIgniter\CodeIgniter->run()
10 SYSTEMPATH\Commands\Server\rewrite.php(47): require_once('C:\\Users\\eliza\\OneDrive\\Documentos\\Veterinaria\\public\\index.php')
CRITICAL - 2023-11-06 01:38:39 --> Undefined variable $accesorios
in APPPATH\Views\historialMedico\mostrar1.php on line 17.
 1 APPPATH\Views\historialMedico\mostrar1.php(17): CodeIgniter\Debug\Exceptions->errorHandler(2, 'Undefined variable $accesorios', 'C:\\Users\\eliza\\OneDrive\\Documentos\\Veterinaria\\app\\Views\\historialMedico\\mostrar1.php', 17)
 2 SYSTEMPATH\View\View.php(226): include('C:\\Users\\eliza\\OneDrive\\Documentos\\Veterinaria\\app\\Views\\historialMedico\\mostrar1.php')
 3 SYSTEMPATH\View\View.php(229): CodeIgniter\View\View->CodeIgniter\View\{closure}()
 4 SYSTEMPATH\Common.php(1188): CodeIgniter\View\View->render('historialMedico/mostrar1', [], true)
 5 APPPATH\Controllers\HistorialMedico.php(22): view('historialMedico/mostrar1', [...])
 6 SYSTEMPATH\CodeIgniter.php(919): App\Controllers\HistorialMedico->mostrar1()
 7 SYSTEMPATH\CodeIgniter.php(494): CodeIgniter\CodeIgniter->runController(Object(App\Controllers\HistorialMedico))
 8 SYSTEMPATH\CodeIgniter.php(353): CodeIgniter\CodeIgniter->handleRequest(null, Object(Config\Cache), false)
 9 FCPATH\index.php(79): CodeIgniter\CodeIgniter->run()
10 SYSTEMPATH\Commands\Server\rewrite.php(47): require_once('C:\\Users\\eliza\\OneDrive\\Documentos\\Veterinaria\\public\\index.php')
CRITICAL - 2023-11-06 01:40:24 --> Undefined property: stdClass::$nombre
in APPPATH\Views\historialMedico\mostrar1.php on line 15.
 1 APPPATH\Views\historialMedico\mostrar1.php(15): CodeIgniter\Debug\Exceptions->errorHandler(2, 'Undefined property: stdClass::$nombre', 'C:\\Users\\eliza\\OneDrive\\Documentos\\Veterinaria\\app\\Views\\historialMedico\\mostrar1.php', 15)
 2 SYSTEMPATH\View\View.php(226): include('C:\\Users\\eliza\\OneDrive\\Documentos\\Veterinaria\\app\\Views\\historialMedico\\mostrar1.php')
 3 SYSTEMPATH\View\View.php(229): CodeIgniter\View\View->CodeIgniter\View\{closure}()
 4 SYSTEMPATH\Common.php(1188): CodeIgniter\View\View->render('historialMedico/mostrar1', [], true)
 5 APPPATH\Controllers\HistorialMedico.php(22): view('historialMedico/mostrar1', [...])
 6 SYSTEMPATH\CodeIgniter.php(919): App\Controllers\HistorialMedico->mostrar1()
 7 SYSTEMPATH\CodeIgniter.php(494): CodeIgniter\CodeIgniter->runController(Object(App\Controllers\HistorialMedico))
 8 SYSTEMPATH\CodeIgniter.php(353): CodeIgniter\CodeIgniter->handleRequest(null, Object(Config\Cache), false)
 9 FCPATH\index.php(79): CodeIgniter\CodeIgniter->run()
10 SYSTEMPATH\Commands\Server\rewrite.php(47): require_once('C:\\Users\\eliza\\OneDrive\\Documentos\\Veterinaria\\public\\index.php')
CRITICAL - 2023-11-06 01:44:07 --> Undefined variable $historialMedico
in APPPATH\Views\historialMedico\mostrar1.php on line 20.
 1 APPPATH\Views\historialMedico\mostrar1.php(20): CodeIgniter\Debug\Exceptions->errorHandler(2, 'Undefined variable $historialMedico', 'C:\\Users\\eliza\\OneDrive\\Documentos\\Veterinaria\\app\\Views\\historialMedico\\mostrar1.php', 20)
 2 SYSTEMPATH\View\View.php(226): include('C:\\Users\\eliza\\OneDrive\\Documentos\\Veterinaria\\app\\Views\\historialMedico\\mostrar1.php')
 3 SYSTEMPATH\View\View.php(229): CodeIgniter\View\View->CodeIgniter\View\{closure}()
 4 SYSTEMPATH\Common.php(1188): CodeIgniter\View\View->render('historialMedico/mostrar1', [], true)
 5 APPPATH\Controllers\HistorialMedico.php(22): view('historialMedico/mostrar1', [...])
 6 SYSTEMPATH\CodeIgniter.php(919): App\Controllers\HistorialMedico->mostrar1()
 7 SYSTEMPATH\CodeIgniter.php(494): CodeIgniter\CodeIgniter->runController(Object(App\Controllers\HistorialMedico))
 8 SYSTEMPATH\CodeIgniter.php(353): CodeIgniter\CodeIgniter->handleRequest(null, Object(Config\Cache), false)
 9 FCPATH\index.php(79): CodeIgniter\CodeIgniter->run()
10 SYSTEMPATH\Commands\Server\rewrite.php(47): require_once('C:\\Users\\eliza\\OneDrive\\Documentos\\Veterinaria\\public\\index.php')
CRITICAL - 2023-11-06 01:44:13 --> Undefined variable $historialMedico
in APPPATH\Views\historialMedico\mostrar1.php on line 20.
 1 APPPATH\Views\historialMedico\mostrar1.php(20): CodeIgniter\Debug\Exceptions->errorHandler(2, 'Undefined variable $historialMedico', 'C:\\Users\\eliza\\OneDrive\\Documentos\\Veterinaria\\app\\Views\\historialMedico\\mostrar1.php', 20)
 2 SYSTEMPATH\View\View.php(226): include('C:\\Users\\eliza\\OneDrive\\Documentos\\Veterinaria\\app\\Views\\historialMedico\\mostrar1.php')
 3 SYSTEMPATH\View\View.php(229): CodeIgniter\View\View->CodeIgniter\View\{closure}()
 4 SYSTEMPATH\Common.php(1188): CodeIgniter\View\View->render('historialMedico/mostrar1', [], true)
 5 APPPATH\Controllers\HistorialMedico.php(22): view('historialMedico/mostrar1', [...])
 6 SYSTEMPATH\CodeIgniter.php(919): App\Controllers\HistorialMedico->mostrar1()
 7 SYSTEMPATH\CodeIgniter.php(494): CodeIgniter\CodeIgniter->runController(Object(App\Controllers\HistorialMedico))
 8 SYSTEMPATH\CodeIgniter.php(353): CodeIgniter\CodeIgniter->handleRequest(null, Object(Config\Cache), false)
 9 FCPATH\index.php(79): CodeIgniter\CodeIgniter->run()
10 SYSTEMPATH\Commands\Server\rewrite.php(47): require_once('C:\\Users\\eliza\\OneDrive\\Documentos\\Veterinaria\\public\\index.php')
CRITICAL - 2023-11-06 01:51:44 --> syntax error, unexpected end of file
in APPPATH\Views\historialMedico\mostrar.php on line 63.
 1 SYSTEMPATH\View\View.php(229): CodeIgniter\View\View->CodeIgniter\View\{closure}()
 2 SYSTEMPATH\Common.php(1188): CodeIgniter\View\View->render('historialMedico/mostrar', [], true)
 3 APPPATH\Controllers\HistorialMedico.php(34): view('historialMedico/mostrar', [...])
 4 SYSTEMPATH\CodeIgniter.php(919): App\Controllers\HistorialMedico->mostrar()
 5 SYSTEMPATH\CodeIgniter.php(494): CodeIgniter\CodeIgniter->runController(Object(App\Controllers\HistorialMedico))
 6 SYSTEMPATH\CodeIgniter.php(353): CodeIgniter\CodeIgniter->handleRequest(null, Object(Config\Cache), false)
 7 FCPATH\index.php(79): CodeIgniter\CodeIgniter->run()
 8 SYSTEMPATH\Commands\Server\rewrite.php(47): require_once('C:\\Users\\eliza\\OneDrive\\Documentos\\Veterinaria\\public\\index.php')
CRITICAL - 2023-11-06 02:01:44 --> Call to a member function findAll() on null
in APPPATH\Controllers\HistorialMedico.php on line 42.
 1 SYSTEMPATH\CodeIgniter.php(919): App\Controllers\HistorialMedico->agregar()
 2 SYSTEMPATH\CodeIgniter.php(494): CodeIgniter\CodeIgniter->runController(Object(App\Controllers\HistorialMedico))
 3 SYSTEMPATH\CodeIgniter.php(353): CodeIgniter\CodeIgniter->handleRequest(null, Object(Config\Cache), false)
 4 FCPATH\index.php(79): CodeIgniter\CodeIgniter->run()
 5 SYSTEMPATH\Commands\Server\rewrite.php(47): require_once('C:\\Users\\eliza\\OneDrive\\Documentos\\Veterinaria\\public\\index.php')
CRITICAL - 2023-11-06 02:04:09 --> Attempt to read property "fechasConsultas" on array
in APPPATH\Views\historialMedico\mostrar.php on line 41.
 1 APPPATH\Views\historialMedico\mostrar.php(41): CodeIgniter\Debug\Exceptions->errorHandler(2, 'Attempt to read property "fechasConsultas" on array', 'C:\\Users\\eliza\\OneDrive\\Documentos\\Veterinaria\\app\\Views\\historialMedico\\mostrar.php', 41)
 2 SYSTEMPATH\View\View.php(226): include('C:\\Users\\eliza\\OneDrive\\Documentos\\Veterinaria\\app\\Views\\historialMedico\\mostrar.php')
 3 SYSTEMPATH\View\View.php(229): CodeIgniter\View\View->CodeIgniter\View\{closure}()
 4 SYSTEMPATH\Common.php(1188): CodeIgniter\View\View->render('historialMedico/mostrar', [], true)
 5 APPPATH\Controllers\HistorialMedico.php(34): view('historialMedico/mostrar', [...])
 6 SYSTEMPATH\CodeIgniter.php(919): App\Controllers\HistorialMedico->mostrar()
 7 SYSTEMPATH\CodeIgniter.php(494): CodeIgniter\CodeIgniter->runController(Object(App\Controllers\HistorialMedico))
 8 SYSTEMPATH\CodeIgniter.php(353): CodeIgniter\CodeIgniter->handleRequest(null, Object(Config\Cache), false)
 9 FCPATH\index.php(79): CodeIgniter\CodeIgniter->run()
10 SYSTEMPATH\Commands\Server\rewrite.php(47): require_once('C:\\Users\\eliza\\OneDrive\\Documentos\\Veterinaria\\public\\index.php')
CRITICAL - 2023-11-06 02:20:22 --> Undefined variable $historialMedic
in APPPATH\Views\historialMedico\mostrar.php on line 13.
 1 APPPATH\Views\historialMedico\mostrar.php(13): CodeIgniter\Debug\Exceptions->errorHandler(2, 'Undefined variable $historialMedic', 'C:\\Users\\eliza\\OneDrive\\Documentos\\Veterinaria\\app\\Views\\historialMedico\\mostrar.php', 13)
 2 SYSTEMPATH\View\View.php(226): include('C:\\Users\\eliza\\OneDrive\\Documentos\\Veterinaria\\app\\Views\\historialMedico\\mostrar.php')
 3 SYSTEMPATH\View\View.php(229): CodeIgniter\View\View->CodeIgniter\View\{closure}()
 4 SYSTEMPATH\Common.php(1188): CodeIgniter\View\View->render('historialMedico/mostrar', [], true)
 5 APPPATH\Controllers\HistorialMedico.php(34): view('historialMedico/mostrar', [...])
 6 SYSTEMPATH\CodeIgniter.php(919): App\Controllers\HistorialMedico->mostrar()
 7 SYSTEMPATH\CodeIgniter.php(494): CodeIgniter\CodeIgniter->runController(Object(App\Controllers\HistorialMedico))
 8 SYSTEMPATH\CodeIgniter.php(353): CodeIgniter\CodeIgniter->handleRequest(null, Object(Config\Cache), false)
 9 FCPATH\index.php(79): CodeIgniter\CodeIgniter->run()
10 SYSTEMPATH\Commands\Server\rewrite.php(47): require_once('C:\\Users\\eliza\\OneDrive\\Documentos\\Veterinaria\\public\\index.php')
CRITICAL - 2023-11-06 02:36:35 --> Undefined variable $currentRecord
in APPPATH\Views\historialMedico\mostrar.php on line 12.
 1 APPPATH\Views\historialMedico\mostrar.php(12): CodeIgniter\Debug\Exceptions->errorHandler(2, 'Undefined variable $currentRecord', 'C:\\Users\\eliza\\OneDrive\\Documentos\\Veterinaria\\app\\Views\\historialMedico\\mostrar.php', 12)
 2 SYSTEMPATH\View\View.php(226): include('C:\\Users\\eliza\\OneDrive\\Documentos\\Veterinaria\\app\\Views\\historialMedico\\mostrar.php')
 3 SYSTEMPATH\View\View.php(229): CodeIgniter\View\View->CodeIgniter\View\{closure}()
 4 SYSTEMPATH\Common.php(1188): CodeIgniter\View\View->render('historialMedico/mostrar', [], true)
 5 APPPATH\Controllers\HistorialMedico.php(34): view('historialMedico/mostrar', [...])
 6 SYSTEMPATH\CodeIgniter.php(919): App\Controllers\HistorialMedico->mostrar()
 7 SYSTEMPATH\CodeIgniter.php(494): CodeIgniter\CodeIgniter->runController(Object(App\Controllers\HistorialMedico))
 8 SYSTEMPATH\CodeIgniter.php(353): CodeIgniter\CodeIgniter->handleRequest(null, Object(Config\Cache), false)
 9 FCPATH\index.php(79): CodeIgniter\CodeIgniter->run()
10 SYSTEMPATH\Commands\Server\rewrite.php(47): require_once('C:\\Users\\eliza\\OneDrive\\Documentos\\Veterinaria\\public\\index.php')
CRITICAL - 2023-11-06 03:05:10 --> Call to a member function findAll() on null
in APPPATH\Controllers\Consultas.php on line 29.
 1 SYSTEMPATH\CodeIgniter.php(919): App\Controllers\Consultas->agregar()
 2 SYSTEMPATH\CodeIgniter.php(494): CodeIgniter\CodeIgniter->runController(Object(App\Controllers\Consultas))
 3 SYSTEMPATH\CodeIgniter.php(353): CodeIgniter\CodeIgniter->handleRequest(null, Object(Config\Cache), false)
 4 FCPATH\index.php(79): CodeIgniter\CodeIgniter->run()
 5 SYSTEMPATH\Commands\Server\rewrite.php(47): require_once('C:\\Users\\eliza\\OneDrive\\Documentos\\Veterinaria\\public\\index.php')
CRITICAL - 2023-11-06 17:20:34 --> Call to a member function findAll() on null
in APPPATH\Controllers\Consultas.php on line 29.
 1 SYSTEMPATH\CodeIgniter.php(919): App\Controllers\Consultas->agregar()
 2 SYSTEMPATH\CodeIgniter.php(494): CodeIgniter\CodeIgniter->runController(Object(App\Controllers\Consultas))
 3 SYSTEMPATH\CodeIgniter.php(353): CodeIgniter\CodeIgniter->handleRequest(null, Object(Config\Cache), false)
 4 FCPATH\index.php(79): CodeIgniter\CodeIgniter->run()
 5 SYSTEMPATH\Commands\Server\rewrite.php(47): require_once('C:\\Users\\eliza\\OneDrive\\Documentos\\Veterinaria\\public\\index.php')
CRITICAL - 2023-11-06 17:20:42 --> Call to a member function findAll() on null
in APPPATH\Controllers\Medicamentos.php on line 30.
 1 SYSTEMPATH\CodeIgniter.php(919): App\Controllers\Medicamentos->agregar()
 2 SYSTEMPATH\CodeIgniter.php(494): CodeIgniter\CodeIgniter->runController(Object(App\Controllers\Medicamentos))
 3 SYSTEMPATH\CodeIgniter.php(353): CodeIgniter\CodeIgniter->handleRequest(null, Object(Config\Cache), false)
 4 FCPATH\index.php(79): CodeIgniter\CodeIgniter->run()
 5 SYSTEMPATH\Commands\Server\rewrite.php(47): require_once('C:\\Users\\eliza\\OneDrive\\Documentos\\Veterinaria\\public\\index.php')
CRITICAL - 2023-11-06 17:21:10 --> Call to a member function findAll() on null
in APPPATH\Controllers\Veterinarios.php on line 30.
 1 SYSTEMPATH\CodeIgniter.php(919): App\Controllers\Veterinarios->agregar()
 2 SYSTEMPATH\CodeIgniter.php(494): CodeIgniter\CodeIgniter->runController(Object(App\Controllers\Veterinarios))
 3 SYSTEMPATH\CodeIgniter.php(353): CodeIgniter\CodeIgniter->handleRequest(null, Object(Config\Cache), false)
 4 FCPATH\index.php(79): CodeIgniter\CodeIgniter->run()
 5 SYSTEMPATH\Commands\Server\rewrite.php(47): require_once('C:\\Users\\eliza\\OneDrive\\Documentos\\Veterinaria\\public\\index.php')
