CRITICAL - 2023-11-05 21:46:07 --> Invalid file: "inicio/inicio.php"
in SYSTEMPATH\Exceptions\FrameworkException.php on line 39.
 1 SYSTEMPATH\View\View.php(214): CodeIgniter\Exceptions\FrameworkException::forInvalidFile('inicio/inicio.php')
 2 SYSTEMPATH\Common.php(1188): CodeIgniter\View\View->render('inicio/inicio', [], true)
 3 APPPATH\Controllers\Inicio.php(11): view('inicio/inicio')
 4 SYSTEMPATH\CodeIgniter.php(919): App\Controllers\Inicio->index()
 5 SYSTEMPATH\CodeIgniter.php(494): CodeIgniter\CodeIgniter->runController(Object(App\Controllers\Inicio))
 6 SYSTEMPATH\CodeIgniter.php(353): CodeIgniter\CodeIgniter->handleRequest(null, Object(Config\Cache), false)
 7 FCPATH\index.php(79): CodeIgniter\CodeIgniter->run()
 8 SYSTEMPATH\Commands\Server\rewrite.php(47): require_once('C:\\Users\\eliza\\OneDrive\\Documentos\\Veterinaria\\public\\index.php')
CRITICAL - 2023-11-05 21:46:18 --> Invalid file: "inicio/inicio.php"
in SYSTEMPATH\Exceptions\FrameworkException.php on line 39.
 1 SYSTEMPATH\View\View.php(214): CodeIgniter\Exceptions\FrameworkException::forInvalidFile('inicio/inicio.php')
 2 SYSTEMPATH\Common.php(1188): CodeIgniter\View\View->render('inicio/inicio', [], true)
 3 APPPATH\Controllers\Inicio.php(11): view('inicio/inicio')
 4 SYSTEMPATH\CodeIgniter.php(919): App\Controllers\Inicio->index()
 5 SYSTEMPATH\CodeIgniter.php(494): CodeIgniter\CodeIgniter->runController(Object(App\Controllers\Inicio))
 6 SYSTEMPATH\CodeIgniter.php(353): CodeIgniter\CodeIgniter->handleRequest(null, Object(Config\Cache), false)
 7 FCPATH\index.php(79): CodeIgniter\CodeIgniter->run()
 8 SYSTEMPATH\Commands\Server\rewrite.php(47): require_once('C:\\Users\\eliza\\OneDrive\\Documentos\\Veterinaria\\public\\index.php')
ERROR - 2023-11-05 22:34:07 --> Error connecting to the database: mysqli_sql_exception: No se puede establecer una conexión ya que el equipo de destino denegó expresamente dicha conexión in C:\Users\eliza\OneDrive\Documentos\Veterinaria\system\Database\MySQLi\Connection.php:185
Stack trace:
#0 C:\Users\eliza\OneDrive\Documentos\Veterinaria\system\Database\MySQLi\Connection.php(185): mysqli->real_connect('localhost', '', '', 'veterinaria', 3307, '', 0)
#1 C:\Users\eliza\OneDrive\Documentos\Veterinaria\system\Database\BaseConnection.php(391): CodeIgniter\Database\MySQLi\Connection->connect(false)
#2 C:\Users\eliza\OneDrive\Documentos\Veterinaria\system\Database\BaseConnection.php(574): CodeIgniter\Database\BaseConnection->initialize()
#3 C:\Users\eliza\OneDrive\Documentos\Veterinaria\system\Database\BaseBuilder.php(1615): CodeIgniter\Database\BaseConnection->query('SELECT *\nFROM `...', Array, false)
#4 C:\Users\eliza\OneDrive\Documentos\Veterinaria\system\Model.php(237): CodeIgniter\Database\BaseBuilder->get()
#5 C:\Users\eliza\OneDrive\Documentos\Veterinaria\system\BaseModel.php(624): CodeIgniter\Model->doFindAll(0, 0)
#6 C:\Users\eliza\OneDrive\Documentos\Veterinaria\app\Controllers\Consultas.php(17): CodeIgniter\BaseModel->findAll()
#7 C:\Users\eliza\OneDrive\Documentos\Veterinaria\system\CodeIgniter.php(919): App\Controllers\Consultas->mostrar()
#8 C:\Users\eliza\OneDrive\Documentos\Veterinaria\system\CodeIgniter.php(494): CodeIgniter\CodeIgniter->runController(Object(App\Controllers\Consultas))
#9 C:\Users\eliza\OneDrive\Documentos\Veterinaria\system\CodeIgniter.php(353): CodeIgniter\CodeIgniter->handleRequest(NULL, Object(Config\Cache), false)
#10 C:\Users\eliza\OneDrive\Documentos\Veterinaria\public\index.php(79): CodeIgniter\CodeIgniter->run()
#11 C:\Users\eliza\OneDrive\Documentos\Veterinaria\system\Commands\Server\rewrite.php(47): require_once('C:\\Users\\eliza\\...')
#12 {main}

Next CodeIgniter\Database\Exceptions\DatabaseException: No se puede establecer una conexión ya que el equipo de destino denegó expresamente dicha conexión in C:\Users\eliza\OneDrive\Documentos\Veterinaria\system\Database\MySQLi\Connection.php:229
Stack trace:
#0 C:\Users\eliza\OneDrive\Documentos\Veterinaria\system\Database\BaseConnection.php(391): CodeIgniter\Database\MySQLi\Connection->connect(false)
#1 C:\Users\eliza\OneDrive\Documentos\Veterinaria\system\Database\BaseConnection.php(574): CodeIgniter\Database\BaseConnection->initialize()
#2 C:\Users\eliza\OneDrive\Documentos\Veterinaria\system\Database\BaseBuilder.php(1615): CodeIgniter\Database\BaseConnection->query('SELECT *\nFROM `...', Array, false)
#3 C:\Users\eliza\OneDrive\Documentos\Veterinaria\system\Model.php(237): CodeIgniter\Database\BaseBuilder->get()
#4 C:\Users\eliza\OneDrive\Documentos\Veterinaria\system\BaseModel.php(624): CodeIgniter\Model->doFindAll(0, 0)
#5 C:\Users\eliza\OneDrive\Documentos\Veterinaria\app\Controllers\Consultas.php(17): CodeIgniter\BaseModel->findAll()
#6 C:\Users\eliza\OneDrive\Documentos\Veterinaria\system\CodeIgniter.php(919): App\Controllers\Consultas->mostrar()
#7 C:\Users\eliza\OneDrive\Documentos\Veterinaria\system\CodeIgniter.php(494): CodeIgniter\CodeIgniter->runController(Object(App\Controllers\Consultas))
#8 C:\Users\eliza\OneDrive\Documentos\Veterinaria\system\CodeIgniter.php(353): CodeIgniter\CodeIgniter->handleRequest(NULL, Object(Config\Cache), false)
#9 C:\Users\eliza\OneDrive\Documentos\Veterinaria\public\index.php(79): CodeIgniter\CodeIgniter->run()
#10 C:\Users\eliza\OneDrive\Documentos\Veterinaria\system\Commands\Server\rewrite.php(47): require_once('C:\\Users\\eliza\\...')
#11 {main}
CRITICAL - 2023-11-05 22:34:07 --> Unable to connect to the database.
Main connection [MySQLi]: No se puede establecer una conexión ya que el equipo de destino denegó expresamente dicha conexión
in SYSTEMPATH\Database\BaseConnection.php on line 427.
 1 SYSTEMPATH\Database\BaseConnection.php(574): CodeIgniter\Database\BaseConnection->initialize()
 2 SYSTEMPATH\Database\BaseBuilder.php(1615): CodeIgniter\Database\BaseConnection->query('SELECT *
FROM `consultas`', [], false)
 3 SYSTEMPATH\Model.php(237): CodeIgniter\Database\BaseBuilder->get()
 4 SYSTEMPATH\BaseModel.php(624): CodeIgniter\Model->doFindAll(0, 0)
 5 APPPATH\Controllers\Consultas.php(17): CodeIgniter\BaseModel->findAll()
 6 SYSTEMPATH\CodeIgniter.php(919): App\Controllers\Consultas->mostrar()
 7 SYSTEMPATH\CodeIgniter.php(494): CodeIgniter\CodeIgniter->runController(Object(App\Controllers\Consultas))
 8 SYSTEMPATH\CodeIgniter.php(353): CodeIgniter\CodeIgniter->handleRequest(null, Object(Config\Cache), false)
 9 FCPATH\index.php(79): CodeIgniter\CodeIgniter->run()
10 SYSTEMPATH\Commands\Server\rewrite.php(47): require_once('C:\\Users\\eliza\\OneDrive\\Documentos\\Veterinaria\\public\\index.php')
CRITICAL - 2023-11-05 22:35:34 --> Undefined variable $consultas
in APPPATH\Views\consultas\mostrar.php on line 19.
 1 APPPATH\Views\consultas\mostrar.php(19): CodeIgniter\Debug\Exceptions->errorHandler(2, 'Undefined variable $consultas', 'C:\\Users\\eliza\\OneDrive\\Documentos\\Veterinaria\\app\\Views\\consultas\\mostrar.php', 19)
 2 SYSTEMPATH\View\View.php(226): include('C:\\Users\\eliza\\OneDrive\\Documentos\\Veterinaria\\app\\Views\\consultas\\mostrar.php')
 3 SYSTEMPATH\View\View.php(229): CodeIgniter\View\View->CodeIgniter\View\{closure}()
 4 SYSTEMPATH\Common.php(1188): CodeIgniter\View\View->render('consultas/mostrar', [], true)
 5 APPPATH\Controllers\Consultas.php(21): view('consultas/mostrar')
 6 SYSTEMPATH\CodeIgniter.php(919): App\Controllers\Consultas->mostrar()
 7 SYSTEMPATH\CodeIgniter.php(494): CodeIgniter\CodeIgniter->runController(Object(App\Controllers\Consultas))
 8 SYSTEMPATH\CodeIgniter.php(353): CodeIgniter\CodeIgniter->handleRequest(null, Object(Config\Cache), false)
 9 FCPATH\index.php(79): CodeIgniter\CodeIgniter->run()
10 SYSTEMPATH\Commands\Server\rewrite.php(47): require_once('C:\\Users\\eliza\\OneDrive\\Documentos\\Veterinaria\\public\\index.php')
CRITICAL - 2023-11-05 22:35:35 --> Undefined variable $consultas
in APPPATH\Views\consultas\mostrar.php on line 19.
 1 APPPATH\Views\consultas\mostrar.php(19): CodeIgniter\Debug\Exceptions->errorHandler(2, 'Undefined variable $consultas', 'C:\\Users\\eliza\\OneDrive\\Documentos\\Veterinaria\\app\\Views\\consultas\\mostrar.php', 19)
 2 SYSTEMPATH\View\View.php(226): include('C:\\Users\\eliza\\OneDrive\\Documentos\\Veterinaria\\app\\Views\\consultas\\mostrar.php')
 3 SYSTEMPATH\View\View.php(229): CodeIgniter\View\View->CodeIgniter\View\{closure}()
 4 SYSTEMPATH\Common.php(1188): CodeIgniter\View\View->render('consultas/mostrar', [], true)
 5 APPPATH\Controllers\Consultas.php(21): view('consultas/mostrar')
 6 SYSTEMPATH\CodeIgniter.php(919): App\Controllers\Consultas->mostrar()
 7 SYSTEMPATH\CodeIgniter.php(494): CodeIgniter\CodeIgniter->runController(Object(App\Controllers\Consultas))
 8 SYSTEMPATH\CodeIgniter.php(353): CodeIgniter\CodeIgniter->handleRequest(null, Object(Config\Cache), false)
 9 FCPATH\index.php(79): CodeIgniter\CodeIgniter->run()
10 SYSTEMPATH\Commands\Server\rewrite.php(47): require_once('C:\\Users\\eliza\\OneDrive\\Documentos\\Veterinaria\\public\\index.php')
CRITICAL - 2023-11-05 22:35:41 --> Undefined variable $consultas
in APPPATH\Views\consultas\mostrar.php on line 19.
 1 APPPATH\Views\consultas\mostrar.php(19): CodeIgniter\Debug\Exceptions->errorHandler(2, 'Undefined variable $consultas', 'C:\\Users\\eliza\\OneDrive\\Documentos\\Veterinaria\\app\\Views\\consultas\\mostrar.php', 19)
 2 SYSTEMPATH\View\View.php(226): include('C:\\Users\\eliza\\OneDrive\\Documentos\\Veterinaria\\app\\Views\\consultas\\mostrar.php')
 3 SYSTEMPATH\View\View.php(229): CodeIgniter\View\View->CodeIgniter\View\{closure}()
 4 SYSTEMPATH\Common.php(1188): CodeIgniter\View\View->render('consultas/mostrar', [], true)
 5 APPPATH\Controllers\Consultas.php(21): view('consultas/mostrar')
 6 SYSTEMPATH\CodeIgniter.php(919): App\Controllers\Consultas->mostrar()
 7 SYSTEMPATH\CodeIgniter.php(494): CodeIgniter\CodeIgniter->runController(Object(App\Controllers\Consultas))
 8 SYSTEMPATH\CodeIgniter.php(353): CodeIgniter\CodeIgniter->handleRequest(null, Object(Config\Cache), false)
 9 FCPATH\index.php(79): CodeIgniter\CodeIgniter->run()
10 SYSTEMPATH\Commands\Server\rewrite.php(47): require_once('C:\\Users\\eliza\\OneDrive\\Documentos\\Veterinaria\\public\\index.php')
CRITICAL - 2023-11-05 22:36:54 --> Undefined variable $consultas
in APPPATH\Views\consultas\mostrar.php on line 19.
 1 APPPATH\Views\consultas\mostrar.php(19): CodeIgniter\Debug\Exceptions->errorHandler(2, 'Undefined variable $consultas', 'C:\\Users\\eliza\\OneDrive\\Documentos\\Veterinaria\\app\\Views\\consultas\\mostrar.php', 19)
 2 SYSTEMPATH\View\View.php(226): include('C:\\Users\\eliza\\OneDrive\\Documentos\\Veterinaria\\app\\Views\\consultas\\mostrar.php')
 3 SYSTEMPATH\View\View.php(229): CodeIgniter\View\View->CodeIgniter\View\{closure}()
 4 SYSTEMPATH\Common.php(1188): CodeIgniter\View\View->render('consultas/mostrar', [], true)
 5 APPPATH\Controllers\Consultas.php(21): view('consultas/mostrar')
 6 SYSTEMPATH\CodeIgniter.php(919): App\Controllers\Consultas->mostrar()
 7 SYSTEMPATH\CodeIgniter.php(494): CodeIgniter\CodeIgniter->runController(Object(App\Controllers\Consultas))
 8 SYSTEMPATH\CodeIgniter.php(353): CodeIgniter\CodeIgniter->handleRequest(null, Object(Config\Cache), false)
 9 FCPATH\index.php(79): CodeIgniter\CodeIgniter->run()
10 SYSTEMPATH\Commands\Server\rewrite.php(47): require_once('C:\\Users\\eliza\\OneDrive\\Documentos\\Veterinaria\\public\\index.php')
CRITICAL - 2023-11-05 22:36:55 --> Undefined variable $consultas
in APPPATH\Views\consultas\mostrar.php on line 19.
 1 APPPATH\Views\consultas\mostrar.php(19): CodeIgniter\Debug\Exceptions->errorHandler(2, 'Undefined variable $consultas', 'C:\\Users\\eliza\\OneDrive\\Documentos\\Veterinaria\\app\\Views\\consultas\\mostrar.php', 19)
 2 SYSTEMPATH\View\View.php(226): include('C:\\Users\\eliza\\OneDrive\\Documentos\\Veterinaria\\app\\Views\\consultas\\mostrar.php')
 3 SYSTEMPATH\View\View.php(229): CodeIgniter\View\View->CodeIgniter\View\{closure}()
 4 SYSTEMPATH\Common.php(1188): CodeIgniter\View\View->render('consultas/mostrar', [], true)
 5 APPPATH\Controllers\Consultas.php(21): view('consultas/mostrar')
 6 SYSTEMPATH\CodeIgniter.php(919): App\Controllers\Consultas->mostrar()
 7 SYSTEMPATH\CodeIgniter.php(494): CodeIgniter\CodeIgniter->runController(Object(App\Controllers\Consultas))
 8 SYSTEMPATH\CodeIgniter.php(353): CodeIgniter\CodeIgniter->handleRequest(null, Object(Config\Cache), false)
 9 FCPATH\index.php(79): CodeIgniter\CodeIgniter->run()
10 SYSTEMPATH\Commands\Server\rewrite.php(47): require_once('C:\\Users\\eliza\\OneDrive\\Documentos\\Veterinaria\\public\\index.php')
CRITICAL - 2023-11-05 22:36:55 --> Undefined variable $consultas
in APPPATH\Views\consultas\mostrar.php on line 19.
 1 APPPATH\Views\consultas\mostrar.php(19): CodeIgniter\Debug\Exceptions->errorHandler(2, 'Undefined variable $consultas', 'C:\\Users\\eliza\\OneDrive\\Documentos\\Veterinaria\\app\\Views\\consultas\\mostrar.php', 19)
 2 SYSTEMPATH\View\View.php(226): include('C:\\Users\\eliza\\OneDrive\\Documentos\\Veterinaria\\app\\Views\\consultas\\mostrar.php')
 3 SYSTEMPATH\View\View.php(229): CodeIgniter\View\View->CodeIgniter\View\{closure}()
 4 SYSTEMPATH\Common.php(1188): CodeIgniter\View\View->render('consultas/mostrar', [], true)
 5 APPPATH\Controllers\Consultas.php(21): view('consultas/mostrar')
 6 SYSTEMPATH\CodeIgniter.php(919): App\Controllers\Consultas->mostrar()
 7 SYSTEMPATH\CodeIgniter.php(494): CodeIgniter\CodeIgniter->runController(Object(App\Controllers\Consultas))
 8 SYSTEMPATH\CodeIgniter.php(353): CodeIgniter\CodeIgniter->handleRequest(null, Object(Config\Cache), false)
 9 FCPATH\index.php(79): CodeIgniter\CodeIgniter->run()
10 SYSTEMPATH\Commands\Server\rewrite.php(47): require_once('C:\\Users\\eliza\\OneDrive\\Documentos\\Veterinaria\\public\\index.php')
CRITICAL - 2023-11-05 22:36:56 --> Undefined variable $consultas
in APPPATH\Views\consultas\mostrar.php on line 19.
 1 APPPATH\Views\consultas\mostrar.php(19): CodeIgniter\Debug\Exceptions->errorHandler(2, 'Undefined variable $consultas', 'C:\\Users\\eliza\\OneDrive\\Documentos\\Veterinaria\\app\\Views\\consultas\\mostrar.php', 19)
 2 SYSTEMPATH\View\View.php(226): include('C:\\Users\\eliza\\OneDrive\\Documentos\\Veterinaria\\app\\Views\\consultas\\mostrar.php')
 3 SYSTEMPATH\View\View.php(229): CodeIgniter\View\View->CodeIgniter\View\{closure}()
 4 SYSTEMPATH\Common.php(1188): CodeIgniter\View\View->render('consultas/mostrar', [], true)
 5 APPPATH\Controllers\Consultas.php(21): view('consultas/mostrar')
 6 SYSTEMPATH\CodeIgniter.php(919): App\Controllers\Consultas->mostrar()
 7 SYSTEMPATH\CodeIgniter.php(494): CodeIgniter\CodeIgniter->runController(Object(App\Controllers\Consultas))
 8 SYSTEMPATH\CodeIgniter.php(353): CodeIgniter\CodeIgniter->handleRequest(null, Object(Config\Cache), false)
 9 FCPATH\index.php(79): CodeIgniter\CodeIgniter->run()
10 SYSTEMPATH\Commands\Server\rewrite.php(47): require_once('C:\\Users\\eliza\\OneDrive\\Documentos\\Veterinaria\\public\\index.php')
CRITICAL - 2023-11-05 22:37:45 --> Undefined variable $consulta
in APPPATH\Views\consultas\mostrar.php on line 19.
 1 APPPATH\Views\consultas\mostrar.php(19): CodeIgniter\Debug\Exceptions->errorHandler(2, 'Undefined variable $consulta', 'C:\\Users\\eliza\\OneDrive\\Documentos\\Veterinaria\\app\\Views\\consultas\\mostrar.php', 19)
 2 SYSTEMPATH\View\View.php(226): include('C:\\Users\\eliza\\OneDrive\\Documentos\\Veterinaria\\app\\Views\\consultas\\mostrar.php')
 3 SYSTEMPATH\View\View.php(229): CodeIgniter\View\View->CodeIgniter\View\{closure}()
 4 SYSTEMPATH\Common.php(1188): CodeIgniter\View\View->render('consultas/mostrar', [], true)
 5 APPPATH\Controllers\Consultas.php(22): view('consultas/mostrar')
 6 SYSTEMPATH\CodeIgniter.php(919): App\Controllers\Consultas->mostrar()
 7 SYSTEMPATH\CodeIgniter.php(494): CodeIgniter\CodeIgniter->runController(Object(App\Controllers\Consultas))
 8 SYSTEMPATH\CodeIgniter.php(353): CodeIgniter\CodeIgniter->handleRequest(null, Object(Config\Cache), false)
 9 FCPATH\index.php(79): CodeIgniter\CodeIgniter->run()
10 SYSTEMPATH\Commands\Server\rewrite.php(47): require_once('C:\\Users\\eliza\\OneDrive\\Documentos\\Veterinaria\\public\\index.php')
CRITICAL - 2023-11-05 22:37:46 --> Undefined variable $consulta
in APPPATH\Views\consultas\mostrar.php on line 19.
 1 APPPATH\Views\consultas\mostrar.php(19): CodeIgniter\Debug\Exceptions->errorHandler(2, 'Undefined variable $consulta', 'C:\\Users\\eliza\\OneDrive\\Documentos\\Veterinaria\\app\\Views\\consultas\\mostrar.php', 19)
 2 SYSTEMPATH\View\View.php(226): include('C:\\Users\\eliza\\OneDrive\\Documentos\\Veterinaria\\app\\Views\\consultas\\mostrar.php')
 3 SYSTEMPATH\View\View.php(229): CodeIgniter\View\View->CodeIgniter\View\{closure}()
 4 SYSTEMPATH\Common.php(1188): CodeIgniter\View\View->render('consultas/mostrar', [], true)
 5 APPPATH\Controllers\Consultas.php(22): view('consultas/mostrar')
 6 SYSTEMPATH\CodeIgniter.php(919): App\Controllers\Consultas->mostrar()
 7 SYSTEMPATH\CodeIgniter.php(494): CodeIgniter\CodeIgniter->runController(Object(App\Controllers\Consultas))
 8 SYSTEMPATH\CodeIgniter.php(353): CodeIgniter\CodeIgniter->handleRequest(null, Object(Config\Cache), false)
 9 FCPATH\index.php(79): CodeIgniter\CodeIgniter->run()
10 SYSTEMPATH\Commands\Server\rewrite.php(47): require_once('C:\\Users\\eliza\\OneDrive\\Documentos\\Veterinaria\\public\\index.php')
CRITICAL - 2023-11-05 22:37:46 --> Undefined variable $consulta
in APPPATH\Views\consultas\mostrar.php on line 19.
 1 APPPATH\Views\consultas\mostrar.php(19): CodeIgniter\Debug\Exceptions->errorHandler(2, 'Undefined variable $consulta', 'C:\\Users\\eliza\\OneDrive\\Documentos\\Veterinaria\\app\\Views\\consultas\\mostrar.php', 19)
 2 SYSTEMPATH\View\View.php(226): include('C:\\Users\\eliza\\OneDrive\\Documentos\\Veterinaria\\app\\Views\\consultas\\mostrar.php')
 3 SYSTEMPATH\View\View.php(229): CodeIgniter\View\View->CodeIgniter\View\{closure}()
 4 SYSTEMPATH\Common.php(1188): CodeIgniter\View\View->render('consultas/mostrar', [], true)
 5 APPPATH\Controllers\Consultas.php(22): view('consultas/mostrar')
 6 SYSTEMPATH\CodeIgniter.php(919): App\Controllers\Consultas->mostrar()
 7 SYSTEMPATH\CodeIgniter.php(494): CodeIgniter\CodeIgniter->runController(Object(App\Controllers\Consultas))
 8 SYSTEMPATH\CodeIgniter.php(353): CodeIgniter\CodeIgniter->handleRequest(null, Object(Config\Cache), false)
 9 FCPATH\index.php(79): CodeIgniter\CodeIgniter->run()
10 SYSTEMPATH\Commands\Server\rewrite.php(47): require_once('C:\\Users\\eliza\\OneDrive\\Documentos\\Veterinaria\\public\\index.php')
CRITICAL - 2023-11-05 22:37:46 --> Undefined variable $consulta
in APPPATH\Views\consultas\mostrar.php on line 19.
 1 APPPATH\Views\consultas\mostrar.php(19): CodeIgniter\Debug\Exceptions->errorHandler(2, 'Undefined variable $consulta', 'C:\\Users\\eliza\\OneDrive\\Documentos\\Veterinaria\\app\\Views\\consultas\\mostrar.php', 19)
 2 SYSTEMPATH\View\View.php(226): include('C:\\Users\\eliza\\OneDrive\\Documentos\\Veterinaria\\app\\Views\\consultas\\mostrar.php')
 3 SYSTEMPATH\View\View.php(229): CodeIgniter\View\View->CodeIgniter\View\{closure}()
 4 SYSTEMPATH\Common.php(1188): CodeIgniter\View\View->render('consultas/mostrar', [], true)
 5 APPPATH\Controllers\Consultas.php(22): view('consultas/mostrar')
 6 SYSTEMPATH\CodeIgniter.php(919): App\Controllers\Consultas->mostrar()
 7 SYSTEMPATH\CodeIgniter.php(494): CodeIgniter\CodeIgniter->runController(Object(App\Controllers\Consultas))
 8 SYSTEMPATH\CodeIgniter.php(353): CodeIgniter\CodeIgniter->handleRequest(null, Object(Config\Cache), false)
 9 FCPATH\index.php(79): CodeIgniter\CodeIgniter->run()
10 SYSTEMPATH\Commands\Server\rewrite.php(47): require_once('C:\\Users\\eliza\\OneDrive\\Documentos\\Veterinaria\\public\\index.php')
CRITICAL - 2023-11-05 22:39:51 --> Undefined variable $consultas
in APPPATH\Views\consultas\mostrar.php on line 19.
 1 APPPATH\Views\consultas\mostrar.php(19): CodeIgniter\Debug\Exceptions->errorHandler(2, 'Undefined variable $consultas', 'C:\\Users\\eliza\\OneDrive\\Documentos\\Veterinaria\\app\\Views\\consultas\\mostrar.php', 19)
 2 SYSTEMPATH\View\View.php(226): include('C:\\Users\\eliza\\OneDrive\\Documentos\\Veterinaria\\app\\Views\\consultas\\mostrar.php')
 3 SYSTEMPATH\View\View.php(229): CodeIgniter\View\View->CodeIgniter\View\{closure}()
 4 SYSTEMPATH\Common.php(1188): CodeIgniter\View\View->render('consultas/mostrar', [], true)
 5 APPPATH\Controllers\Consultas.php(22): view('consultas/mostrar')
 6 SYSTEMPATH\CodeIgniter.php(919): App\Controllers\Consultas->mostrar()
 7 SYSTEMPATH\CodeIgniter.php(494): CodeIgniter\CodeIgniter->runController(Object(App\Controllers\Consultas))
 8 SYSTEMPATH\CodeIgniter.php(353): CodeIgniter\CodeIgniter->handleRequest(null, Object(Config\Cache), false)
 9 FCPATH\index.php(79): CodeIgniter\CodeIgniter->run()
10 SYSTEMPATH\Commands\Server\rewrite.php(47): require_once('C:\\Users\\eliza\\OneDrive\\Documentos\\Veterinaria\\public\\index.php')
CRITICAL - 2023-11-05 22:39:52 --> Undefined variable $consultas
in APPPATH\Views\consultas\mostrar.php on line 19.
 1 APPPATH\Views\consultas\mostrar.php(19): CodeIgniter\Debug\Exceptions->errorHandler(2, 'Undefined variable $consultas', 'C:\\Users\\eliza\\OneDrive\\Documentos\\Veterinaria\\app\\Views\\consultas\\mostrar.php', 19)
 2 SYSTEMPATH\View\View.php(226): include('C:\\Users\\eliza\\OneDrive\\Documentos\\Veterinaria\\app\\Views\\consultas\\mostrar.php')
 3 SYSTEMPATH\View\View.php(229): CodeIgniter\View\View->CodeIgniter\View\{closure}()
 4 SYSTEMPATH\Common.php(1188): CodeIgniter\View\View->render('consultas/mostrar', [], true)
 5 APPPATH\Controllers\Consultas.php(22): view('consultas/mostrar')
 6 SYSTEMPATH\CodeIgniter.php(919): App\Controllers\Consultas->mostrar()
 7 SYSTEMPATH\CodeIgniter.php(494): CodeIgniter\CodeIgniter->runController(Object(App\Controllers\Consultas))
 8 SYSTEMPATH\CodeIgniter.php(353): CodeIgniter\CodeIgniter->handleRequest(null, Object(Config\Cache), false)
 9 FCPATH\index.php(79): CodeIgniter\CodeIgniter->run()
10 SYSTEMPATH\Commands\Server\rewrite.php(47): require_once('C:\\Users\\eliza\\OneDrive\\Documentos\\Veterinaria\\public\\index.php')
CRITICAL - 2023-11-05 22:39:53 --> Undefined variable $consultas
in APPPATH\Views\consultas\mostrar.php on line 19.
 1 APPPATH\Views\consultas\mostrar.php(19): CodeIgniter\Debug\Exceptions->errorHandler(2, 'Undefined variable $consultas', 'C:\\Users\\eliza\\OneDrive\\Documentos\\Veterinaria\\app\\Views\\consultas\\mostrar.php', 19)
 2 SYSTEMPATH\View\View.php(226): include('C:\\Users\\eliza\\OneDrive\\Documentos\\Veterinaria\\app\\Views\\consultas\\mostrar.php')
 3 SYSTEMPATH\View\View.php(229): CodeIgniter\View\View->CodeIgniter\View\{closure}()
 4 SYSTEMPATH\Common.php(1188): CodeIgniter\View\View->render('consultas/mostrar', [], true)
 5 APPPATH\Controllers\Consultas.php(22): view('consultas/mostrar')
 6 SYSTEMPATH\CodeIgniter.php(919): App\Controllers\Consultas->mostrar()
 7 SYSTEMPATH\CodeIgniter.php(494): CodeIgniter\CodeIgniter->runController(Object(App\Controllers\Consultas))
 8 SYSTEMPATH\CodeIgniter.php(353): CodeIgniter\CodeIgniter->handleRequest(null, Object(Config\Cache), false)
 9 FCPATH\index.php(79): CodeIgniter\CodeIgniter->run()
10 SYSTEMPATH\Commands\Server\rewrite.php(47): require_once('C:\\Users\\eliza\\OneDrive\\Documentos\\Veterinaria\\public\\index.php')
CRITICAL - 2023-11-05 22:39:53 --> Undefined variable $consultas
in APPPATH\Views\consultas\mostrar.php on line 19.
 1 APPPATH\Views\consultas\mostrar.php(19): CodeIgniter\Debug\Exceptions->errorHandler(2, 'Undefined variable $consultas', 'C:\\Users\\eliza\\OneDrive\\Documentos\\Veterinaria\\app\\Views\\consultas\\mostrar.php', 19)
 2 SYSTEMPATH\View\View.php(226): include('C:\\Users\\eliza\\OneDrive\\Documentos\\Veterinaria\\app\\Views\\consultas\\mostrar.php')
 3 SYSTEMPATH\View\View.php(229): CodeIgniter\View\View->CodeIgniter\View\{closure}()
 4 SYSTEMPATH\Common.php(1188): CodeIgniter\View\View->render('consultas/mostrar', [], true)
 5 APPPATH\Controllers\Consultas.php(22): view('consultas/mostrar')
 6 SYSTEMPATH\CodeIgniter.php(919): App\Controllers\Consultas->mostrar()
 7 SYSTEMPATH\CodeIgniter.php(494): CodeIgniter\CodeIgniter->runController(Object(App\Controllers\Consultas))
 8 SYSTEMPATH\CodeIgniter.php(353): CodeIgniter\CodeIgniter->handleRequest(null, Object(Config\Cache), false)
 9 FCPATH\index.php(79): CodeIgniter\CodeIgniter->run()
10 SYSTEMPATH\Commands\Server\rewrite.php(47): require_once('C:\\Users\\eliza\\OneDrive\\Documentos\\Veterinaria\\public\\index.php')
CRITICAL - 2023-11-05 22:41:00 --> Undefined variable $consultas
in APPPATH\Views\consultas\mostrar.php on line 19.
 1 APPPATH\Views\consultas\mostrar.php(19): CodeIgniter\Debug\Exceptions->errorHandler(2, 'Undefined variable $consultas', 'C:\\Users\\eliza\\OneDrive\\Documentos\\Veterinaria\\app\\Views\\consultas\\mostrar.php', 19)
 2 SYSTEMPATH\View\View.php(226): include('C:\\Users\\eliza\\OneDrive\\Documentos\\Veterinaria\\app\\Views\\consultas\\mostrar.php')
 3 SYSTEMPATH\View\View.php(229): CodeIgniter\View\View->CodeIgniter\View\{closure}()
 4 SYSTEMPATH\Common.php(1188): CodeIgniter\View\View->render('consultas/mostrar', [], true)
 5 APPPATH\Controllers\Consultas.php(22): view('consultas/mostrar')
 6 SYSTEMPATH\CodeIgniter.php(919): App\Controllers\Consultas->mostrar()
 7 SYSTEMPATH\CodeIgniter.php(494): CodeIgniter\CodeIgniter->runController(Object(App\Controllers\Consultas))
 8 SYSTEMPATH\CodeIgniter.php(353): CodeIgniter\CodeIgniter->handleRequest(null, Object(Config\Cache), false)
 9 FCPATH\index.php(79): CodeIgniter\CodeIgniter->run()
10 SYSTEMPATH\Commands\Server\rewrite.php(47): require_once('C:\\Users\\eliza\\OneDrive\\Documentos\\Veterinaria\\public\\index.php')
CRITICAL - 2023-11-05 22:41:01 --> Undefined variable $consultas
in APPPATH\Views\consultas\mostrar.php on line 19.
 1 APPPATH\Views\consultas\mostrar.php(19): CodeIgniter\Debug\Exceptions->errorHandler(2, 'Undefined variable $consultas', 'C:\\Users\\eliza\\OneDrive\\Documentos\\Veterinaria\\app\\Views\\consultas\\mostrar.php', 19)
 2 SYSTEMPATH\View\View.php(226): include('C:\\Users\\eliza\\OneDrive\\Documentos\\Veterinaria\\app\\Views\\consultas\\mostrar.php')
 3 SYSTEMPATH\View\View.php(229): CodeIgniter\View\View->CodeIgniter\View\{closure}()
 4 SYSTEMPATH\Common.php(1188): CodeIgniter\View\View->render('consultas/mostrar', [], true)
 5 APPPATH\Controllers\Consultas.php(22): view('consultas/mostrar')
 6 SYSTEMPATH\CodeIgniter.php(919): App\Controllers\Consultas->mostrar()
 7 SYSTEMPATH\CodeIgniter.php(494): CodeIgniter\CodeIgniter->runController(Object(App\Controllers\Consultas))
 8 SYSTEMPATH\CodeIgniter.php(353): CodeIgniter\CodeIgniter->handleRequest(null, Object(Config\Cache), false)
 9 FCPATH\index.php(79): CodeIgniter\CodeIgniter->run()
10 SYSTEMPATH\Commands\Server\rewrite.php(47): require_once('C:\\Users\\eliza\\OneDrive\\Documentos\\Veterinaria\\public\\index.php')
CRITICAL - 2023-11-05 22:41:19 --> Undefined variable $consultas
in APPPATH\Views\consultas\mostrar.php on line 19.
 1 APPPATH\Views\consultas\mostrar.php(19): CodeIgniter\Debug\Exceptions->errorHandler(2, 'Undefined variable $consultas', 'C:\\Users\\eliza\\OneDrive\\Documentos\\Veterinaria\\app\\Views\\consultas\\mostrar.php', 19)
 2 SYSTEMPATH\View\View.php(226): include('C:\\Users\\eliza\\OneDrive\\Documentos\\Veterinaria\\app\\Views\\consultas\\mostrar.php')
 3 SYSTEMPATH\View\View.php(229): CodeIgniter\View\View->CodeIgniter\View\{closure}()
 4 SYSTEMPATH\Common.php(1188): CodeIgniter\View\View->render('consultas/mostrar', [], true)
 5 APPPATH\Controllers\Consultas.php(22): view('consultas/mostrar')
 6 SYSTEMPATH\CodeIgniter.php(919): App\Controllers\Consultas->mostrar()
 7 SYSTEMPATH\CodeIgniter.php(494): CodeIgniter\CodeIgniter->runController(Object(App\Controllers\Consultas))
 8 SYSTEMPATH\CodeIgniter.php(353): CodeIgniter\CodeIgniter->handleRequest(null, Object(Config\Cache), false)
 9 FCPATH\index.php(79): CodeIgniter\CodeIgniter->run()
10 SYSTEMPATH\Commands\Server\rewrite.php(47): require_once('C:\\Users\\eliza\\OneDrive\\Documentos\\Veterinaria\\public\\index.php')
CRITICAL - 2023-11-05 22:43:17 --> Undefined variable $consultas
in APPPATH\Views\consultas\mostrar.php on line 19.
 1 APPPATH\Views\consultas\mostrar.php(19): CodeIgniter\Debug\Exceptions->errorHandler(2, 'Undefined variable $consultas', 'C:\\Users\\eliza\\OneDrive\\Documentos\\Veterinaria\\app\\Views\\consultas\\mostrar.php', 19)
 2 SYSTEMPATH\View\View.php(226): include('C:\\Users\\eliza\\OneDrive\\Documentos\\Veterinaria\\app\\Views\\consultas\\mostrar.php')
 3 SYSTEMPATH\View\View.php(229): CodeIgniter\View\View->CodeIgniter\View\{closure}()
 4 SYSTEMPATH\Common.php(1188): CodeIgniter\View\View->render('consultas/mostrar', [], true)
 5 APPPATH\Controllers\Consultas.php(22): view('consultas/mostrar')
 6 SYSTEMPATH\CodeIgniter.php(919): App\Controllers\Consultas->mostrar()
 7 SYSTEMPATH\CodeIgniter.php(494): CodeIgniter\CodeIgniter->runController(Object(App\Controllers\Consultas))
 8 SYSTEMPATH\CodeIgniter.php(353): CodeIgniter\CodeIgniter->handleRequest(null, Object(Config\Cache), false)
 9 FCPATH\index.php(79): CodeIgniter\CodeIgniter->run()
10 SYSTEMPATH\Commands\Server\rewrite.php(47): require_once('C:\\Users\\eliza\\OneDrive\\Documentos\\Veterinaria\\public\\index.php')
CRITICAL - 2023-11-05 22:43:18 --> Undefined variable $consultas
in APPPATH\Views\consultas\mostrar.php on line 19.
 1 APPPATH\Views\consultas\mostrar.php(19): CodeIgniter\Debug\Exceptions->errorHandler(2, 'Undefined variable $consultas', 'C:\\Users\\eliza\\OneDrive\\Documentos\\Veterinaria\\app\\Views\\consultas\\mostrar.php', 19)
 2 SYSTEMPATH\View\View.php(226): include('C:\\Users\\eliza\\OneDrive\\Documentos\\Veterinaria\\app\\Views\\consultas\\mostrar.php')
 3 SYSTEMPATH\View\View.php(229): CodeIgniter\View\View->CodeIgniter\View\{closure}()
 4 SYSTEMPATH\Common.php(1188): CodeIgniter\View\View->render('consultas/mostrar', [], true)
 5 APPPATH\Controllers\Consultas.php(22): view('consultas/mostrar')
 6 SYSTEMPATH\CodeIgniter.php(919): App\Controllers\Consultas->mostrar()
 7 SYSTEMPATH\CodeIgniter.php(494): CodeIgniter\CodeIgniter->runController(Object(App\Controllers\Consultas))
 8 SYSTEMPATH\CodeIgniter.php(353): CodeIgniter\CodeIgniter->handleRequest(null, Object(Config\Cache), false)
 9 FCPATH\index.php(79): CodeIgniter\CodeIgniter->run()
10 SYSTEMPATH\Commands\Server\rewrite.php(47): require_once('C:\\Users\\eliza\\OneDrive\\Documentos\\Veterinaria\\public\\index.php')
CRITICAL - 2023-11-05 22:43:18 --> Undefined variable $consultas
in APPPATH\Views\consultas\mostrar.php on line 19.
 1 APPPATH\Views\consultas\mostrar.php(19): CodeIgniter\Debug\Exceptions->errorHandler(2, 'Undefined variable $consultas', 'C:\\Users\\eliza\\OneDrive\\Documentos\\Veterinaria\\app\\Views\\consultas\\mostrar.php', 19)
 2 SYSTEMPATH\View\View.php(226): include('C:\\Users\\eliza\\OneDrive\\Documentos\\Veterinaria\\app\\Views\\consultas\\mostrar.php')
 3 SYSTEMPATH\View\View.php(229): CodeIgniter\View\View->CodeIgniter\View\{closure}()
 4 SYSTEMPATH\Common.php(1188): CodeIgniter\View\View->render('consultas/mostrar', [], true)
 5 APPPATH\Controllers\Consultas.php(22): view('consultas/mostrar')
 6 SYSTEMPATH\CodeIgniter.php(919): App\Controllers\Consultas->mostrar()
 7 SYSTEMPATH\CodeIgniter.php(494): CodeIgniter\CodeIgniter->runController(Object(App\Controllers\Consultas))
 8 SYSTEMPATH\CodeIgniter.php(353): CodeIgniter\CodeIgniter->handleRequest(null, Object(Config\Cache), false)
 9 FCPATH\index.php(79): CodeIgniter\CodeIgniter->run()
10 SYSTEMPATH\Commands\Server\rewrite.php(47): require_once('C:\\Users\\eliza\\OneDrive\\Documentos\\Veterinaria\\public\\index.php')
CRITICAL - 2023-11-05 22:43:19 --> Undefined variable $consultas
in APPPATH\Views\consultas\mostrar.php on line 19.
 1 APPPATH\Views\consultas\mostrar.php(19): CodeIgniter\Debug\Exceptions->errorHandler(2, 'Undefined variable $consultas', 'C:\\Users\\eliza\\OneDrive\\Documentos\\Veterinaria\\app\\Views\\consultas\\mostrar.php', 19)
 2 SYSTEMPATH\View\View.php(226): include('C:\\Users\\eliza\\OneDrive\\Documentos\\Veterinaria\\app\\Views\\consultas\\mostrar.php')
 3 SYSTEMPATH\View\View.php(229): CodeIgniter\View\View->CodeIgniter\View\{closure}()
 4 SYSTEMPATH\Common.php(1188): CodeIgniter\View\View->render('consultas/mostrar', [], true)
 5 APPPATH\Controllers\Consultas.php(22): view('consultas/mostrar')
 6 SYSTEMPATH\CodeIgniter.php(919): App\Controllers\Consultas->mostrar()
 7 SYSTEMPATH\CodeIgniter.php(494): CodeIgniter\CodeIgniter->runController(Object(App\Controllers\Consultas))
 8 SYSTEMPATH\CodeIgniter.php(353): CodeIgniter\CodeIgniter->handleRequest(null, Object(Config\Cache), false)
 9 FCPATH\index.php(79): CodeIgniter\CodeIgniter->run()
10 SYSTEMPATH\Commands\Server\rewrite.php(47): require_once('C:\\Users\\eliza\\OneDrive\\Documentos\\Veterinaria\\public\\index.php')
CRITICAL - 2023-11-05 22:44:19 --> Undefined variable $consultas
in APPPATH\Views\consultas\mostrar.php on line 19.
 1 APPPATH\Views\consultas\mostrar.php(19): CodeIgniter\Debug\Exceptions->errorHandler(2, 'Undefined variable $consultas', 'C:\\Users\\eliza\\OneDrive\\Documentos\\Veterinaria\\app\\Views\\consultas\\mostrar.php', 19)
 2 SYSTEMPATH\View\View.php(226): include('C:\\Users\\eliza\\OneDrive\\Documentos\\Veterinaria\\app\\Views\\consultas\\mostrar.php')
 3 SYSTEMPATH\View\View.php(229): CodeIgniter\View\View->CodeIgniter\View\{closure}()
 4 SYSTEMPATH\Common.php(1188): CodeIgniter\View\View->render('consultas/mostrar', [], true)
 5 APPPATH\Controllers\Consultas.php(22): view('consultas/mostrar')
 6 SYSTEMPATH\CodeIgniter.php(919): App\Controllers\Consultas->mostrar()
 7 SYSTEMPATH\CodeIgniter.php(494): CodeIgniter\CodeIgniter->runController(Object(App\Controllers\Consultas))
 8 SYSTEMPATH\CodeIgniter.php(353): CodeIgniter\CodeIgniter->handleRequest(null, Object(Config\Cache), false)
 9 FCPATH\index.php(79): CodeIgniter\CodeIgniter->run()
10 SYSTEMPATH\Commands\Server\rewrite.php(47): require_once('C:\\Users\\eliza\\OneDrive\\Documentos\\Veterinaria\\public\\index.php')
CRITICAL - 2023-11-05 22:44:20 --> Undefined variable $consultas
in APPPATH\Views\consultas\mostrar.php on line 19.
 1 APPPATH\Views\consultas\mostrar.php(19): CodeIgniter\Debug\Exceptions->errorHandler(2, 'Undefined variable $consultas', 'C:\\Users\\eliza\\OneDrive\\Documentos\\Veterinaria\\app\\Views\\consultas\\mostrar.php', 19)
 2 SYSTEMPATH\View\View.php(226): include('C:\\Users\\eliza\\OneDrive\\Documentos\\Veterinaria\\app\\Views\\consultas\\mostrar.php')
 3 SYSTEMPATH\View\View.php(229): CodeIgniter\View\View->CodeIgniter\View\{closure}()
 4 SYSTEMPATH\Common.php(1188): CodeIgniter\View\View->render('consultas/mostrar', [], true)
 5 APPPATH\Controllers\Consultas.php(22): view('consultas/mostrar')
 6 SYSTEMPATH\CodeIgniter.php(919): App\Controllers\Consultas->mostrar()
 7 SYSTEMPATH\CodeIgniter.php(494): CodeIgniter\CodeIgniter->runController(Object(App\Controllers\Consultas))
 8 SYSTEMPATH\CodeIgniter.php(353): CodeIgniter\CodeIgniter->handleRequest(null, Object(Config\Cache), false)
 9 FCPATH\index.php(79): CodeIgniter\CodeIgniter->run()
10 SYSTEMPATH\Commands\Server\rewrite.php(47): require_once('C:\\Users\\eliza\\OneDrive\\Documentos\\Veterinaria\\public\\index.php')
CRITICAL - 2023-11-05 22:44:20 --> Undefined variable $consultas
in APPPATH\Views\consultas\mostrar.php on line 19.
 1 APPPATH\Views\consultas\mostrar.php(19): CodeIgniter\Debug\Exceptions->errorHandler(2, 'Undefined variable $consultas', 'C:\\Users\\eliza\\OneDrive\\Documentos\\Veterinaria\\app\\Views\\consultas\\mostrar.php', 19)
 2 SYSTEMPATH\View\View.php(226): include('C:\\Users\\eliza\\OneDrive\\Documentos\\Veterinaria\\app\\Views\\consultas\\mostrar.php')
 3 SYSTEMPATH\View\View.php(229): CodeIgniter\View\View->CodeIgniter\View\{closure}()
 4 SYSTEMPATH\Common.php(1188): CodeIgniter\View\View->render('consultas/mostrar', [], true)
 5 APPPATH\Controllers\Consultas.php(22): view('consultas/mostrar')
 6 SYSTEMPATH\CodeIgniter.php(919): App\Controllers\Consultas->mostrar()
 7 SYSTEMPATH\CodeIgniter.php(494): CodeIgniter\CodeIgniter->runController(Object(App\Controllers\Consultas))
 8 SYSTEMPATH\CodeIgniter.php(353): CodeIgniter\CodeIgniter->handleRequest(null, Object(Config\Cache), false)
 9 FCPATH\index.php(79): CodeIgniter\CodeIgniter->run()
10 SYSTEMPATH\Commands\Server\rewrite.php(47): require_once('C:\\Users\\eliza\\OneDrive\\Documentos\\Veterinaria\\public\\index.php')
CRITICAL - 2023-11-05 22:44:21 --> Undefined variable $consultas
in APPPATH\Views\consultas\mostrar.php on line 19.
 1 APPPATH\Views\consultas\mostrar.php(19): CodeIgniter\Debug\Exceptions->errorHandler(2, 'Undefined variable $consultas', 'C:\\Users\\eliza\\OneDrive\\Documentos\\Veterinaria\\app\\Views\\consultas\\mostrar.php', 19)
 2 SYSTEMPATH\View\View.php(226): include('C:\\Users\\eliza\\OneDrive\\Documentos\\Veterinaria\\app\\Views\\consultas\\mostrar.php')
 3 SYSTEMPATH\View\View.php(229): CodeIgniter\View\View->CodeIgniter\View\{closure}()
 4 SYSTEMPATH\Common.php(1188): CodeIgniter\View\View->render('consultas/mostrar', [], true)
 5 APPPATH\Controllers\Consultas.php(22): view('consultas/mostrar')
 6 SYSTEMPATH\CodeIgniter.php(919): App\Controllers\Consultas->mostrar()
 7 SYSTEMPATH\CodeIgniter.php(494): CodeIgniter\CodeIgniter->runController(Object(App\Controllers\Consultas))
 8 SYSTEMPATH\CodeIgniter.php(353): CodeIgniter\CodeIgniter->handleRequest(null, Object(Config\Cache), false)
 9 FCPATH\index.php(79): CodeIgniter\CodeIgniter->run()
10 SYSTEMPATH\Commands\Server\rewrite.php(47): require_once('C:\\Users\\eliza\\OneDrive\\Documentos\\Veterinaria\\public\\index.php')
CRITICAL - 2023-11-05 22:44:22 --> Undefined variable $consultas
in APPPATH\Views\consultas\mostrar.php on line 19.
 1 APPPATH\Views\consultas\mostrar.php(19): CodeIgniter\Debug\Exceptions->errorHandler(2, 'Undefined variable $consultas', 'C:\\Users\\eliza\\OneDrive\\Documentos\\Veterinaria\\app\\Views\\consultas\\mostrar.php', 19)
 2 SYSTEMPATH\View\View.php(226): include('C:\\Users\\eliza\\OneDrive\\Documentos\\Veterinaria\\app\\Views\\consultas\\mostrar.php')
 3 SYSTEMPATH\View\View.php(229): CodeIgniter\View\View->CodeIgniter\View\{closure}()
 4 SYSTEMPATH\Common.php(1188): CodeIgniter\View\View->render('consultas/mostrar', [], true)
 5 APPPATH\Controllers\Consultas.php(22): view('consultas/mostrar')
 6 SYSTEMPATH\CodeIgniter.php(919): App\Controllers\Consultas->mostrar()
 7 SYSTEMPATH\CodeIgniter.php(494): CodeIgniter\CodeIgniter->runController(Object(App\Controllers\Consultas))
 8 SYSTEMPATH\CodeIgniter.php(353): CodeIgniter\CodeIgniter->handleRequest(null, Object(Config\Cache), false)
 9 FCPATH\index.php(79): CodeIgniter\CodeIgniter->run()
10 SYSTEMPATH\Commands\Server\rewrite.php(47): require_once('C:\\Users\\eliza\\OneDrive\\Documentos\\Veterinaria\\public\\index.php')
CRITICAL - 2023-11-05 22:47:35 --> Undefined variable $mascotaModel
in APPPATH\Controllers\Consultas.php on line 16.
 1 APPPATH\Controllers\Consultas.php(16): CodeIgniter\Debug\Exceptions->errorHandler(2, 'Undefined variable $mascotaModel', 'C:\\Users\\eliza\\OneDrive\\Documentos\\Veterinaria\\app\\Controllers\\Consultas.php', 16)
 2 SYSTEMPATH\CodeIgniter.php(919): App\Controllers\Consultas->mostrar()
 3 SYSTEMPATH\CodeIgniter.php(494): CodeIgniter\CodeIgniter->runController(Object(App\Controllers\Consultas))
 4 SYSTEMPATH\CodeIgniter.php(353): CodeIgniter\CodeIgniter->handleRequest(null, Object(Config\Cache), false)
 5 FCPATH\index.php(79): CodeIgniter\CodeIgniter->run()
 6 SYSTEMPATH\Commands\Server\rewrite.php(47): require_once('C:\\Users\\eliza\\OneDrive\\Documentos\\Veterinaria\\public\\index.php')
CRITICAL - 2023-11-05 22:48:17 --> Call to a member function findAll() on null
in APPPATH\Controllers\Consultas.php on line 29.
 1 SYSTEMPATH\CodeIgniter.php(919): App\Controllers\Consultas->agregar()
 2 SYSTEMPATH\CodeIgniter.php(494): CodeIgniter\CodeIgniter->runController(Object(App\Controllers\Consultas))
 3 SYSTEMPATH\CodeIgniter.php(353): CodeIgniter\CodeIgniter->handleRequest(null, Object(Config\Cache), false)
 4 FCPATH\index.php(79): CodeIgniter\CodeIgniter->run()
 5 SYSTEMPATH\Commands\Server\rewrite.php(47): require_once('C:\\Users\\eliza\\OneDrive\\Documentos\\Veterinaria\\public\\index.php')
